[2022-12-20 08:39:55,905] {taskinstance.py:1159} INFO - Dependencies all met for <TaskInstance: FirstDAG.task scheduled__2022-12-20T07:00:00+00:00 [queued]>
[2022-12-20 08:39:55,937] {taskinstance.py:1159} INFO - Dependencies all met for <TaskInstance: FirstDAG.task scheduled__2022-12-20T07:00:00+00:00 [queued]>
[2022-12-20 08:39:55,937] {taskinstance.py:1356} INFO - 
--------------------------------------------------------------------------------
[2022-12-20 08:39:55,937] {taskinstance.py:1357} INFO - Starting attempt 1 of 1
[2022-12-20 08:39:55,937] {taskinstance.py:1358} INFO - 
--------------------------------------------------------------------------------
[2022-12-20 08:39:55,970] {taskinstance.py:1377} INFO - Executing <Task(PythonOperator): task> on 2022-12-20 07:00:00+00:00
[2022-12-20 08:39:55,977] {standard_task_runner.py:52} INFO - Started process 216 to run task
[2022-12-20 08:39:55,983] {standard_task_runner.py:79} INFO - Running: ['***', 'tasks', 'run', 'FirstDAG', 'task', 'scheduled__2022-12-20T07:00:00+00:00', '--job-id', '3', '--raw', '--subdir', 'DAGS_FOLDER/test.py', '--cfg-path', '/tmp/tmpuv18nbfx', '--error-file', '/tmp/tmp8eh_niyq']
[2022-12-20 08:39:55,984] {standard_task_runner.py:80} INFO - Job 3: Subtask task
[2022-12-20 08:39:56,137] {task_command.py:369} INFO - Running <TaskInstance: FirstDAG.task scheduled__2022-12-20T07:00:00+00:00 [running]> on host 800c7fb31dfc
[2022-12-20 08:39:56,282] {taskinstance.py:1571} INFO - Exporting the following env vars:
AIRFLOW_CTX_DAG_OWNER=***
AIRFLOW_CTX_DAG_ID=FirstDAG
AIRFLOW_CTX_TASK_ID=task
AIRFLOW_CTX_EXECUTION_DATE=2022-12-20T07:00:00+00:00
AIRFLOW_CTX_TRY_NUMBER=1
AIRFLOW_CTX_DAG_RUN_ID=scheduled__2022-12-20T07:00:00+00:00
[2022-12-20 08:39:56,283] {logging_mixin.py:115} INFO - First DAG executed Successfully!!
[2022-12-20 08:39:56,284] {python.py:173} INFO - Done. Returned value was: None
[2022-12-20 08:39:56,310] {taskinstance.py:1400} INFO - Marking task as SUCCESS. dag_id=FirstDAG, task_id=task, execution_date=20221220T070000, start_date=20221220T083955, end_date=20221220T083956
[2022-12-20 08:39:56,359] {local_task_job.py:156} INFO - Task exited with return code 0
[2022-12-20 08:39:56,436] {local_task_job.py:273} INFO - 0 downstream tasks scheduled from follow-on schedule check
