[2022-12-20T15:27:42.381+0000] {taskinstance.py:1087} INFO - Dependencies all met for <TaskInstance: co2balance.ExtractData manual__2022-12-20T15:27:39.939210+00:00 [queued]>
[2022-12-20T15:27:42.419+0000] {taskinstance.py:1087} INFO - Dependencies all met for <TaskInstance: co2balance.ExtractData manual__2022-12-20T15:27:39.939210+00:00 [queued]>
[2022-12-20T15:27:42.419+0000] {taskinstance.py:1283} INFO - 
--------------------------------------------------------------------------------
[2022-12-20T15:27:42.424+0000] {taskinstance.py:1284} INFO - Starting attempt 1 of 1
[2022-12-20T15:27:42.424+0000] {taskinstance.py:1285} INFO - 
--------------------------------------------------------------------------------
[2022-12-20T15:27:42.483+0000] {taskinstance.py:1304} INFO - Executing <Task(PythonOperator): ExtractData> on 2022-12-20 15:27:39.939210+00:00
[2022-12-20T15:27:42.501+0000] {standard_task_runner.py:55} INFO - Started process 4487 to run task
[2022-12-20T15:27:42.513+0000] {standard_task_runner.py:82} INFO - Running: ['***', 'tasks', 'run', 'co2balance', 'ExtractData', 'manual__2022-12-20T15:27:39.939210+00:00', '--job-id', '47', '--raw', '--subdir', 'DAGS_FOLDER/co2balance.py', '--cfg-path', '/tmp/tmpj20yk74a']
[2022-12-20T15:27:42.516+0000] {standard_task_runner.py:83} INFO - Job 47: Subtask ExtractData
[2022-12-20T15:27:42.700+0000] {task_command.py:389} INFO - Running <TaskInstance: co2balance.ExtractData manual__2022-12-20T15:27:39.939210+00:00 [running]> on host 1a27c7ed0719
[2022-12-20T15:27:42.832+0000] {taskinstance.py:1513} INFO - Exporting the following env vars:
AIRFLOW_CTX_DAG_OWNER=CO2balance
AIRFLOW_CTX_DAG_ID=co2balance
AIRFLOW_CTX_TASK_ID=ExtractData
AIRFLOW_CTX_EXECUTION_DATE=2022-12-20T15:27:39.939210+00:00
AIRFLOW_CTX_TRY_NUMBER=1
AIRFLOW_CTX_DAG_RUN_ID=manual__2022-12-20T15:27:39.939210+00:00
[2022-12-20T15:27:43.404+0000] {clean_project_file.py:121} INFO - Raw Data read from excel file completed successfully
[2022-12-20T15:27:43.793+0000] {clean_project_file.py:127} INFO - Data Extraction to excel file successfully
[2022-12-20T15:27:43.812+0000] {python.py:177} INFO - Done. Returned value was: None
[2022-12-20T15:27:43.827+0000] {taskinstance.py:1327} INFO - Marking task as SUCCESS. dag_id=co2balance, task_id=ExtractData, execution_date=20221220T152739, start_date=20221220T152742, end_date=20221220T152743
[2022-12-20T15:27:43.891+0000] {local_task_job.py:159} INFO - Task exited with return code 0
[2022-12-20T15:27:43.922+0000] {taskinstance.py:2582} INFO - 0 downstream tasks scheduled from follow-on schedule check
