[2022-12-22T13:56:11.062+0000] {taskinstance.py:1087} INFO - Dependencies all met for <TaskInstance: co2balance.RunAPIService manual__2022-12-22T13:55:51.696582+00:00 [queued]>
[2022-12-22T13:56:11.083+0000] {taskinstance.py:1087} INFO - Dependencies all met for <TaskInstance: co2balance.RunAPIService manual__2022-12-22T13:55:51.696582+00:00 [queued]>
[2022-12-22T13:56:11.083+0000] {taskinstance.py:1283} INFO - 
--------------------------------------------------------------------------------
[2022-12-22T13:56:11.083+0000] {taskinstance.py:1284} INFO - Starting attempt 1 of 1
[2022-12-22T13:56:11.083+0000] {taskinstance.py:1285} INFO - 
--------------------------------------------------------------------------------
[2022-12-22T13:56:11.122+0000] {taskinstance.py:1304} INFO - Executing <Task(PythonOperator): RunAPIService> on 2022-12-22 13:55:51.696582+00:00
[2022-12-22T13:56:11.131+0000] {standard_task_runner.py:55} INFO - Started process 12428 to run task
[2022-12-22T13:56:11.137+0000] {standard_task_runner.py:82} INFO - Running: ['***', 'tasks', 'run', 'co2balance', 'RunAPIService', 'manual__2022-12-22T13:55:51.696582+00:00', '--job-id', '121', '--raw', '--subdir', 'DAGS_FOLDER/co2balance.py', '--cfg-path', '/tmp/tmps9znt_ua']
[2022-12-22T13:56:11.140+0000] {standard_task_runner.py:83} INFO - Job 121: Subtask RunAPIService
[2022-12-22T13:56:11.349+0000] {task_command.py:389} INFO - Running <TaskInstance: co2balance.RunAPIService manual__2022-12-22T13:55:51.696582+00:00 [running]> on host 1a27c7ed0719
[2022-12-22T13:56:11.537+0000] {taskinstance.py:1513} INFO - Exporting the following env vars:
AIRFLOW_CTX_DAG_OWNER=CO2balance
AIRFLOW_CTX_DAG_ID=co2balance
AIRFLOW_CTX_TASK_ID=RunAPIService
AIRFLOW_CTX_EXECUTION_DATE=2022-12-22T13:55:51.696582+00:00
AIRFLOW_CTX_TRY_NUMBER=1
AIRFLOW_CTX_DAG_RUN_ID=manual__2022-12-22T13:55:51.696582+00:00
[2022-12-22T13:56:11.756+0000] {logging_mixin.py:137} WARNING - INFO:     Started server process [12428]
[2022-12-22T13:56:11.756+0000] {logging_mixin.py:137} WARNING - INFO:     Waiting for application startup.
[2022-12-22T13:56:11.757+0000] {logging_mixin.py:137} WARNING - INFO:     Application startup complete.
[2022-12-22T13:56:11.757+0000] {logging_mixin.py:137} WARNING - INFO:     Uvicorn running on http://127.0.0.1:8000 (Press CTRL+C to quit)
[2022-12-22T14:06:26.230+0000] {local_task_job.py:224} WARNING - State of this instance has been externally set to removed. Terminating instance.
[2022-12-22T14:06:26.235+0000] {process_utils.py:133} INFO - Sending Signals.SIGTERM to group 12428. PIDs of all processes in the group: [12428]
[2022-12-22T14:06:26.235+0000] {process_utils.py:84} INFO - Sending the signal Signals.SIGTERM to group 12428
[2022-12-22T14:06:26.328+0000] {logging_mixin.py:137} WARNING - INFO:     Shutting down
[2022-12-22T14:06:26.429+0000] {logging_mixin.py:137} WARNING - INFO:     Waiting for application shutdown.
[2022-12-22T14:06:26.429+0000] {logging_mixin.py:137} WARNING - INFO:     Application shutdown complete.
[2022-12-22T14:06:26.429+0000] {logging_mixin.py:137} WARNING - INFO:     Finished server process [12428]
[2022-12-22T14:06:26.430+0000] {python.py:177} INFO - Done. Returned value was: None
[2022-12-22T14:06:26.462+0000] {taskinstance.py:1327} INFO - Marking task as SUCCESS. dag_id=co2balance, task_id=RunAPIService, execution_date=20221222T135551, start_date=20221222T135611, end_date=20221222T140626
[2022-12-22T14:06:26.529+0000] {process_utils.py:79} INFO - Process psutil.Process(pid=12428, status='terminated', exitcode=0, started='13:56:11') (12428) terminated with exit code 0
