[2022-12-22T11:16:11.170+0000] {taskinstance.py:1087} INFO - Dependencies all met for <TaskInstance: co2balance.LoadProjectBase manual__2022-12-22T11:15:56.874446+00:00 [queued]>
[2022-12-22T11:16:11.183+0000] {taskinstance.py:1087} INFO - Dependencies all met for <TaskInstance: co2balance.LoadProjectBase manual__2022-12-22T11:15:56.874446+00:00 [queued]>
[2022-12-22T11:16:11.183+0000] {taskinstance.py:1283} INFO - 
--------------------------------------------------------------------------------
[2022-12-22T11:16:11.183+0000] {taskinstance.py:1284} INFO - Starting attempt 1 of 1
[2022-12-22T11:16:11.184+0000] {taskinstance.py:1285} INFO - 
--------------------------------------------------------------------------------
[2022-12-22T11:16:11.204+0000] {taskinstance.py:1304} INFO - Executing <Task(PythonOperator): LoadProjectBase> on 2022-12-22 11:15:56.874446+00:00
[2022-12-22T11:16:11.213+0000] {standard_task_runner.py:55} INFO - Started process 4629 to run task
[2022-12-22T11:16:11.216+0000] {standard_task_runner.py:82} INFO - Running: ['***', 'tasks', 'run', 'co2balance', 'LoadProjectBase', 'manual__2022-12-22T11:15:56.874446+00:00', '--job-id', '107', '--raw', '--subdir', 'DAGS_FOLDER/co2balance.py', '--cfg-path', '/tmp/tmphukbl1d5']
[2022-12-22T11:16:11.218+0000] {standard_task_runner.py:83} INFO - Job 107: Subtask LoadProjectBase
[2022-12-22T11:16:11.341+0000] {task_command.py:389} INFO - Running <TaskInstance: co2balance.LoadProjectBase manual__2022-12-22T11:15:56.874446+00:00 [running]> on host 1a27c7ed0719
[2022-12-22T11:16:11.480+0000] {taskinstance.py:1513} INFO - Exporting the following env vars:
AIRFLOW_CTX_DAG_OWNER=CO2balance
AIRFLOW_CTX_DAG_ID=co2balance
AIRFLOW_CTX_TASK_ID=LoadProjectBase
AIRFLOW_CTX_EXECUTION_DATE=2022-12-22T11:15:56.874446+00:00
AIRFLOW_CTX_TRY_NUMBER=1
AIRFLOW_CTX_DAG_RUN_ID=manual__2022-12-22T11:15:56.874446+00:00
[2022-12-22T11:16:11.970+0000] {logging_mixin.py:137} INFO - Country data inserted into database
[2022-12-22T11:16:11.987+0000] {logging_mixin.py:137} INFO - Project data inserted into database
[2022-12-22T11:16:11.996+0000] {project_base.py:42} INFO - enumerator data inserted into database
[2022-12-22T11:16:11.997+0000] {project_base.py:50} INFO - 84 enumerator data inserted into database
[2022-12-22T11:16:12.011+0000] {project_base.py:78} INFO - Region data inserted into database
[2022-12-22T11:16:12.011+0000] {project_base.py:50} INFO - 2 region data inserted into database
[2022-12-22T11:16:12.036+0000] {project_base.py:122} INFO - Village data inserted into database
[2022-12-22T11:16:12.037+0000] {project_base.py:50} INFO - 16 village data inserted into database
[2022-12-22T11:16:12.044+0000] {project_base.py:175} INFO - Fuel type data inserted into database
[2022-12-22T11:16:12.045+0000] {project_base.py:50} INFO - 4 fuel_type data inserted into database
[2022-12-22T11:16:12.127+0000] {python.py:177} INFO - Done. Returned value was: None
[2022-12-22T11:16:12.162+0000] {taskinstance.py:1327} INFO - Marking task as SUCCESS. dag_id=co2balance, task_id=LoadProjectBase, execution_date=20221222T111556, start_date=20221222T111611, end_date=20221222T111612
[2022-12-22T11:16:12.231+0000] {local_task_job.py:159} INFO - Task exited with return code 0
[2022-12-22T11:16:12.308+0000] {taskinstance.py:2582} INFO - 1 downstream tasks scheduled from follow-on schedule check
