[2022-12-21T00:00:14.249+0000] {processor.py:153} INFO - Started process (PID=36681) to work on /opt/airflow/dags/app/data/CO2b-CIBA_Baseline_KPT Combined.xlsx
[2022-12-21T00:00:14.250+0000] {processor.py:743} INFO - Processing file /opt/airflow/dags/app/data/CO2b-CIBA_Baseline_KPT Combined.xlsx for tasks to queue
[2022-12-21T00:00:14.251+0000] {logging_mixin.py:137} INFO - [2022-12-21T00:00:14.251+0000] {dagbag.py:538} INFO - Filling up the DagBag from /opt/airflow/dags/app/data/CO2b-CIBA_Baseline_KPT Combined.xlsx
[2022-12-21T00:00:14.254+0000] {processor.py:755} WARNING - No viable dags retrieved from /opt/airflow/dags/app/data/CO2b-CIBA_Baseline_KPT Combined.xlsx
[2022-12-21T00:00:14.284+0000] {processor.py:175} INFO - Processing /opt/airflow/dags/app/data/CO2b-CIBA_Baseline_KPT Combined.xlsx took 0.041 seconds
[2022-12-21T00:00:44.513+0000] {processor.py:153} INFO - Started process (PID=36712) to work on /opt/airflow/dags/app/data/CO2b-CIBA_Baseline_KPT Combined.xlsx
[2022-12-21T00:00:44.514+0000] {processor.py:743} INFO - Processing file /opt/airflow/dags/app/data/CO2b-CIBA_Baseline_KPT Combined.xlsx for tasks to queue
[2022-12-21T00:00:44.516+0000] {logging_mixin.py:137} INFO - [2022-12-21T00:00:44.515+0000] {dagbag.py:538} INFO - Filling up the DagBag from /opt/airflow/dags/app/data/CO2b-CIBA_Baseline_KPT Combined.xlsx
[2022-12-21T00:00:44.519+0000] {processor.py:755} WARNING - No viable dags retrieved from /opt/airflow/dags/app/data/CO2b-CIBA_Baseline_KPT Combined.xlsx
[2022-12-21T00:00:44.559+0000] {processor.py:175} INFO - Processing /opt/airflow/dags/app/data/CO2b-CIBA_Baseline_KPT Combined.xlsx took 0.054 seconds
[2022-12-21T00:01:15.089+0000] {processor.py:153} INFO - Started process (PID=36743) to work on /opt/airflow/dags/app/data/CO2b-CIBA_Baseline_KPT Combined.xlsx
[2022-12-21T00:01:15.092+0000] {processor.py:743} INFO - Processing file /opt/airflow/dags/app/data/CO2b-CIBA_Baseline_KPT Combined.xlsx for tasks to queue
[2022-12-21T00:01:15.094+0000] {logging_mixin.py:137} INFO - [2022-12-21T00:01:15.094+0000] {dagbag.py:538} INFO - Filling up the DagBag from /opt/airflow/dags/app/data/CO2b-CIBA_Baseline_KPT Combined.xlsx
[2022-12-21T00:01:15.096+0000] {processor.py:755} WARNING - No viable dags retrieved from /opt/airflow/dags/app/data/CO2b-CIBA_Baseline_KPT Combined.xlsx
[2022-12-21T00:01:15.130+0000] {processor.py:175} INFO - Processing /opt/airflow/dags/app/data/CO2b-CIBA_Baseline_KPT Combined.xlsx took 0.055 seconds
[2022-12-21T00:01:45.236+0000] {processor.py:153} INFO - Started process (PID=36776) to work on /opt/airflow/dags/app/data/CO2b-CIBA_Baseline_KPT Combined.xlsx
[2022-12-21T00:01:45.237+0000] {processor.py:743} INFO - Processing file /opt/airflow/dags/app/data/CO2b-CIBA_Baseline_KPT Combined.xlsx for tasks to queue
[2022-12-21T00:01:45.238+0000] {logging_mixin.py:137} INFO - [2022-12-21T00:01:45.238+0000] {dagbag.py:538} INFO - Filling up the DagBag from /opt/airflow/dags/app/data/CO2b-CIBA_Baseline_KPT Combined.xlsx
[2022-12-21T00:01:45.239+0000] {processor.py:755} WARNING - No viable dags retrieved from /opt/airflow/dags/app/data/CO2b-CIBA_Baseline_KPT Combined.xlsx
[2022-12-21T00:01:45.263+0000] {processor.py:175} INFO - Processing /opt/airflow/dags/app/data/CO2b-CIBA_Baseline_KPT Combined.xlsx took 0.030 seconds
[2022-12-21T00:02:15.315+0000] {processor.py:153} INFO - Started process (PID=36807) to work on /opt/airflow/dags/app/data/CO2b-CIBA_Baseline_KPT Combined.xlsx
[2022-12-21T00:02:15.316+0000] {processor.py:743} INFO - Processing file /opt/airflow/dags/app/data/CO2b-CIBA_Baseline_KPT Combined.xlsx for tasks to queue
[2022-12-21T00:02:15.316+0000] {logging_mixin.py:137} INFO - [2022-12-21T00:02:15.316+0000] {dagbag.py:538} INFO - Filling up the DagBag from /opt/airflow/dags/app/data/CO2b-CIBA_Baseline_KPT Combined.xlsx
[2022-12-21T00:02:15.317+0000] {processor.py:755} WARNING - No viable dags retrieved from /opt/airflow/dags/app/data/CO2b-CIBA_Baseline_KPT Combined.xlsx
[2022-12-21T00:02:15.339+0000] {processor.py:175} INFO - Processing /opt/airflow/dags/app/data/CO2b-CIBA_Baseline_KPT Combined.xlsx took 0.028 seconds
[2022-12-21T00:02:45.841+0000] {processor.py:153} INFO - Started process (PID=36836) to work on /opt/airflow/dags/app/data/CO2b-CIBA_Baseline_KPT Combined.xlsx
[2022-12-21T00:02:45.841+0000] {processor.py:743} INFO - Processing file /opt/airflow/dags/app/data/CO2b-CIBA_Baseline_KPT Combined.xlsx for tasks to queue
[2022-12-21T00:02:45.842+0000] {logging_mixin.py:137} INFO - [2022-12-21T00:02:45.842+0000] {dagbag.py:538} INFO - Filling up the DagBag from /opt/airflow/dags/app/data/CO2b-CIBA_Baseline_KPT Combined.xlsx
[2022-12-21T00:02:45.844+0000] {processor.py:755} WARNING - No viable dags retrieved from /opt/airflow/dags/app/data/CO2b-CIBA_Baseline_KPT Combined.xlsx
[2022-12-21T00:02:45.867+0000] {processor.py:175} INFO - Processing /opt/airflow/dags/app/data/CO2b-CIBA_Baseline_KPT Combined.xlsx took 0.030 seconds
[2022-12-21T00:03:16.394+0000] {processor.py:153} INFO - Started process (PID=36867) to work on /opt/airflow/dags/app/data/CO2b-CIBA_Baseline_KPT Combined.xlsx
[2022-12-21T00:03:16.395+0000] {processor.py:743} INFO - Processing file /opt/airflow/dags/app/data/CO2b-CIBA_Baseline_KPT Combined.xlsx for tasks to queue
[2022-12-21T00:03:16.395+0000] {logging_mixin.py:137} INFO - [2022-12-21T00:03:16.395+0000] {dagbag.py:538} INFO - Filling up the DagBag from /opt/airflow/dags/app/data/CO2b-CIBA_Baseline_KPT Combined.xlsx
[2022-12-21T00:03:16.397+0000] {processor.py:755} WARNING - No viable dags retrieved from /opt/airflow/dags/app/data/CO2b-CIBA_Baseline_KPT Combined.xlsx
[2022-12-21T00:03:16.418+0000] {processor.py:175} INFO - Processing /opt/airflow/dags/app/data/CO2b-CIBA_Baseline_KPT Combined.xlsx took 0.028 seconds
[2022-12-21T00:03:46.891+0000] {processor.py:153} INFO - Started process (PID=36898) to work on /opt/airflow/dags/app/data/CO2b-CIBA_Baseline_KPT Combined.xlsx
[2022-12-21T00:03:46.891+0000] {processor.py:743} INFO - Processing file /opt/airflow/dags/app/data/CO2b-CIBA_Baseline_KPT Combined.xlsx for tasks to queue
[2022-12-21T00:03:46.892+0000] {logging_mixin.py:137} INFO - [2022-12-21T00:03:46.892+0000] {dagbag.py:538} INFO - Filling up the DagBag from /opt/airflow/dags/app/data/CO2b-CIBA_Baseline_KPT Combined.xlsx
[2022-12-21T00:03:46.894+0000] {processor.py:755} WARNING - No viable dags retrieved from /opt/airflow/dags/app/data/CO2b-CIBA_Baseline_KPT Combined.xlsx
[2022-12-21T00:03:46.918+0000] {processor.py:175} INFO - Processing /opt/airflow/dags/app/data/CO2b-CIBA_Baseline_KPT Combined.xlsx took 0.032 seconds
[2022-12-21T00:04:17.346+0000] {processor.py:153} INFO - Started process (PID=36929) to work on /opt/airflow/dags/app/data/CO2b-CIBA_Baseline_KPT Combined.xlsx
[2022-12-21T00:04:17.347+0000] {processor.py:743} INFO - Processing file /opt/airflow/dags/app/data/CO2b-CIBA_Baseline_KPT Combined.xlsx for tasks to queue
[2022-12-21T00:04:17.347+0000] {logging_mixin.py:137} INFO - [2022-12-21T00:04:17.347+0000] {dagbag.py:538} INFO - Filling up the DagBag from /opt/airflow/dags/app/data/CO2b-CIBA_Baseline_KPT Combined.xlsx
[2022-12-21T00:04:17.350+0000] {processor.py:755} WARNING - No viable dags retrieved from /opt/airflow/dags/app/data/CO2b-CIBA_Baseline_KPT Combined.xlsx
[2022-12-21T00:04:17.380+0000] {processor.py:175} INFO - Processing /opt/airflow/dags/app/data/CO2b-CIBA_Baseline_KPT Combined.xlsx took 0.039 seconds
[2022-12-21T00:04:47.614+0000] {processor.py:153} INFO - Started process (PID=36960) to work on /opt/airflow/dags/app/data/CO2b-CIBA_Baseline_KPT Combined.xlsx
[2022-12-21T00:04:47.616+0000] {processor.py:743} INFO - Processing file /opt/airflow/dags/app/data/CO2b-CIBA_Baseline_KPT Combined.xlsx for tasks to queue
[2022-12-21T00:04:47.618+0000] {logging_mixin.py:137} INFO - [2022-12-21T00:04:47.617+0000] {dagbag.py:538} INFO - Filling up the DagBag from /opt/airflow/dags/app/data/CO2b-CIBA_Baseline_KPT Combined.xlsx
[2022-12-21T00:04:47.620+0000] {processor.py:755} WARNING - No viable dags retrieved from /opt/airflow/dags/app/data/CO2b-CIBA_Baseline_KPT Combined.xlsx
[2022-12-21T00:04:47.651+0000] {processor.py:175} INFO - Processing /opt/airflow/dags/app/data/CO2b-CIBA_Baseline_KPT Combined.xlsx took 0.043 seconds
[2022-12-21T00:05:17.791+0000] {processor.py:153} INFO - Started process (PID=36991) to work on /opt/airflow/dags/app/data/CO2b-CIBA_Baseline_KPT Combined.xlsx
[2022-12-21T00:05:17.796+0000] {processor.py:743} INFO - Processing file /opt/airflow/dags/app/data/CO2b-CIBA_Baseline_KPT Combined.xlsx for tasks to queue
[2022-12-21T00:05:17.797+0000] {logging_mixin.py:137} INFO - [2022-12-21T00:05:17.797+0000] {dagbag.py:538} INFO - Filling up the DagBag from /opt/airflow/dags/app/data/CO2b-CIBA_Baseline_KPT Combined.xlsx
[2022-12-21T00:05:17.799+0000] {processor.py:755} WARNING - No viable dags retrieved from /opt/airflow/dags/app/data/CO2b-CIBA_Baseline_KPT Combined.xlsx
[2022-12-21T00:05:17.832+0000] {processor.py:175} INFO - Processing /opt/airflow/dags/app/data/CO2b-CIBA_Baseline_KPT Combined.xlsx took 0.045 seconds
[2022-12-21T00:05:48.312+0000] {processor.py:153} INFO - Started process (PID=37022) to work on /opt/airflow/dags/app/data/CO2b-CIBA_Baseline_KPT Combined.xlsx
[2022-12-21T00:05:48.313+0000] {processor.py:743} INFO - Processing file /opt/airflow/dags/app/data/CO2b-CIBA_Baseline_KPT Combined.xlsx for tasks to queue
[2022-12-21T00:05:48.315+0000] {logging_mixin.py:137} INFO - [2022-12-21T00:05:48.314+0000] {dagbag.py:538} INFO - Filling up the DagBag from /opt/airflow/dags/app/data/CO2b-CIBA_Baseline_KPT Combined.xlsx
[2022-12-21T00:05:48.317+0000] {processor.py:755} WARNING - No viable dags retrieved from /opt/airflow/dags/app/data/CO2b-CIBA_Baseline_KPT Combined.xlsx
[2022-12-21T00:05:48.354+0000] {processor.py:175} INFO - Processing /opt/airflow/dags/app/data/CO2b-CIBA_Baseline_KPT Combined.xlsx took 0.048 seconds
[2022-12-21T00:06:18.907+0000] {processor.py:153} INFO - Started process (PID=37053) to work on /opt/airflow/dags/app/data/CO2b-CIBA_Baseline_KPT Combined.xlsx
[2022-12-21T00:06:18.909+0000] {processor.py:743} INFO - Processing file /opt/airflow/dags/app/data/CO2b-CIBA_Baseline_KPT Combined.xlsx for tasks to queue
[2022-12-21T00:06:18.910+0000] {logging_mixin.py:137} INFO - [2022-12-21T00:06:18.910+0000] {dagbag.py:538} INFO - Filling up the DagBag from /opt/airflow/dags/app/data/CO2b-CIBA_Baseline_KPT Combined.xlsx
[2022-12-21T00:06:18.912+0000] {processor.py:755} WARNING - No viable dags retrieved from /opt/airflow/dags/app/data/CO2b-CIBA_Baseline_KPT Combined.xlsx
[2022-12-21T00:06:18.943+0000] {processor.py:175} INFO - Processing /opt/airflow/dags/app/data/CO2b-CIBA_Baseline_KPT Combined.xlsx took 0.040 seconds
[2022-12-21T00:06:49.112+0000] {processor.py:153} INFO - Started process (PID=37084) to work on /opt/airflow/dags/app/data/CO2b-CIBA_Baseline_KPT Combined.xlsx
[2022-12-21T00:06:49.115+0000] {processor.py:743} INFO - Processing file /opt/airflow/dags/app/data/CO2b-CIBA_Baseline_KPT Combined.xlsx for tasks to queue
[2022-12-21T00:06:49.116+0000] {logging_mixin.py:137} INFO - [2022-12-21T00:06:49.116+0000] {dagbag.py:538} INFO - Filling up the DagBag from /opt/airflow/dags/app/data/CO2b-CIBA_Baseline_KPT Combined.xlsx
[2022-12-21T00:06:49.118+0000] {processor.py:755} WARNING - No viable dags retrieved from /opt/airflow/dags/app/data/CO2b-CIBA_Baseline_KPT Combined.xlsx
[2022-12-21T00:06:49.152+0000] {processor.py:175} INFO - Processing /opt/airflow/dags/app/data/CO2b-CIBA_Baseline_KPT Combined.xlsx took 0.045 seconds
[2022-12-21T00:07:19.433+0000] {processor.py:153} INFO - Started process (PID=37115) to work on /opt/airflow/dags/app/data/CO2b-CIBA_Baseline_KPT Combined.xlsx
[2022-12-21T00:07:19.434+0000] {processor.py:743} INFO - Processing file /opt/airflow/dags/app/data/CO2b-CIBA_Baseline_KPT Combined.xlsx for tasks to queue
[2022-12-21T00:07:19.436+0000] {logging_mixin.py:137} INFO - [2022-12-21T00:07:19.436+0000] {dagbag.py:538} INFO - Filling up the DagBag from /opt/airflow/dags/app/data/CO2b-CIBA_Baseline_KPT Combined.xlsx
[2022-12-21T00:07:19.438+0000] {processor.py:755} WARNING - No viable dags retrieved from /opt/airflow/dags/app/data/CO2b-CIBA_Baseline_KPT Combined.xlsx
[2022-12-21T00:07:19.475+0000] {processor.py:175} INFO - Processing /opt/airflow/dags/app/data/CO2b-CIBA_Baseline_KPT Combined.xlsx took 0.051 seconds
[2022-12-21T00:07:49.551+0000] {processor.py:153} INFO - Started process (PID=37146) to work on /opt/airflow/dags/app/data/CO2b-CIBA_Baseline_KPT Combined.xlsx
[2022-12-21T00:07:49.553+0000] {processor.py:743} INFO - Processing file /opt/airflow/dags/app/data/CO2b-CIBA_Baseline_KPT Combined.xlsx for tasks to queue
[2022-12-21T00:07:49.554+0000] {logging_mixin.py:137} INFO - [2022-12-21T00:07:49.554+0000] {dagbag.py:538} INFO - Filling up the DagBag from /opt/airflow/dags/app/data/CO2b-CIBA_Baseline_KPT Combined.xlsx
[2022-12-21T00:07:49.556+0000] {processor.py:755} WARNING - No viable dags retrieved from /opt/airflow/dags/app/data/CO2b-CIBA_Baseline_KPT Combined.xlsx
[2022-12-21T00:07:49.593+0000] {processor.py:175} INFO - Processing /opt/airflow/dags/app/data/CO2b-CIBA_Baseline_KPT Combined.xlsx took 0.048 seconds
[2022-12-21T00:08:19.739+0000] {processor.py:153} INFO - Started process (PID=37177) to work on /opt/airflow/dags/app/data/CO2b-CIBA_Baseline_KPT Combined.xlsx
[2022-12-21T00:08:19.740+0000] {processor.py:743} INFO - Processing file /opt/airflow/dags/app/data/CO2b-CIBA_Baseline_KPT Combined.xlsx for tasks to queue
[2022-12-21T00:08:19.741+0000] {logging_mixin.py:137} INFO - [2022-12-21T00:08:19.741+0000] {dagbag.py:538} INFO - Filling up the DagBag from /opt/airflow/dags/app/data/CO2b-CIBA_Baseline_KPT Combined.xlsx
[2022-12-21T00:08:19.743+0000] {processor.py:755} WARNING - No viable dags retrieved from /opt/airflow/dags/app/data/CO2b-CIBA_Baseline_KPT Combined.xlsx
[2022-12-21T00:08:19.777+0000] {processor.py:175} INFO - Processing /opt/airflow/dags/app/data/CO2b-CIBA_Baseline_KPT Combined.xlsx took 0.043 seconds
[2022-12-21T00:08:50.314+0000] {processor.py:153} INFO - Started process (PID=37214) to work on /opt/airflow/dags/app/data/CO2b-CIBA_Baseline_KPT Combined.xlsx
[2022-12-21T00:08:50.316+0000] {processor.py:743} INFO - Processing file /opt/airflow/dags/app/data/CO2b-CIBA_Baseline_KPT Combined.xlsx for tasks to queue
[2022-12-21T00:08:50.317+0000] {logging_mixin.py:137} INFO - [2022-12-21T00:08:50.316+0000] {dagbag.py:538} INFO - Filling up the DagBag from /opt/airflow/dags/app/data/CO2b-CIBA_Baseline_KPT Combined.xlsx
[2022-12-21T00:08:50.320+0000] {processor.py:755} WARNING - No viable dags retrieved from /opt/airflow/dags/app/data/CO2b-CIBA_Baseline_KPT Combined.xlsx
[2022-12-21T00:08:50.351+0000] {processor.py:175} INFO - Processing /opt/airflow/dags/app/data/CO2b-CIBA_Baseline_KPT Combined.xlsx took 0.042 seconds
[2022-12-21T00:09:20.853+0000] {processor.py:153} INFO - Started process (PID=37245) to work on /opt/airflow/dags/app/data/CO2b-CIBA_Baseline_KPT Combined.xlsx
[2022-12-21T00:09:20.854+0000] {processor.py:743} INFO - Processing file /opt/airflow/dags/app/data/CO2b-CIBA_Baseline_KPT Combined.xlsx for tasks to queue
[2022-12-21T00:09:20.855+0000] {logging_mixin.py:137} INFO - [2022-12-21T00:09:20.855+0000] {dagbag.py:538} INFO - Filling up the DagBag from /opt/airflow/dags/app/data/CO2b-CIBA_Baseline_KPT Combined.xlsx
[2022-12-21T00:09:20.858+0000] {processor.py:755} WARNING - No viable dags retrieved from /opt/airflow/dags/app/data/CO2b-CIBA_Baseline_KPT Combined.xlsx
[2022-12-21T00:09:20.881+0000] {processor.py:175} INFO - Processing /opt/airflow/dags/app/data/CO2b-CIBA_Baseline_KPT Combined.xlsx took 0.033 seconds
[2022-12-21T00:09:51.437+0000] {processor.py:153} INFO - Started process (PID=37282) to work on /opt/airflow/dags/app/data/CO2b-CIBA_Baseline_KPT Combined.xlsx
[2022-12-21T00:09:51.439+0000] {processor.py:743} INFO - Processing file /opt/airflow/dags/app/data/CO2b-CIBA_Baseline_KPT Combined.xlsx for tasks to queue
[2022-12-21T00:09:51.440+0000] {logging_mixin.py:137} INFO - [2022-12-21T00:09:51.440+0000] {dagbag.py:538} INFO - Filling up the DagBag from /opt/airflow/dags/app/data/CO2b-CIBA_Baseline_KPT Combined.xlsx
[2022-12-21T00:09:51.442+0000] {processor.py:755} WARNING - No viable dags retrieved from /opt/airflow/dags/app/data/CO2b-CIBA_Baseline_KPT Combined.xlsx
[2022-12-21T00:09:51.488+0000] {processor.py:175} INFO - Processing /opt/airflow/dags/app/data/CO2b-CIBA_Baseline_KPT Combined.xlsx took 0.061 seconds
[2022-12-21T00:10:22.014+0000] {processor.py:153} INFO - Started process (PID=37313) to work on /opt/airflow/dags/app/data/CO2b-CIBA_Baseline_KPT Combined.xlsx
[2022-12-21T00:10:22.019+0000] {processor.py:743} INFO - Processing file /opt/airflow/dags/app/data/CO2b-CIBA_Baseline_KPT Combined.xlsx for tasks to queue
[2022-12-21T00:10:22.025+0000] {logging_mixin.py:137} INFO - [2022-12-21T00:10:22.024+0000] {dagbag.py:538} INFO - Filling up the DagBag from /opt/airflow/dags/app/data/CO2b-CIBA_Baseline_KPT Combined.xlsx
[2022-12-21T00:10:22.034+0000] {processor.py:755} WARNING - No viable dags retrieved from /opt/airflow/dags/app/data/CO2b-CIBA_Baseline_KPT Combined.xlsx
[2022-12-21T00:10:22.089+0000] {processor.py:175} INFO - Processing /opt/airflow/dags/app/data/CO2b-CIBA_Baseline_KPT Combined.xlsx took 0.100 seconds
[2022-12-21T00:10:52.317+0000] {processor.py:153} INFO - Started process (PID=37344) to work on /opt/airflow/dags/app/data/CO2b-CIBA_Baseline_KPT Combined.xlsx
[2022-12-21T00:10:52.318+0000] {processor.py:743} INFO - Processing file /opt/airflow/dags/app/data/CO2b-CIBA_Baseline_KPT Combined.xlsx for tasks to queue
[2022-12-21T00:10:52.320+0000] {logging_mixin.py:137} INFO - [2022-12-21T00:10:52.319+0000] {dagbag.py:538} INFO - Filling up the DagBag from /opt/airflow/dags/app/data/CO2b-CIBA_Baseline_KPT Combined.xlsx
[2022-12-21T00:10:52.323+0000] {processor.py:755} WARNING - No viable dags retrieved from /opt/airflow/dags/app/data/CO2b-CIBA_Baseline_KPT Combined.xlsx
[2022-12-21T00:10:52.364+0000] {processor.py:175} INFO - Processing /opt/airflow/dags/app/data/CO2b-CIBA_Baseline_KPT Combined.xlsx took 0.055 seconds
[2022-12-21T00:11:22.883+0000] {processor.py:153} INFO - Started process (PID=37375) to work on /opt/airflow/dags/app/data/CO2b-CIBA_Baseline_KPT Combined.xlsx
[2022-12-21T00:11:22.885+0000] {processor.py:743} INFO - Processing file /opt/airflow/dags/app/data/CO2b-CIBA_Baseline_KPT Combined.xlsx for tasks to queue
[2022-12-21T00:11:22.886+0000] {logging_mixin.py:137} INFO - [2022-12-21T00:11:22.886+0000] {dagbag.py:538} INFO - Filling up the DagBag from /opt/airflow/dags/app/data/CO2b-CIBA_Baseline_KPT Combined.xlsx
[2022-12-21T00:11:22.888+0000] {processor.py:755} WARNING - No viable dags retrieved from /opt/airflow/dags/app/data/CO2b-CIBA_Baseline_KPT Combined.xlsx
[2022-12-21T00:11:22.918+0000] {processor.py:175} INFO - Processing /opt/airflow/dags/app/data/CO2b-CIBA_Baseline_KPT Combined.xlsx took 0.039 seconds
[2022-12-21T00:11:52.997+0000] {processor.py:153} INFO - Started process (PID=37408) to work on /opt/airflow/dags/app/data/CO2b-CIBA_Baseline_KPT Combined.xlsx
[2022-12-21T00:11:52.997+0000] {processor.py:743} INFO - Processing file /opt/airflow/dags/app/data/CO2b-CIBA_Baseline_KPT Combined.xlsx for tasks to queue
[2022-12-21T00:11:52.998+0000] {logging_mixin.py:137} INFO - [2022-12-21T00:11:52.998+0000] {dagbag.py:538} INFO - Filling up the DagBag from /opt/airflow/dags/app/data/CO2b-CIBA_Baseline_KPT Combined.xlsx
[2022-12-21T00:11:52.999+0000] {processor.py:755} WARNING - No viable dags retrieved from /opt/airflow/dags/app/data/CO2b-CIBA_Baseline_KPT Combined.xlsx
[2022-12-21T00:11:53.020+0000] {processor.py:175} INFO - Processing /opt/airflow/dags/app/data/CO2b-CIBA_Baseline_KPT Combined.xlsx took 0.028 seconds
[2022-12-21T00:12:23.482+0000] {processor.py:153} INFO - Started process (PID=37437) to work on /opt/airflow/dags/app/data/CO2b-CIBA_Baseline_KPT Combined.xlsx
[2022-12-21T00:12:23.483+0000] {processor.py:743} INFO - Processing file /opt/airflow/dags/app/data/CO2b-CIBA_Baseline_KPT Combined.xlsx for tasks to queue
[2022-12-21T00:12:23.484+0000] {logging_mixin.py:137} INFO - [2022-12-21T00:12:23.484+0000] {dagbag.py:538} INFO - Filling up the DagBag from /opt/airflow/dags/app/data/CO2b-CIBA_Baseline_KPT Combined.xlsx
[2022-12-21T00:12:23.485+0000] {processor.py:755} WARNING - No viable dags retrieved from /opt/airflow/dags/app/data/CO2b-CIBA_Baseline_KPT Combined.xlsx
[2022-12-21T00:12:23.519+0000] {processor.py:175} INFO - Processing /opt/airflow/dags/app/data/CO2b-CIBA_Baseline_KPT Combined.xlsx took 0.043 seconds
[2022-12-21T00:12:54.040+0000] {processor.py:153} INFO - Started process (PID=37468) to work on /opt/airflow/dags/app/data/CO2b-CIBA_Baseline_KPT Combined.xlsx
[2022-12-21T00:12:54.041+0000] {processor.py:743} INFO - Processing file /opt/airflow/dags/app/data/CO2b-CIBA_Baseline_KPT Combined.xlsx for tasks to queue
[2022-12-21T00:12:54.043+0000] {logging_mixin.py:137} INFO - [2022-12-21T00:12:54.042+0000] {dagbag.py:538} INFO - Filling up the DagBag from /opt/airflow/dags/app/data/CO2b-CIBA_Baseline_KPT Combined.xlsx
[2022-12-21T00:12:54.046+0000] {processor.py:755} WARNING - No viable dags retrieved from /opt/airflow/dags/app/data/CO2b-CIBA_Baseline_KPT Combined.xlsx
[2022-12-21T00:12:54.076+0000] {processor.py:175} INFO - Processing /opt/airflow/dags/app/data/CO2b-CIBA_Baseline_KPT Combined.xlsx took 0.042 seconds
[2022-12-21T00:13:24.519+0000] {processor.py:153} INFO - Started process (PID=37499) to work on /opt/airflow/dags/app/data/CO2b-CIBA_Baseline_KPT Combined.xlsx
[2022-12-21T00:13:24.527+0000] {processor.py:743} INFO - Processing file /opt/airflow/dags/app/data/CO2b-CIBA_Baseline_KPT Combined.xlsx for tasks to queue
[2022-12-21T00:13:24.528+0000] {logging_mixin.py:137} INFO - [2022-12-21T00:13:24.528+0000] {dagbag.py:538} INFO - Filling up the DagBag from /opt/airflow/dags/app/data/CO2b-CIBA_Baseline_KPT Combined.xlsx
[2022-12-21T00:13:24.540+0000] {processor.py:755} WARNING - No viable dags retrieved from /opt/airflow/dags/app/data/CO2b-CIBA_Baseline_KPT Combined.xlsx
[2022-12-21T00:13:24.584+0000] {processor.py:175} INFO - Processing /opt/airflow/dags/app/data/CO2b-CIBA_Baseline_KPT Combined.xlsx took 0.069 seconds
[2022-12-21T00:13:54.967+0000] {processor.py:153} INFO - Started process (PID=37530) to work on /opt/airflow/dags/app/data/CO2b-CIBA_Baseline_KPT Combined.xlsx
[2022-12-21T00:13:54.975+0000] {processor.py:743} INFO - Processing file /opt/airflow/dags/app/data/CO2b-CIBA_Baseline_KPT Combined.xlsx for tasks to queue
[2022-12-21T00:13:54.977+0000] {logging_mixin.py:137} INFO - [2022-12-21T00:13:54.977+0000] {dagbag.py:538} INFO - Filling up the DagBag from /opt/airflow/dags/app/data/CO2b-CIBA_Baseline_KPT Combined.xlsx
[2022-12-21T00:13:54.981+0000] {processor.py:755} WARNING - No viable dags retrieved from /opt/airflow/dags/app/data/CO2b-CIBA_Baseline_KPT Combined.xlsx
[2022-12-21T00:13:55.065+0000] {processor.py:175} INFO - Processing /opt/airflow/dags/app/data/CO2b-CIBA_Baseline_KPT Combined.xlsx took 0.105 seconds
[2022-12-21T00:14:46.323+0000] {processor.py:153} INFO - Started process (PID=203) to work on /opt/airflow/dags/app/data/CO2b-CIBA_Baseline_KPT Combined.xlsx
[2022-12-21T00:14:46.325+0000] {processor.py:743} INFO - Processing file /opt/airflow/dags/app/data/CO2b-CIBA_Baseline_KPT Combined.xlsx for tasks to queue
[2022-12-21T00:14:46.326+0000] {logging_mixin.py:137} INFO - [2022-12-21T00:14:46.325+0000] {dagbag.py:538} INFO - Filling up the DagBag from /opt/airflow/dags/app/data/CO2b-CIBA_Baseline_KPT Combined.xlsx
[2022-12-21T00:14:46.327+0000] {processor.py:755} WARNING - No viable dags retrieved from /opt/airflow/dags/app/data/CO2b-CIBA_Baseline_KPT Combined.xlsx
[2022-12-21T00:14:46.357+0000] {processor.py:175} INFO - Processing /opt/airflow/dags/app/data/CO2b-CIBA_Baseline_KPT Combined.xlsx took 0.038 seconds
[2022-12-21T00:15:16.903+0000] {processor.py:153} INFO - Started process (PID=230) to work on /opt/airflow/dags/app/data/CO2b-CIBA_Baseline_KPT Combined.xlsx
[2022-12-21T00:15:16.904+0000] {processor.py:743} INFO - Processing file /opt/airflow/dags/app/data/CO2b-CIBA_Baseline_KPT Combined.xlsx for tasks to queue
[2022-12-21T00:15:16.905+0000] {logging_mixin.py:137} INFO - [2022-12-21T00:15:16.905+0000] {dagbag.py:538} INFO - Filling up the DagBag from /opt/airflow/dags/app/data/CO2b-CIBA_Baseline_KPT Combined.xlsx
[2022-12-21T00:15:16.908+0000] {processor.py:755} WARNING - No viable dags retrieved from /opt/airflow/dags/app/data/CO2b-CIBA_Baseline_KPT Combined.xlsx
[2022-12-21T00:15:16.929+0000] {processor.py:175} INFO - Processing /opt/airflow/dags/app/data/CO2b-CIBA_Baseline_KPT Combined.xlsx took 0.032 seconds
[2022-12-21T00:15:47.471+0000] {processor.py:153} INFO - Started process (PID=261) to work on /opt/airflow/dags/app/data/CO2b-CIBA_Baseline_KPT Combined.xlsx
[2022-12-21T00:15:47.472+0000] {processor.py:743} INFO - Processing file /opt/airflow/dags/app/data/CO2b-CIBA_Baseline_KPT Combined.xlsx for tasks to queue
[2022-12-21T00:15:47.473+0000] {logging_mixin.py:137} INFO - [2022-12-21T00:15:47.473+0000] {dagbag.py:538} INFO - Filling up the DagBag from /opt/airflow/dags/app/data/CO2b-CIBA_Baseline_KPT Combined.xlsx
[2022-12-21T00:15:47.476+0000] {processor.py:755} WARNING - No viable dags retrieved from /opt/airflow/dags/app/data/CO2b-CIBA_Baseline_KPT Combined.xlsx
[2022-12-21T00:15:47.514+0000] {processor.py:175} INFO - Processing /opt/airflow/dags/app/data/CO2b-CIBA_Baseline_KPT Combined.xlsx took 0.047 seconds
[2022-12-21T00:16:18.142+0000] {processor.py:153} INFO - Started process (PID=292) to work on /opt/airflow/dags/app/data/CO2b-CIBA_Baseline_KPT Combined.xlsx
[2022-12-21T00:16:18.143+0000] {processor.py:743} INFO - Processing file /opt/airflow/dags/app/data/CO2b-CIBA_Baseline_KPT Combined.xlsx for tasks to queue
[2022-12-21T00:16:18.144+0000] {logging_mixin.py:137} INFO - [2022-12-21T00:16:18.144+0000] {dagbag.py:538} INFO - Filling up the DagBag from /opt/airflow/dags/app/data/CO2b-CIBA_Baseline_KPT Combined.xlsx
[2022-12-21T00:16:18.147+0000] {processor.py:755} WARNING - No viable dags retrieved from /opt/airflow/dags/app/data/CO2b-CIBA_Baseline_KPT Combined.xlsx
[2022-12-21T00:16:18.170+0000] {processor.py:175} INFO - Processing /opt/airflow/dags/app/data/CO2b-CIBA_Baseline_KPT Combined.xlsx took 0.033 seconds
[2022-12-21T00:16:48.542+0000] {processor.py:153} INFO - Started process (PID=321) to work on /opt/airflow/dags/app/data/CO2b-CIBA_Baseline_KPT Combined.xlsx
[2022-12-21T00:16:48.543+0000] {processor.py:743} INFO - Processing file /opt/airflow/dags/app/data/CO2b-CIBA_Baseline_KPT Combined.xlsx for tasks to queue
[2022-12-21T00:16:48.544+0000] {logging_mixin.py:137} INFO - [2022-12-21T00:16:48.544+0000] {dagbag.py:538} INFO - Filling up the DagBag from /opt/airflow/dags/app/data/CO2b-CIBA_Baseline_KPT Combined.xlsx
[2022-12-21T00:16:48.547+0000] {processor.py:755} WARNING - No viable dags retrieved from /opt/airflow/dags/app/data/CO2b-CIBA_Baseline_KPT Combined.xlsx
[2022-12-21T00:16:48.578+0000] {processor.py:175} INFO - Processing /opt/airflow/dags/app/data/CO2b-CIBA_Baseline_KPT Combined.xlsx took 0.043 seconds
[2022-12-21T00:17:19.098+0000] {processor.py:153} INFO - Started process (PID=354) to work on /opt/airflow/dags/app/data/CO2b-CIBA_Baseline_KPT Combined.xlsx
[2022-12-21T00:17:19.099+0000] {processor.py:743} INFO - Processing file /opt/airflow/dags/app/data/CO2b-CIBA_Baseline_KPT Combined.xlsx for tasks to queue
[2022-12-21T00:17:19.100+0000] {logging_mixin.py:137} INFO - [2022-12-21T00:17:19.100+0000] {dagbag.py:538} INFO - Filling up the DagBag from /opt/airflow/dags/app/data/CO2b-CIBA_Baseline_KPT Combined.xlsx
[2022-12-21T00:17:19.102+0000] {processor.py:755} WARNING - No viable dags retrieved from /opt/airflow/dags/app/data/CO2b-CIBA_Baseline_KPT Combined.xlsx
[2022-12-21T00:17:19.130+0000] {processor.py:175} INFO - Processing /opt/airflow/dags/app/data/CO2b-CIBA_Baseline_KPT Combined.xlsx took 0.038 seconds
[2022-12-21T00:17:49.741+0000] {processor.py:153} INFO - Started process (PID=385) to work on /opt/airflow/dags/app/data/CO2b-CIBA_Baseline_KPT Combined.xlsx
[2022-12-21T00:17:49.742+0000] {processor.py:743} INFO - Processing file /opt/airflow/dags/app/data/CO2b-CIBA_Baseline_KPT Combined.xlsx for tasks to queue
[2022-12-21T00:17:49.743+0000] {logging_mixin.py:137} INFO - [2022-12-21T00:17:49.743+0000] {dagbag.py:538} INFO - Filling up the DagBag from /opt/airflow/dags/app/data/CO2b-CIBA_Baseline_KPT Combined.xlsx
[2022-12-21T00:17:49.745+0000] {processor.py:755} WARNING - No viable dags retrieved from /opt/airflow/dags/app/data/CO2b-CIBA_Baseline_KPT Combined.xlsx
[2022-12-21T00:17:49.775+0000] {processor.py:175} INFO - Processing /opt/airflow/dags/app/data/CO2b-CIBA_Baseline_KPT Combined.xlsx took 0.042 seconds
[2022-12-21T00:18:20.178+0000] {processor.py:153} INFO - Started process (PID=414) to work on /opt/airflow/dags/app/data/CO2b-CIBA_Baseline_KPT Combined.xlsx
[2022-12-21T00:18:20.184+0000] {processor.py:743} INFO - Processing file /opt/airflow/dags/app/data/CO2b-CIBA_Baseline_KPT Combined.xlsx for tasks to queue
[2022-12-21T00:18:20.185+0000] {logging_mixin.py:137} INFO - [2022-12-21T00:18:20.185+0000] {dagbag.py:538} INFO - Filling up the DagBag from /opt/airflow/dags/app/data/CO2b-CIBA_Baseline_KPT Combined.xlsx
[2022-12-21T00:18:20.187+0000] {processor.py:755} WARNING - No viable dags retrieved from /opt/airflow/dags/app/data/CO2b-CIBA_Baseline_KPT Combined.xlsx
[2022-12-21T00:18:20.250+0000] {processor.py:175} INFO - Processing /opt/airflow/dags/app/data/CO2b-CIBA_Baseline_KPT Combined.xlsx took 0.085 seconds
[2022-12-21T00:18:50.822+0000] {processor.py:153} INFO - Started process (PID=447) to work on /opt/airflow/dags/app/data/CO2b-CIBA_Baseline_KPT Combined.xlsx
[2022-12-21T00:18:50.823+0000] {processor.py:743} INFO - Processing file /opt/airflow/dags/app/data/CO2b-CIBA_Baseline_KPT Combined.xlsx for tasks to queue
[2022-12-21T00:18:50.824+0000] {logging_mixin.py:137} INFO - [2022-12-21T00:18:50.824+0000] {dagbag.py:538} INFO - Filling up the DagBag from /opt/airflow/dags/app/data/CO2b-CIBA_Baseline_KPT Combined.xlsx
[2022-12-21T00:18:50.826+0000] {processor.py:755} WARNING - No viable dags retrieved from /opt/airflow/dags/app/data/CO2b-CIBA_Baseline_KPT Combined.xlsx
[2022-12-21T00:18:50.862+0000] {processor.py:175} INFO - Processing /opt/airflow/dags/app/data/CO2b-CIBA_Baseline_KPT Combined.xlsx took 0.047 seconds
[2022-12-21T00:19:21.362+0000] {processor.py:153} INFO - Started process (PID=478) to work on /opt/airflow/dags/app/data/CO2b-CIBA_Baseline_KPT Combined.xlsx
[2022-12-21T00:19:21.363+0000] {processor.py:743} INFO - Processing file /opt/airflow/dags/app/data/CO2b-CIBA_Baseline_KPT Combined.xlsx for tasks to queue
[2022-12-21T00:19:21.364+0000] {logging_mixin.py:137} INFO - [2022-12-21T00:19:21.364+0000] {dagbag.py:538} INFO - Filling up the DagBag from /opt/airflow/dags/app/data/CO2b-CIBA_Baseline_KPT Combined.xlsx
[2022-12-21T00:19:21.366+0000] {processor.py:755} WARNING - No viable dags retrieved from /opt/airflow/dags/app/data/CO2b-CIBA_Baseline_KPT Combined.xlsx
[2022-12-21T00:19:21.400+0000] {processor.py:175} INFO - Processing /opt/airflow/dags/app/data/CO2b-CIBA_Baseline_KPT Combined.xlsx took 0.043 seconds
[2022-12-21T00:19:51.866+0000] {processor.py:153} INFO - Started process (PID=507) to work on /opt/airflow/dags/app/data/CO2b-CIBA_Baseline_KPT Combined.xlsx
[2022-12-21T00:19:51.867+0000] {processor.py:743} INFO - Processing file /opt/airflow/dags/app/data/CO2b-CIBA_Baseline_KPT Combined.xlsx for tasks to queue
[2022-12-21T00:19:51.868+0000] {logging_mixin.py:137} INFO - [2022-12-21T00:19:51.868+0000] {dagbag.py:538} INFO - Filling up the DagBag from /opt/airflow/dags/app/data/CO2b-CIBA_Baseline_KPT Combined.xlsx
[2022-12-21T00:19:51.869+0000] {processor.py:755} WARNING - No viable dags retrieved from /opt/airflow/dags/app/data/CO2b-CIBA_Baseline_KPT Combined.xlsx
[2022-12-21T00:19:51.903+0000] {processor.py:175} INFO - Processing /opt/airflow/dags/app/data/CO2b-CIBA_Baseline_KPT Combined.xlsx took 0.043 seconds
[2022-12-21T00:20:22.077+0000] {processor.py:153} INFO - Started process (PID=540) to work on /opt/airflow/dags/app/data/CO2b-CIBA_Baseline_KPT Combined.xlsx
[2022-12-21T00:20:22.078+0000] {processor.py:743} INFO - Processing file /opt/airflow/dags/app/data/CO2b-CIBA_Baseline_KPT Combined.xlsx for tasks to queue
[2022-12-21T00:20:22.078+0000] {logging_mixin.py:137} INFO - [2022-12-21T00:20:22.078+0000] {dagbag.py:538} INFO - Filling up the DagBag from /opt/airflow/dags/app/data/CO2b-CIBA_Baseline_KPT Combined.xlsx
[2022-12-21T00:20:22.079+0000] {processor.py:755} WARNING - No viable dags retrieved from /opt/airflow/dags/app/data/CO2b-CIBA_Baseline_KPT Combined.xlsx
[2022-12-21T00:20:22.105+0000] {processor.py:175} INFO - Processing /opt/airflow/dags/app/data/CO2b-CIBA_Baseline_KPT Combined.xlsx took 0.033 seconds
[2022-12-21T00:20:52.662+0000] {processor.py:153} INFO - Started process (PID=571) to work on /opt/airflow/dags/app/data/CO2b-CIBA_Baseline_KPT Combined.xlsx
[2022-12-21T00:20:52.663+0000] {processor.py:743} INFO - Processing file /opt/airflow/dags/app/data/CO2b-CIBA_Baseline_KPT Combined.xlsx for tasks to queue
[2022-12-21T00:20:52.664+0000] {logging_mixin.py:137} INFO - [2022-12-21T00:20:52.664+0000] {dagbag.py:538} INFO - Filling up the DagBag from /opt/airflow/dags/app/data/CO2b-CIBA_Baseline_KPT Combined.xlsx
[2022-12-21T00:20:52.667+0000] {processor.py:755} WARNING - No viable dags retrieved from /opt/airflow/dags/app/data/CO2b-CIBA_Baseline_KPT Combined.xlsx
[2022-12-21T00:20:52.698+0000] {processor.py:175} INFO - Processing /opt/airflow/dags/app/data/CO2b-CIBA_Baseline_KPT Combined.xlsx took 0.041 seconds
[2022-12-21T00:21:22.819+0000] {processor.py:153} INFO - Started process (PID=602) to work on /opt/airflow/dags/app/data/CO2b-CIBA_Baseline_KPT Combined.xlsx
[2022-12-21T00:21:22.821+0000] {processor.py:743} INFO - Processing file /opt/airflow/dags/app/data/CO2b-CIBA_Baseline_KPT Combined.xlsx for tasks to queue
[2022-12-21T00:21:22.824+0000] {logging_mixin.py:137} INFO - [2022-12-21T00:21:22.823+0000] {dagbag.py:538} INFO - Filling up the DagBag from /opt/airflow/dags/app/data/CO2b-CIBA_Baseline_KPT Combined.xlsx
[2022-12-21T00:21:22.828+0000] {processor.py:755} WARNING - No viable dags retrieved from /opt/airflow/dags/app/data/CO2b-CIBA_Baseline_KPT Combined.xlsx
[2022-12-21T00:21:22.861+0000] {processor.py:175} INFO - Processing /opt/airflow/dags/app/data/CO2b-CIBA_Baseline_KPT Combined.xlsx took 0.049 seconds
[2022-12-21T00:21:52.932+0000] {processor.py:153} INFO - Started process (PID=633) to work on /opt/airflow/dags/app/data/CO2b-CIBA_Baseline_KPT Combined.xlsx
[2022-12-21T00:21:52.934+0000] {processor.py:743} INFO - Processing file /opt/airflow/dags/app/data/CO2b-CIBA_Baseline_KPT Combined.xlsx for tasks to queue
[2022-12-21T00:21:52.935+0000] {logging_mixin.py:137} INFO - [2022-12-21T00:21:52.935+0000] {dagbag.py:538} INFO - Filling up the DagBag from /opt/airflow/dags/app/data/CO2b-CIBA_Baseline_KPT Combined.xlsx
[2022-12-21T00:21:52.937+0000] {processor.py:755} WARNING - No viable dags retrieved from /opt/airflow/dags/app/data/CO2b-CIBA_Baseline_KPT Combined.xlsx
[2022-12-21T00:21:52.976+0000] {processor.py:175} INFO - Processing /opt/airflow/dags/app/data/CO2b-CIBA_Baseline_KPT Combined.xlsx took 0.050 seconds
[2022-12-21T00:22:23.103+0000] {processor.py:153} INFO - Started process (PID=664) to work on /opt/airflow/dags/app/data/CO2b-CIBA_Baseline_KPT Combined.xlsx
[2022-12-21T00:22:23.104+0000] {processor.py:743} INFO - Processing file /opt/airflow/dags/app/data/CO2b-CIBA_Baseline_KPT Combined.xlsx for tasks to queue
[2022-12-21T00:22:23.105+0000] {logging_mixin.py:137} INFO - [2022-12-21T00:22:23.105+0000] {dagbag.py:538} INFO - Filling up the DagBag from /opt/airflow/dags/app/data/CO2b-CIBA_Baseline_KPT Combined.xlsx
[2022-12-21T00:22:23.107+0000] {processor.py:755} WARNING - No viable dags retrieved from /opt/airflow/dags/app/data/CO2b-CIBA_Baseline_KPT Combined.xlsx
[2022-12-21T00:22:23.140+0000] {processor.py:175} INFO - Processing /opt/airflow/dags/app/data/CO2b-CIBA_Baseline_KPT Combined.xlsx took 0.045 seconds
[2022-12-21T00:22:53.696+0000] {processor.py:153} INFO - Started process (PID=695) to work on /opt/airflow/dags/app/data/CO2b-CIBA_Baseline_KPT Combined.xlsx
[2022-12-21T00:22:53.697+0000] {processor.py:743} INFO - Processing file /opt/airflow/dags/app/data/CO2b-CIBA_Baseline_KPT Combined.xlsx for tasks to queue
[2022-12-21T00:22:53.699+0000] {logging_mixin.py:137} INFO - [2022-12-21T00:22:53.699+0000] {dagbag.py:538} INFO - Filling up the DagBag from /opt/airflow/dags/app/data/CO2b-CIBA_Baseline_KPT Combined.xlsx
[2022-12-21T00:22:53.702+0000] {processor.py:755} WARNING - No viable dags retrieved from /opt/airflow/dags/app/data/CO2b-CIBA_Baseline_KPT Combined.xlsx
[2022-12-21T00:22:53.746+0000] {processor.py:175} INFO - Processing /opt/airflow/dags/app/data/CO2b-CIBA_Baseline_KPT Combined.xlsx took 0.057 seconds
[2022-12-21T00:23:23.823+0000] {processor.py:153} INFO - Started process (PID=724) to work on /opt/airflow/dags/app/data/CO2b-CIBA_Baseline_KPT Combined.xlsx
[2022-12-21T00:23:23.825+0000] {processor.py:743} INFO - Processing file /opt/airflow/dags/app/data/CO2b-CIBA_Baseline_KPT Combined.xlsx for tasks to queue
[2022-12-21T00:23:23.826+0000] {logging_mixin.py:137} INFO - [2022-12-21T00:23:23.825+0000] {dagbag.py:538} INFO - Filling up the DagBag from /opt/airflow/dags/app/data/CO2b-CIBA_Baseline_KPT Combined.xlsx
[2022-12-21T00:23:23.827+0000] {processor.py:755} WARNING - No viable dags retrieved from /opt/airflow/dags/app/data/CO2b-CIBA_Baseline_KPT Combined.xlsx
[2022-12-21T00:23:23.861+0000] {processor.py:175} INFO - Processing /opt/airflow/dags/app/data/CO2b-CIBA_Baseline_KPT Combined.xlsx took 0.042 seconds
[2022-12-21T00:23:54.344+0000] {processor.py:153} INFO - Started process (PID=757) to work on /opt/airflow/dags/app/data/CO2b-CIBA_Baseline_KPT Combined.xlsx
[2022-12-21T00:23:54.345+0000] {processor.py:743} INFO - Processing file /opt/airflow/dags/app/data/CO2b-CIBA_Baseline_KPT Combined.xlsx for tasks to queue
[2022-12-21T00:23:54.346+0000] {logging_mixin.py:137} INFO - [2022-12-21T00:23:54.346+0000] {dagbag.py:538} INFO - Filling up the DagBag from /opt/airflow/dags/app/data/CO2b-CIBA_Baseline_KPT Combined.xlsx
[2022-12-21T00:23:54.348+0000] {processor.py:755} WARNING - No viable dags retrieved from /opt/airflow/dags/app/data/CO2b-CIBA_Baseline_KPT Combined.xlsx
[2022-12-21T00:23:54.389+0000] {processor.py:175} INFO - Processing /opt/airflow/dags/app/data/CO2b-CIBA_Baseline_KPT Combined.xlsx took 0.050 seconds
[2022-12-21T00:24:24.935+0000] {processor.py:153} INFO - Started process (PID=788) to work on /opt/airflow/dags/app/data/CO2b-CIBA_Baseline_KPT Combined.xlsx
[2022-12-21T00:24:24.936+0000] {processor.py:743} INFO - Processing file /opt/airflow/dags/app/data/CO2b-CIBA_Baseline_KPT Combined.xlsx for tasks to queue
[2022-12-21T00:24:24.937+0000] {logging_mixin.py:137} INFO - [2022-12-21T00:24:24.936+0000] {dagbag.py:538} INFO - Filling up the DagBag from /opt/airflow/dags/app/data/CO2b-CIBA_Baseline_KPT Combined.xlsx
[2022-12-21T00:24:24.939+0000] {processor.py:755} WARNING - No viable dags retrieved from /opt/airflow/dags/app/data/CO2b-CIBA_Baseline_KPT Combined.xlsx
[2022-12-21T00:24:24.966+0000] {processor.py:175} INFO - Processing /opt/airflow/dags/app/data/CO2b-CIBA_Baseline_KPT Combined.xlsx took 0.036 seconds
[2022-12-21T00:24:55.137+0000] {processor.py:153} INFO - Started process (PID=819) to work on /opt/airflow/dags/app/data/CO2b-CIBA_Baseline_KPT Combined.xlsx
[2022-12-21T00:24:55.138+0000] {processor.py:743} INFO - Processing file /opt/airflow/dags/app/data/CO2b-CIBA_Baseline_KPT Combined.xlsx for tasks to queue
[2022-12-21T00:24:55.139+0000] {logging_mixin.py:137} INFO - [2022-12-21T00:24:55.138+0000] {dagbag.py:538} INFO - Filling up the DagBag from /opt/airflow/dags/app/data/CO2b-CIBA_Baseline_KPT Combined.xlsx
[2022-12-21T00:24:55.141+0000] {processor.py:755} WARNING - No viable dags retrieved from /opt/airflow/dags/app/data/CO2b-CIBA_Baseline_KPT Combined.xlsx
[2022-12-21T00:24:55.179+0000] {processor.py:175} INFO - Processing /opt/airflow/dags/app/data/CO2b-CIBA_Baseline_KPT Combined.xlsx took 0.047 seconds
[2022-12-21T00:25:26.208+0000] {processor.py:153} INFO - Started process (PID=850) to work on /opt/airflow/dags/app/data/CO2b-CIBA_Baseline_KPT Combined.xlsx
[2022-12-21T00:25:26.213+0000] {processor.py:743} INFO - Processing file /opt/airflow/dags/app/data/CO2b-CIBA_Baseline_KPT Combined.xlsx for tasks to queue
[2022-12-21T00:25:26.215+0000] {logging_mixin.py:137} INFO - [2022-12-21T00:25:26.214+0000] {dagbag.py:538} INFO - Filling up the DagBag from /opt/airflow/dags/app/data/CO2b-CIBA_Baseline_KPT Combined.xlsx
[2022-12-21T00:25:26.218+0000] {processor.py:755} WARNING - No viable dags retrieved from /opt/airflow/dags/app/data/CO2b-CIBA_Baseline_KPT Combined.xlsx
[2022-12-21T00:25:26.305+0000] {processor.py:175} INFO - Processing /opt/airflow/dags/app/data/CO2b-CIBA_Baseline_KPT Combined.xlsx took 0.110 seconds
[2022-12-21T00:25:57.305+0000] {processor.py:153} INFO - Started process (PID=881) to work on /opt/airflow/dags/app/data/CO2b-CIBA_Baseline_KPT Combined.xlsx
[2022-12-21T00:25:57.306+0000] {processor.py:743} INFO - Processing file /opt/airflow/dags/app/data/CO2b-CIBA_Baseline_KPT Combined.xlsx for tasks to queue
[2022-12-21T00:25:57.307+0000] {logging_mixin.py:137} INFO - [2022-12-21T00:25:57.307+0000] {dagbag.py:538} INFO - Filling up the DagBag from /opt/airflow/dags/app/data/CO2b-CIBA_Baseline_KPT Combined.xlsx
[2022-12-21T00:25:57.310+0000] {processor.py:755} WARNING - No viable dags retrieved from /opt/airflow/dags/app/data/CO2b-CIBA_Baseline_KPT Combined.xlsx
[2022-12-21T00:25:57.333+0000] {processor.py:175} INFO - Processing /opt/airflow/dags/app/data/CO2b-CIBA_Baseline_KPT Combined.xlsx took 0.035 seconds
[2022-12-21T00:26:27.788+0000] {processor.py:153} INFO - Started process (PID=912) to work on /opt/airflow/dags/app/data/CO2b-CIBA_Baseline_KPT Combined.xlsx
[2022-12-21T00:26:27.791+0000] {processor.py:743} INFO - Processing file /opt/airflow/dags/app/data/CO2b-CIBA_Baseline_KPT Combined.xlsx for tasks to queue
[2022-12-21T00:26:27.792+0000] {logging_mixin.py:137} INFO - [2022-12-21T00:26:27.792+0000] {dagbag.py:538} INFO - Filling up the DagBag from /opt/airflow/dags/app/data/CO2b-CIBA_Baseline_KPT Combined.xlsx
[2022-12-21T00:26:27.795+0000] {processor.py:755} WARNING - No viable dags retrieved from /opt/airflow/dags/app/data/CO2b-CIBA_Baseline_KPT Combined.xlsx
[2022-12-21T00:26:27.855+0000] {processor.py:175} INFO - Processing /opt/airflow/dags/app/data/CO2b-CIBA_Baseline_KPT Combined.xlsx took 0.074 seconds
[2022-12-21T00:26:58.210+0000] {processor.py:153} INFO - Started process (PID=943) to work on /opt/airflow/dags/app/data/CO2b-CIBA_Baseline_KPT Combined.xlsx
[2022-12-21T00:26:58.215+0000] {processor.py:743} INFO - Processing file /opt/airflow/dags/app/data/CO2b-CIBA_Baseline_KPT Combined.xlsx for tasks to queue
[2022-12-21T00:26:58.216+0000] {logging_mixin.py:137} INFO - [2022-12-21T00:26:58.215+0000] {dagbag.py:538} INFO - Filling up the DagBag from /opt/airflow/dags/app/data/CO2b-CIBA_Baseline_KPT Combined.xlsx
[2022-12-21T00:26:58.220+0000] {processor.py:755} WARNING - No viable dags retrieved from /opt/airflow/dags/app/data/CO2b-CIBA_Baseline_KPT Combined.xlsx
[2022-12-21T00:26:58.250+0000] {processor.py:175} INFO - Processing /opt/airflow/dags/app/data/CO2b-CIBA_Baseline_KPT Combined.xlsx took 0.045 seconds
[2022-12-21T00:27:28.692+0000] {processor.py:153} INFO - Started process (PID=974) to work on /opt/airflow/dags/app/data/CO2b-CIBA_Baseline_KPT Combined.xlsx
[2022-12-21T00:27:28.693+0000] {processor.py:743} INFO - Processing file /opt/airflow/dags/app/data/CO2b-CIBA_Baseline_KPT Combined.xlsx for tasks to queue
[2022-12-21T00:27:28.694+0000] {logging_mixin.py:137} INFO - [2022-12-21T00:27:28.694+0000] {dagbag.py:538} INFO - Filling up the DagBag from /opt/airflow/dags/app/data/CO2b-CIBA_Baseline_KPT Combined.xlsx
[2022-12-21T00:27:28.696+0000] {processor.py:755} WARNING - No viable dags retrieved from /opt/airflow/dags/app/data/CO2b-CIBA_Baseline_KPT Combined.xlsx
[2022-12-21T00:27:28.721+0000] {processor.py:175} INFO - Processing /opt/airflow/dags/app/data/CO2b-CIBA_Baseline_KPT Combined.xlsx took 0.033 seconds
[2022-12-21T00:27:59.207+0000] {processor.py:153} INFO - Started process (PID=1005) to work on /opt/airflow/dags/app/data/CO2b-CIBA_Baseline_KPT Combined.xlsx
[2022-12-21T00:27:59.211+0000] {processor.py:743} INFO - Processing file /opt/airflow/dags/app/data/CO2b-CIBA_Baseline_KPT Combined.xlsx for tasks to queue
[2022-12-21T00:27:59.212+0000] {logging_mixin.py:137} INFO - [2022-12-21T00:27:59.212+0000] {dagbag.py:538} INFO - Filling up the DagBag from /opt/airflow/dags/app/data/CO2b-CIBA_Baseline_KPT Combined.xlsx
[2022-12-21T00:27:59.214+0000] {processor.py:755} WARNING - No viable dags retrieved from /opt/airflow/dags/app/data/CO2b-CIBA_Baseline_KPT Combined.xlsx
[2022-12-21T00:27:59.250+0000] {processor.py:175} INFO - Processing /opt/airflow/dags/app/data/CO2b-CIBA_Baseline_KPT Combined.xlsx took 0.049 seconds
[2022-12-21T00:28:29.341+0000] {processor.py:153} INFO - Started process (PID=1036) to work on /opt/airflow/dags/app/data/CO2b-CIBA_Baseline_KPT Combined.xlsx
[2022-12-21T00:28:29.343+0000] {processor.py:743} INFO - Processing file /opt/airflow/dags/app/data/CO2b-CIBA_Baseline_KPT Combined.xlsx for tasks to queue
[2022-12-21T00:28:29.347+0000] {logging_mixin.py:137} INFO - [2022-12-21T00:28:29.344+0000] {dagbag.py:538} INFO - Filling up the DagBag from /opt/airflow/dags/app/data/CO2b-CIBA_Baseline_KPT Combined.xlsx
[2022-12-21T00:28:29.350+0000] {processor.py:755} WARNING - No viable dags retrieved from /opt/airflow/dags/app/data/CO2b-CIBA_Baseline_KPT Combined.xlsx
[2022-12-21T00:28:29.393+0000] {processor.py:175} INFO - Processing /opt/airflow/dags/app/data/CO2b-CIBA_Baseline_KPT Combined.xlsx took 0.062 seconds
[2022-12-21T00:28:59.866+0000] {processor.py:153} INFO - Started process (PID=1067) to work on /opt/airflow/dags/app/data/CO2b-CIBA_Baseline_KPT Combined.xlsx
[2022-12-21T00:28:59.867+0000] {processor.py:743} INFO - Processing file /opt/airflow/dags/app/data/CO2b-CIBA_Baseline_KPT Combined.xlsx for tasks to queue
[2022-12-21T00:28:59.868+0000] {logging_mixin.py:137} INFO - [2022-12-21T00:28:59.868+0000] {dagbag.py:538} INFO - Filling up the DagBag from /opt/airflow/dags/app/data/CO2b-CIBA_Baseline_KPT Combined.xlsx
[2022-12-21T00:28:59.870+0000] {processor.py:755} WARNING - No viable dags retrieved from /opt/airflow/dags/app/data/CO2b-CIBA_Baseline_KPT Combined.xlsx
[2022-12-21T00:28:59.907+0000] {processor.py:175} INFO - Processing /opt/airflow/dags/app/data/CO2b-CIBA_Baseline_KPT Combined.xlsx took 0.045 seconds
[2022-12-21T00:29:30.395+0000] {processor.py:153} INFO - Started process (PID=1098) to work on /opt/airflow/dags/app/data/CO2b-CIBA_Baseline_KPT Combined.xlsx
[2022-12-21T00:29:30.396+0000] {processor.py:743} INFO - Processing file /opt/airflow/dags/app/data/CO2b-CIBA_Baseline_KPT Combined.xlsx for tasks to queue
[2022-12-21T00:29:30.397+0000] {logging_mixin.py:137} INFO - [2022-12-21T00:29:30.397+0000] {dagbag.py:538} INFO - Filling up the DagBag from /opt/airflow/dags/app/data/CO2b-CIBA_Baseline_KPT Combined.xlsx
[2022-12-21T00:29:30.398+0000] {processor.py:755} WARNING - No viable dags retrieved from /opt/airflow/dags/app/data/CO2b-CIBA_Baseline_KPT Combined.xlsx
[2022-12-21T00:29:30.462+0000] {processor.py:175} INFO - Processing /opt/airflow/dags/app/data/CO2b-CIBA_Baseline_KPT Combined.xlsx took 0.073 seconds
[2022-12-21T00:30:00.550+0000] {processor.py:153} INFO - Started process (PID=1132) to work on /opt/airflow/dags/app/data/CO2b-CIBA_Baseline_KPT Combined.xlsx
[2022-12-21T00:30:00.551+0000] {processor.py:743} INFO - Processing file /opt/airflow/dags/app/data/CO2b-CIBA_Baseline_KPT Combined.xlsx for tasks to queue
[2022-12-21T00:30:00.551+0000] {logging_mixin.py:137} INFO - [2022-12-21T00:30:00.551+0000] {dagbag.py:538} INFO - Filling up the DagBag from /opt/airflow/dags/app/data/CO2b-CIBA_Baseline_KPT Combined.xlsx
[2022-12-21T00:30:00.553+0000] {processor.py:755} WARNING - No viable dags retrieved from /opt/airflow/dags/app/data/CO2b-CIBA_Baseline_KPT Combined.xlsx
[2022-12-21T00:30:00.578+0000] {processor.py:175} INFO - Processing /opt/airflow/dags/app/data/CO2b-CIBA_Baseline_KPT Combined.xlsx took 0.034 seconds
[2022-12-21T00:30:30.669+0000] {processor.py:153} INFO - Started process (PID=1163) to work on /opt/airflow/dags/app/data/CO2b-CIBA_Baseline_KPT Combined.xlsx
[2022-12-21T00:30:30.670+0000] {processor.py:743} INFO - Processing file /opt/airflow/dags/app/data/CO2b-CIBA_Baseline_KPT Combined.xlsx for tasks to queue
[2022-12-21T00:30:30.672+0000] {logging_mixin.py:137} INFO - [2022-12-21T00:30:30.671+0000] {dagbag.py:538} INFO - Filling up the DagBag from /opt/airflow/dags/app/data/CO2b-CIBA_Baseline_KPT Combined.xlsx
[2022-12-21T00:30:30.677+0000] {processor.py:755} WARNING - No viable dags retrieved from /opt/airflow/dags/app/data/CO2b-CIBA_Baseline_KPT Combined.xlsx
[2022-12-21T00:30:30.711+0000] {processor.py:175} INFO - Processing /opt/airflow/dags/app/data/CO2b-CIBA_Baseline_KPT Combined.xlsx took 0.050 seconds
[2022-12-21T00:31:01.010+0000] {processor.py:153} INFO - Started process (PID=1191) to work on /opt/airflow/dags/app/data/CO2b-CIBA_Baseline_KPT Combined.xlsx
[2022-12-21T00:31:01.012+0000] {processor.py:743} INFO - Processing file /opt/airflow/dags/app/data/CO2b-CIBA_Baseline_KPT Combined.xlsx for tasks to queue
[2022-12-21T00:31:01.013+0000] {logging_mixin.py:137} INFO - [2022-12-21T00:31:01.013+0000] {dagbag.py:538} INFO - Filling up the DagBag from /opt/airflow/dags/app/data/CO2b-CIBA_Baseline_KPT Combined.xlsx
[2022-12-21T00:31:01.016+0000] {processor.py:755} WARNING - No viable dags retrieved from /opt/airflow/dags/app/data/CO2b-CIBA_Baseline_KPT Combined.xlsx
[2022-12-21T00:31:01.045+0000] {processor.py:175} INFO - Processing /opt/airflow/dags/app/data/CO2b-CIBA_Baseline_KPT Combined.xlsx took 0.045 seconds
[2022-12-21T00:31:31.118+0000] {processor.py:153} INFO - Started process (PID=1222) to work on /opt/airflow/dags/app/data/CO2b-CIBA_Baseline_KPT Combined.xlsx
[2022-12-21T00:31:31.119+0000] {processor.py:743} INFO - Processing file /opt/airflow/dags/app/data/CO2b-CIBA_Baseline_KPT Combined.xlsx for tasks to queue
[2022-12-21T00:31:31.120+0000] {logging_mixin.py:137} INFO - [2022-12-21T00:31:31.120+0000] {dagbag.py:538} INFO - Filling up the DagBag from /opt/airflow/dags/app/data/CO2b-CIBA_Baseline_KPT Combined.xlsx
[2022-12-21T00:31:31.122+0000] {processor.py:755} WARNING - No viable dags retrieved from /opt/airflow/dags/app/data/CO2b-CIBA_Baseline_KPT Combined.xlsx
[2022-12-21T00:31:31.149+0000] {processor.py:175} INFO - Processing /opt/airflow/dags/app/data/CO2b-CIBA_Baseline_KPT Combined.xlsx took 0.037 seconds
[2022-12-21T00:32:01.249+0000] {processor.py:153} INFO - Started process (PID=1253) to work on /opt/airflow/dags/app/data/CO2b-CIBA_Baseline_KPT Combined.xlsx
[2022-12-21T00:32:01.253+0000] {processor.py:743} INFO - Processing file /opt/airflow/dags/app/data/CO2b-CIBA_Baseline_KPT Combined.xlsx for tasks to queue
[2022-12-21T00:32:01.256+0000] {logging_mixin.py:137} INFO - [2022-12-21T00:32:01.255+0000] {dagbag.py:538} INFO - Filling up the DagBag from /opt/airflow/dags/app/data/CO2b-CIBA_Baseline_KPT Combined.xlsx
[2022-12-21T00:32:01.259+0000] {processor.py:755} WARNING - No viable dags retrieved from /opt/airflow/dags/app/data/CO2b-CIBA_Baseline_KPT Combined.xlsx
[2022-12-21T00:32:01.292+0000] {processor.py:175} INFO - Processing /opt/airflow/dags/app/data/CO2b-CIBA_Baseline_KPT Combined.xlsx took 0.059 seconds
[2022-12-21T00:32:31.393+0000] {processor.py:153} INFO - Started process (PID=1284) to work on /opt/airflow/dags/app/data/CO2b-CIBA_Baseline_KPT Combined.xlsx
[2022-12-21T00:32:31.395+0000] {processor.py:743} INFO - Processing file /opt/airflow/dags/app/data/CO2b-CIBA_Baseline_KPT Combined.xlsx for tasks to queue
[2022-12-21T00:32:31.396+0000] {logging_mixin.py:137} INFO - [2022-12-21T00:32:31.396+0000] {dagbag.py:538} INFO - Filling up the DagBag from /opt/airflow/dags/app/data/CO2b-CIBA_Baseline_KPT Combined.xlsx
[2022-12-21T00:32:31.401+0000] {processor.py:755} WARNING - No viable dags retrieved from /opt/airflow/dags/app/data/CO2b-CIBA_Baseline_KPT Combined.xlsx
[2022-12-21T00:32:31.434+0000] {processor.py:175} INFO - Processing /opt/airflow/dags/app/data/CO2b-CIBA_Baseline_KPT Combined.xlsx took 0.050 seconds
[2022-12-21T00:33:01.602+0000] {processor.py:153} INFO - Started process (PID=1315) to work on /opt/airflow/dags/app/data/CO2b-CIBA_Baseline_KPT Combined.xlsx
[2022-12-21T00:33:01.605+0000] {processor.py:743} INFO - Processing file /opt/airflow/dags/app/data/CO2b-CIBA_Baseline_KPT Combined.xlsx for tasks to queue
[2022-12-21T00:33:01.606+0000] {logging_mixin.py:137} INFO - [2022-12-21T00:33:01.606+0000] {dagbag.py:538} INFO - Filling up the DagBag from /opt/airflow/dags/app/data/CO2b-CIBA_Baseline_KPT Combined.xlsx
[2022-12-21T00:33:01.608+0000] {processor.py:755} WARNING - No viable dags retrieved from /opt/airflow/dags/app/data/CO2b-CIBA_Baseline_KPT Combined.xlsx
[2022-12-21T00:33:01.632+0000] {processor.py:175} INFO - Processing /opt/airflow/dags/app/data/CO2b-CIBA_Baseline_KPT Combined.xlsx took 0.037 seconds
[2022-12-21T00:33:32.115+0000] {processor.py:153} INFO - Started process (PID=1346) to work on /opt/airflow/dags/app/data/CO2b-CIBA_Baseline_KPT Combined.xlsx
[2022-12-21T00:33:32.118+0000] {processor.py:743} INFO - Processing file /opt/airflow/dags/app/data/CO2b-CIBA_Baseline_KPT Combined.xlsx for tasks to queue
[2022-12-21T00:33:32.119+0000] {logging_mixin.py:137} INFO - [2022-12-21T00:33:32.119+0000] {dagbag.py:538} INFO - Filling up the DagBag from /opt/airflow/dags/app/data/CO2b-CIBA_Baseline_KPT Combined.xlsx
[2022-12-21T00:33:32.120+0000] {processor.py:755} WARNING - No viable dags retrieved from /opt/airflow/dags/app/data/CO2b-CIBA_Baseline_KPT Combined.xlsx
[2022-12-21T00:33:32.146+0000] {processor.py:175} INFO - Processing /opt/airflow/dags/app/data/CO2b-CIBA_Baseline_KPT Combined.xlsx took 0.037 seconds
[2022-12-21T00:34:02.304+0000] {processor.py:153} INFO - Started process (PID=1377) to work on /opt/airflow/dags/app/data/CO2b-CIBA_Baseline_KPT Combined.xlsx
[2022-12-21T00:34:02.306+0000] {processor.py:743} INFO - Processing file /opt/airflow/dags/app/data/CO2b-CIBA_Baseline_KPT Combined.xlsx for tasks to queue
[2022-12-21T00:34:02.307+0000] {logging_mixin.py:137} INFO - [2022-12-21T00:34:02.307+0000] {dagbag.py:538} INFO - Filling up the DagBag from /opt/airflow/dags/app/data/CO2b-CIBA_Baseline_KPT Combined.xlsx
[2022-12-21T00:34:02.310+0000] {processor.py:755} WARNING - No viable dags retrieved from /opt/airflow/dags/app/data/CO2b-CIBA_Baseline_KPT Combined.xlsx
[2022-12-21T00:34:02.339+0000] {processor.py:175} INFO - Processing /opt/airflow/dags/app/data/CO2b-CIBA_Baseline_KPT Combined.xlsx took 0.040 seconds
[2022-12-21T00:34:32.823+0000] {processor.py:153} INFO - Started process (PID=1408) to work on /opt/airflow/dags/app/data/CO2b-CIBA_Baseline_KPT Combined.xlsx
[2022-12-21T00:34:32.827+0000] {processor.py:743} INFO - Processing file /opt/airflow/dags/app/data/CO2b-CIBA_Baseline_KPT Combined.xlsx for tasks to queue
[2022-12-21T00:34:32.828+0000] {logging_mixin.py:137} INFO - [2022-12-21T00:34:32.828+0000] {dagbag.py:538} INFO - Filling up the DagBag from /opt/airflow/dags/app/data/CO2b-CIBA_Baseline_KPT Combined.xlsx
[2022-12-21T00:34:32.831+0000] {processor.py:755} WARNING - No viable dags retrieved from /opt/airflow/dags/app/data/CO2b-CIBA_Baseline_KPT Combined.xlsx
[2022-12-21T00:34:32.873+0000] {processor.py:175} INFO - Processing /opt/airflow/dags/app/data/CO2b-CIBA_Baseline_KPT Combined.xlsx took 0.057 seconds
[2022-12-21T00:35:02.952+0000] {processor.py:153} INFO - Started process (PID=1439) to work on /opt/airflow/dags/app/data/CO2b-CIBA_Baseline_KPT Combined.xlsx
[2022-12-21T00:35:02.953+0000] {processor.py:743} INFO - Processing file /opt/airflow/dags/app/data/CO2b-CIBA_Baseline_KPT Combined.xlsx for tasks to queue
[2022-12-21T00:35:02.953+0000] {logging_mixin.py:137} INFO - [2022-12-21T00:35:02.953+0000] {dagbag.py:538} INFO - Filling up the DagBag from /opt/airflow/dags/app/data/CO2b-CIBA_Baseline_KPT Combined.xlsx
[2022-12-21T00:35:02.955+0000] {processor.py:755} WARNING - No viable dags retrieved from /opt/airflow/dags/app/data/CO2b-CIBA_Baseline_KPT Combined.xlsx
[2022-12-21T00:35:02.975+0000] {processor.py:175} INFO - Processing /opt/airflow/dags/app/data/CO2b-CIBA_Baseline_KPT Combined.xlsx took 0.027 seconds
[2022-12-21T00:35:33.493+0000] {processor.py:153} INFO - Started process (PID=1470) to work on /opt/airflow/dags/app/data/CO2b-CIBA_Baseline_KPT Combined.xlsx
[2022-12-21T00:35:33.495+0000] {processor.py:743} INFO - Processing file /opt/airflow/dags/app/data/CO2b-CIBA_Baseline_KPT Combined.xlsx for tasks to queue
[2022-12-21T00:35:33.497+0000] {logging_mixin.py:137} INFO - [2022-12-21T00:35:33.497+0000] {dagbag.py:538} INFO - Filling up the DagBag from /opt/airflow/dags/app/data/CO2b-CIBA_Baseline_KPT Combined.xlsx
[2022-12-21T00:35:33.500+0000] {processor.py:755} WARNING - No viable dags retrieved from /opt/airflow/dags/app/data/CO2b-CIBA_Baseline_KPT Combined.xlsx
[2022-12-21T00:35:33.523+0000] {processor.py:175} INFO - Processing /opt/airflow/dags/app/data/CO2b-CIBA_Baseline_KPT Combined.xlsx took 0.036 seconds
[2022-12-21T00:36:04.087+0000] {processor.py:153} INFO - Started process (PID=1501) to work on /opt/airflow/dags/app/data/CO2b-CIBA_Baseline_KPT Combined.xlsx
[2022-12-21T00:36:04.089+0000] {processor.py:743} INFO - Processing file /opt/airflow/dags/app/data/CO2b-CIBA_Baseline_KPT Combined.xlsx for tasks to queue
[2022-12-21T00:36:04.090+0000] {logging_mixin.py:137} INFO - [2022-12-21T00:36:04.090+0000] {dagbag.py:538} INFO - Filling up the DagBag from /opt/airflow/dags/app/data/CO2b-CIBA_Baseline_KPT Combined.xlsx
[2022-12-21T00:36:04.092+0000] {processor.py:755} WARNING - No viable dags retrieved from /opt/airflow/dags/app/data/CO2b-CIBA_Baseline_KPT Combined.xlsx
[2022-12-21T00:36:04.119+0000] {processor.py:175} INFO - Processing /opt/airflow/dags/app/data/CO2b-CIBA_Baseline_KPT Combined.xlsx took 0.039 seconds
[2022-12-21T00:36:34.617+0000] {processor.py:153} INFO - Started process (PID=1532) to work on /opt/airflow/dags/app/data/CO2b-CIBA_Baseline_KPT Combined.xlsx
[2022-12-21T00:36:34.620+0000] {processor.py:743} INFO - Processing file /opt/airflow/dags/app/data/CO2b-CIBA_Baseline_KPT Combined.xlsx for tasks to queue
[2022-12-21T00:36:34.621+0000] {logging_mixin.py:137} INFO - [2022-12-21T00:36:34.621+0000] {dagbag.py:538} INFO - Filling up the DagBag from /opt/airflow/dags/app/data/CO2b-CIBA_Baseline_KPT Combined.xlsx
[2022-12-21T00:36:34.623+0000] {processor.py:755} WARNING - No viable dags retrieved from /opt/airflow/dags/app/data/CO2b-CIBA_Baseline_KPT Combined.xlsx
[2022-12-21T00:36:34.653+0000] {processor.py:175} INFO - Processing /opt/airflow/dags/app/data/CO2b-CIBA_Baseline_KPT Combined.xlsx took 0.042 seconds
[2022-12-21T00:37:05.137+0000] {processor.py:153} INFO - Started process (PID=1563) to work on /opt/airflow/dags/app/data/CO2b-CIBA_Baseline_KPT Combined.xlsx
[2022-12-21T00:37:05.138+0000] {processor.py:743} INFO - Processing file /opt/airflow/dags/app/data/CO2b-CIBA_Baseline_KPT Combined.xlsx for tasks to queue
[2022-12-21T00:37:05.140+0000] {logging_mixin.py:137} INFO - [2022-12-21T00:37:05.139+0000] {dagbag.py:538} INFO - Filling up the DagBag from /opt/airflow/dags/app/data/CO2b-CIBA_Baseline_KPT Combined.xlsx
[2022-12-21T00:37:05.143+0000] {processor.py:755} WARNING - No viable dags retrieved from /opt/airflow/dags/app/data/CO2b-CIBA_Baseline_KPT Combined.xlsx
[2022-12-21T00:37:05.169+0000] {processor.py:175} INFO - Processing /opt/airflow/dags/app/data/CO2b-CIBA_Baseline_KPT Combined.xlsx took 0.039 seconds
[2022-12-21T00:37:35.685+0000] {processor.py:153} INFO - Started process (PID=1594) to work on /opt/airflow/dags/app/data/CO2b-CIBA_Baseline_KPT Combined.xlsx
[2022-12-21T00:37:35.688+0000] {processor.py:743} INFO - Processing file /opt/airflow/dags/app/data/CO2b-CIBA_Baseline_KPT Combined.xlsx for tasks to queue
[2022-12-21T00:37:35.689+0000] {logging_mixin.py:137} INFO - [2022-12-21T00:37:35.689+0000] {dagbag.py:538} INFO - Filling up the DagBag from /opt/airflow/dags/app/data/CO2b-CIBA_Baseline_KPT Combined.xlsx
[2022-12-21T00:37:35.691+0000] {processor.py:755} WARNING - No viable dags retrieved from /opt/airflow/dags/app/data/CO2b-CIBA_Baseline_KPT Combined.xlsx
[2022-12-21T00:37:35.718+0000] {processor.py:175} INFO - Processing /opt/airflow/dags/app/data/CO2b-CIBA_Baseline_KPT Combined.xlsx took 0.042 seconds
[2022-12-21T00:38:06.199+0000] {processor.py:153} INFO - Started process (PID=1625) to work on /opt/airflow/dags/app/data/CO2b-CIBA_Baseline_KPT Combined.xlsx
[2022-12-21T00:38:06.200+0000] {processor.py:743} INFO - Processing file /opt/airflow/dags/app/data/CO2b-CIBA_Baseline_KPT Combined.xlsx for tasks to queue
[2022-12-21T00:38:06.201+0000] {logging_mixin.py:137} INFO - [2022-12-21T00:38:06.201+0000] {dagbag.py:538} INFO - Filling up the DagBag from /opt/airflow/dags/app/data/CO2b-CIBA_Baseline_KPT Combined.xlsx
[2022-12-21T00:38:06.204+0000] {processor.py:755} WARNING - No viable dags retrieved from /opt/airflow/dags/app/data/CO2b-CIBA_Baseline_KPT Combined.xlsx
[2022-12-21T00:38:06.235+0000] {processor.py:175} INFO - Processing /opt/airflow/dags/app/data/CO2b-CIBA_Baseline_KPT Combined.xlsx took 0.043 seconds
[2022-12-21T00:38:36.694+0000] {processor.py:153} INFO - Started process (PID=1656) to work on /opt/airflow/dags/app/data/CO2b-CIBA_Baseline_KPT Combined.xlsx
[2022-12-21T00:38:36.695+0000] {processor.py:743} INFO - Processing file /opt/airflow/dags/app/data/CO2b-CIBA_Baseline_KPT Combined.xlsx for tasks to queue
[2022-12-21T00:38:36.696+0000] {logging_mixin.py:137} INFO - [2022-12-21T00:38:36.696+0000] {dagbag.py:538} INFO - Filling up the DagBag from /opt/airflow/dags/app/data/CO2b-CIBA_Baseline_KPT Combined.xlsx
[2022-12-21T00:38:36.698+0000] {processor.py:755} WARNING - No viable dags retrieved from /opt/airflow/dags/app/data/CO2b-CIBA_Baseline_KPT Combined.xlsx
[2022-12-21T00:38:36.729+0000] {processor.py:175} INFO - Processing /opt/airflow/dags/app/data/CO2b-CIBA_Baseline_KPT Combined.xlsx took 0.040 seconds
[2022-12-21T00:39:07.275+0000] {processor.py:153} INFO - Started process (PID=1687) to work on /opt/airflow/dags/app/data/CO2b-CIBA_Baseline_KPT Combined.xlsx
[2022-12-21T00:39:07.278+0000] {processor.py:743} INFO - Processing file /opt/airflow/dags/app/data/CO2b-CIBA_Baseline_KPT Combined.xlsx for tasks to queue
[2022-12-21T00:39:07.279+0000] {logging_mixin.py:137} INFO - [2022-12-21T00:39:07.279+0000] {dagbag.py:538} INFO - Filling up the DagBag from /opt/airflow/dags/app/data/CO2b-CIBA_Baseline_KPT Combined.xlsx
[2022-12-21T00:39:07.281+0000] {processor.py:755} WARNING - No viable dags retrieved from /opt/airflow/dags/app/data/CO2b-CIBA_Baseline_KPT Combined.xlsx
[2022-12-21T00:39:07.313+0000] {processor.py:175} INFO - Processing /opt/airflow/dags/app/data/CO2b-CIBA_Baseline_KPT Combined.xlsx took 0.047 seconds
[2022-12-21T00:39:37.813+0000] {processor.py:153} INFO - Started process (PID=1718) to work on /opt/airflow/dags/app/data/CO2b-CIBA_Baseline_KPT Combined.xlsx
[2022-12-21T00:39:37.814+0000] {processor.py:743} INFO - Processing file /opt/airflow/dags/app/data/CO2b-CIBA_Baseline_KPT Combined.xlsx for tasks to queue
[2022-12-21T00:39:37.815+0000] {logging_mixin.py:137} INFO - [2022-12-21T00:39:37.815+0000] {dagbag.py:538} INFO - Filling up the DagBag from /opt/airflow/dags/app/data/CO2b-CIBA_Baseline_KPT Combined.xlsx
[2022-12-21T00:39:37.816+0000] {processor.py:755} WARNING - No viable dags retrieved from /opt/airflow/dags/app/data/CO2b-CIBA_Baseline_KPT Combined.xlsx
[2022-12-21T00:39:37.849+0000] {processor.py:175} INFO - Processing /opt/airflow/dags/app/data/CO2b-CIBA_Baseline_KPT Combined.xlsx took 0.043 seconds
[2022-12-21T00:40:08.438+0000] {processor.py:153} INFO - Started process (PID=1749) to work on /opt/airflow/dags/app/data/CO2b-CIBA_Baseline_KPT Combined.xlsx
[2022-12-21T00:40:08.441+0000] {processor.py:743} INFO - Processing file /opt/airflow/dags/app/data/CO2b-CIBA_Baseline_KPT Combined.xlsx for tasks to queue
[2022-12-21T00:40:08.442+0000] {logging_mixin.py:137} INFO - [2022-12-21T00:40:08.442+0000] {dagbag.py:538} INFO - Filling up the DagBag from /opt/airflow/dags/app/data/CO2b-CIBA_Baseline_KPT Combined.xlsx
[2022-12-21T00:40:08.445+0000] {processor.py:755} WARNING - No viable dags retrieved from /opt/airflow/dags/app/data/CO2b-CIBA_Baseline_KPT Combined.xlsx
[2022-12-21T00:40:08.472+0000] {processor.py:175} INFO - Processing /opt/airflow/dags/app/data/CO2b-CIBA_Baseline_KPT Combined.xlsx took 0.039 seconds
[2022-12-21T00:40:38.862+0000] {processor.py:153} INFO - Started process (PID=1780) to work on /opt/airflow/dags/app/data/CO2b-CIBA_Baseline_KPT Combined.xlsx
[2022-12-21T00:40:38.864+0000] {processor.py:743} INFO - Processing file /opt/airflow/dags/app/data/CO2b-CIBA_Baseline_KPT Combined.xlsx for tasks to queue
[2022-12-21T00:40:38.865+0000] {logging_mixin.py:137} INFO - [2022-12-21T00:40:38.865+0000] {dagbag.py:538} INFO - Filling up the DagBag from /opt/airflow/dags/app/data/CO2b-CIBA_Baseline_KPT Combined.xlsx
[2022-12-21T00:40:38.867+0000] {processor.py:755} WARNING - No viable dags retrieved from /opt/airflow/dags/app/data/CO2b-CIBA_Baseline_KPT Combined.xlsx
[2022-12-21T00:40:38.892+0000] {processor.py:175} INFO - Processing /opt/airflow/dags/app/data/CO2b-CIBA_Baseline_KPT Combined.xlsx took 0.040 seconds
[2022-12-21T00:41:09.286+0000] {processor.py:153} INFO - Started process (PID=1808) to work on /opt/airflow/dags/app/data/CO2b-CIBA_Baseline_KPT Combined.xlsx
[2022-12-21T00:41:09.287+0000] {processor.py:743} INFO - Processing file /opt/airflow/dags/app/data/CO2b-CIBA_Baseline_KPT Combined.xlsx for tasks to queue
[2022-12-21T00:41:09.291+0000] {logging_mixin.py:137} INFO - [2022-12-21T00:41:09.290+0000] {dagbag.py:538} INFO - Filling up the DagBag from /opt/airflow/dags/app/data/CO2b-CIBA_Baseline_KPT Combined.xlsx
[2022-12-21T00:41:09.297+0000] {processor.py:755} WARNING - No viable dags retrieved from /opt/airflow/dags/app/data/CO2b-CIBA_Baseline_KPT Combined.xlsx
[2022-12-21T00:41:09.348+0000] {processor.py:175} INFO - Processing /opt/airflow/dags/app/data/CO2b-CIBA_Baseline_KPT Combined.xlsx took 0.069 seconds
[2022-12-21T00:41:39.712+0000] {processor.py:153} INFO - Started process (PID=1836) to work on /opt/airflow/dags/app/data/CO2b-CIBA_Baseline_KPT Combined.xlsx
[2022-12-21T00:41:39.714+0000] {processor.py:743} INFO - Processing file /opt/airflow/dags/app/data/CO2b-CIBA_Baseline_KPT Combined.xlsx for tasks to queue
[2022-12-21T00:41:39.715+0000] {logging_mixin.py:137} INFO - [2022-12-21T00:41:39.715+0000] {dagbag.py:538} INFO - Filling up the DagBag from /opt/airflow/dags/app/data/CO2b-CIBA_Baseline_KPT Combined.xlsx
[2022-12-21T00:41:39.718+0000] {processor.py:755} WARNING - No viable dags retrieved from /opt/airflow/dags/app/data/CO2b-CIBA_Baseline_KPT Combined.xlsx
[2022-12-21T00:41:39.749+0000] {processor.py:175} INFO - Processing /opt/airflow/dags/app/data/CO2b-CIBA_Baseline_KPT Combined.xlsx took 0.045 seconds
[2022-12-21T00:42:10.227+0000] {processor.py:153} INFO - Started process (PID=1867) to work on /opt/airflow/dags/app/data/CO2b-CIBA_Baseline_KPT Combined.xlsx
[2022-12-21T00:42:10.234+0000] {processor.py:743} INFO - Processing file /opt/airflow/dags/app/data/CO2b-CIBA_Baseline_KPT Combined.xlsx for tasks to queue
[2022-12-21T00:42:10.237+0000] {logging_mixin.py:137} INFO - [2022-12-21T00:42:10.237+0000] {dagbag.py:538} INFO - Filling up the DagBag from /opt/airflow/dags/app/data/CO2b-CIBA_Baseline_KPT Combined.xlsx
[2022-12-21T00:42:10.246+0000] {processor.py:755} WARNING - No viable dags retrieved from /opt/airflow/dags/app/data/CO2b-CIBA_Baseline_KPT Combined.xlsx
[2022-12-21T00:42:10.283+0000] {processor.py:175} INFO - Processing /opt/airflow/dags/app/data/CO2b-CIBA_Baseline_KPT Combined.xlsx took 0.080 seconds
[2022-12-21T00:42:41.256+0000] {processor.py:153} INFO - Started process (PID=1898) to work on /opt/airflow/dags/app/data/CO2b-CIBA_Baseline_KPT Combined.xlsx
[2022-12-21T00:42:41.258+0000] {processor.py:743} INFO - Processing file /opt/airflow/dags/app/data/CO2b-CIBA_Baseline_KPT Combined.xlsx for tasks to queue
[2022-12-21T00:42:41.259+0000] {logging_mixin.py:137} INFO - [2022-12-21T00:42:41.259+0000] {dagbag.py:538} INFO - Filling up the DagBag from /opt/airflow/dags/app/data/CO2b-CIBA_Baseline_KPT Combined.xlsx
[2022-12-21T00:42:41.261+0000] {processor.py:755} WARNING - No viable dags retrieved from /opt/airflow/dags/app/data/CO2b-CIBA_Baseline_KPT Combined.xlsx
[2022-12-21T00:42:41.291+0000] {processor.py:175} INFO - Processing /opt/airflow/dags/app/data/CO2b-CIBA_Baseline_KPT Combined.xlsx took 0.040 seconds
[2022-12-21T00:43:11.712+0000] {processor.py:153} INFO - Started process (PID=1929) to work on /opt/airflow/dags/app/data/CO2b-CIBA_Baseline_KPT Combined.xlsx
[2022-12-21T00:43:11.713+0000] {processor.py:743} INFO - Processing file /opt/airflow/dags/app/data/CO2b-CIBA_Baseline_KPT Combined.xlsx for tasks to queue
[2022-12-21T00:43:11.714+0000] {logging_mixin.py:137} INFO - [2022-12-21T00:43:11.714+0000] {dagbag.py:538} INFO - Filling up the DagBag from /opt/airflow/dags/app/data/CO2b-CIBA_Baseline_KPT Combined.xlsx
[2022-12-21T00:43:11.717+0000] {processor.py:755} WARNING - No viable dags retrieved from /opt/airflow/dags/app/data/CO2b-CIBA_Baseline_KPT Combined.xlsx
[2022-12-21T00:43:11.746+0000] {processor.py:175} INFO - Processing /opt/airflow/dags/app/data/CO2b-CIBA_Baseline_KPT Combined.xlsx took 0.040 seconds
[2022-12-21T00:43:42.176+0000] {processor.py:153} INFO - Started process (PID=1960) to work on /opt/airflow/dags/app/data/CO2b-CIBA_Baseline_KPT Combined.xlsx
[2022-12-21T00:43:42.178+0000] {processor.py:743} INFO - Processing file /opt/airflow/dags/app/data/CO2b-CIBA_Baseline_KPT Combined.xlsx for tasks to queue
[2022-12-21T00:43:42.179+0000] {logging_mixin.py:137} INFO - [2022-12-21T00:43:42.179+0000] {dagbag.py:538} INFO - Filling up the DagBag from /opt/airflow/dags/app/data/CO2b-CIBA_Baseline_KPT Combined.xlsx
[2022-12-21T00:43:42.181+0000] {processor.py:755} WARNING - No viable dags retrieved from /opt/airflow/dags/app/data/CO2b-CIBA_Baseline_KPT Combined.xlsx
[2022-12-21T00:43:42.206+0000] {processor.py:175} INFO - Processing /opt/airflow/dags/app/data/CO2b-CIBA_Baseline_KPT Combined.xlsx took 0.036 seconds
[2022-12-21T00:44:12.698+0000] {processor.py:153} INFO - Started process (PID=1991) to work on /opt/airflow/dags/app/data/CO2b-CIBA_Baseline_KPT Combined.xlsx
[2022-12-21T00:44:12.702+0000] {processor.py:743} INFO - Processing file /opt/airflow/dags/app/data/CO2b-CIBA_Baseline_KPT Combined.xlsx for tasks to queue
[2022-12-21T00:44:12.704+0000] {logging_mixin.py:137} INFO - [2022-12-21T00:44:12.703+0000] {dagbag.py:538} INFO - Filling up the DagBag from /opt/airflow/dags/app/data/CO2b-CIBA_Baseline_KPT Combined.xlsx
[2022-12-21T00:44:12.708+0000] {processor.py:755} WARNING - No viable dags retrieved from /opt/airflow/dags/app/data/CO2b-CIBA_Baseline_KPT Combined.xlsx
[2022-12-21T00:44:12.738+0000] {processor.py:175} INFO - Processing /opt/airflow/dags/app/data/CO2b-CIBA_Baseline_KPT Combined.xlsx took 0.057 seconds
[2022-12-21T00:44:43.145+0000] {processor.py:153} INFO - Started process (PID=2022) to work on /opt/airflow/dags/app/data/CO2b-CIBA_Baseline_KPT Combined.xlsx
[2022-12-21T00:44:43.146+0000] {processor.py:743} INFO - Processing file /opt/airflow/dags/app/data/CO2b-CIBA_Baseline_KPT Combined.xlsx for tasks to queue
[2022-12-21T00:44:43.147+0000] {logging_mixin.py:137} INFO - [2022-12-21T00:44:43.147+0000] {dagbag.py:538} INFO - Filling up the DagBag from /opt/airflow/dags/app/data/CO2b-CIBA_Baseline_KPT Combined.xlsx
[2022-12-21T00:44:43.149+0000] {processor.py:755} WARNING - No viable dags retrieved from /opt/airflow/dags/app/data/CO2b-CIBA_Baseline_KPT Combined.xlsx
[2022-12-21T00:44:43.180+0000] {processor.py:175} INFO - Processing /opt/airflow/dags/app/data/CO2b-CIBA_Baseline_KPT Combined.xlsx took 0.042 seconds
[2022-12-21T00:45:13.294+0000] {processor.py:153} INFO - Started process (PID=2053) to work on /opt/airflow/dags/app/data/CO2b-CIBA_Baseline_KPT Combined.xlsx
[2022-12-21T00:45:13.296+0000] {processor.py:743} INFO - Processing file /opt/airflow/dags/app/data/CO2b-CIBA_Baseline_KPT Combined.xlsx for tasks to queue
[2022-12-21T00:45:13.297+0000] {logging_mixin.py:137} INFO - [2022-12-21T00:45:13.297+0000] {dagbag.py:538} INFO - Filling up the DagBag from /opt/airflow/dags/app/data/CO2b-CIBA_Baseline_KPT Combined.xlsx
[2022-12-21T00:45:13.298+0000] {processor.py:755} WARNING - No viable dags retrieved from /opt/airflow/dags/app/data/CO2b-CIBA_Baseline_KPT Combined.xlsx
[2022-12-21T00:45:13.324+0000] {processor.py:175} INFO - Processing /opt/airflow/dags/app/data/CO2b-CIBA_Baseline_KPT Combined.xlsx took 0.035 seconds
[2022-12-21T00:45:43.396+0000] {processor.py:153} INFO - Started process (PID=2084) to work on /opt/airflow/dags/app/data/CO2b-CIBA_Baseline_KPT Combined.xlsx
[2022-12-21T00:45:43.398+0000] {processor.py:743} INFO - Processing file /opt/airflow/dags/app/data/CO2b-CIBA_Baseline_KPT Combined.xlsx for tasks to queue
[2022-12-21T00:45:43.399+0000] {logging_mixin.py:137} INFO - [2022-12-21T00:45:43.399+0000] {dagbag.py:538} INFO - Filling up the DagBag from /opt/airflow/dags/app/data/CO2b-CIBA_Baseline_KPT Combined.xlsx
[2022-12-21T00:45:43.402+0000] {processor.py:755} WARNING - No viable dags retrieved from /opt/airflow/dags/app/data/CO2b-CIBA_Baseline_KPT Combined.xlsx
[2022-12-21T00:45:43.431+0000] {processor.py:175} INFO - Processing /opt/airflow/dags/app/data/CO2b-CIBA_Baseline_KPT Combined.xlsx took 0.042 seconds
[2022-12-21T00:46:13.918+0000] {processor.py:153} INFO - Started process (PID=2115) to work on /opt/airflow/dags/app/data/CO2b-CIBA_Baseline_KPT Combined.xlsx
[2022-12-21T00:46:13.919+0000] {processor.py:743} INFO - Processing file /opt/airflow/dags/app/data/CO2b-CIBA_Baseline_KPT Combined.xlsx for tasks to queue
[2022-12-21T00:46:13.921+0000] {logging_mixin.py:137} INFO - [2022-12-21T00:46:13.920+0000] {dagbag.py:538} INFO - Filling up the DagBag from /opt/airflow/dags/app/data/CO2b-CIBA_Baseline_KPT Combined.xlsx
[2022-12-21T00:46:13.923+0000] {processor.py:755} WARNING - No viable dags retrieved from /opt/airflow/dags/app/data/CO2b-CIBA_Baseline_KPT Combined.xlsx
[2022-12-21T00:46:13.989+0000] {processor.py:175} INFO - Processing /opt/airflow/dags/app/data/CO2b-CIBA_Baseline_KPT Combined.xlsx took 0.077 seconds
[2022-12-21T00:46:44.469+0000] {processor.py:153} INFO - Started process (PID=2146) to work on /opt/airflow/dags/app/data/CO2b-CIBA_Baseline_KPT Combined.xlsx
[2022-12-21T00:46:44.476+0000] {processor.py:743} INFO - Processing file /opt/airflow/dags/app/data/CO2b-CIBA_Baseline_KPT Combined.xlsx for tasks to queue
[2022-12-21T00:46:44.478+0000] {logging_mixin.py:137} INFO - [2022-12-21T00:46:44.477+0000] {dagbag.py:538} INFO - Filling up the DagBag from /opt/airflow/dags/app/data/CO2b-CIBA_Baseline_KPT Combined.xlsx
[2022-12-21T00:46:44.481+0000] {processor.py:755} WARNING - No viable dags retrieved from /opt/airflow/dags/app/data/CO2b-CIBA_Baseline_KPT Combined.xlsx
[2022-12-21T00:46:44.506+0000] {processor.py:175} INFO - Processing /opt/airflow/dags/app/data/CO2b-CIBA_Baseline_KPT Combined.xlsx took 0.041 seconds
[2022-12-21T00:47:14.932+0000] {processor.py:153} INFO - Started process (PID=2177) to work on /opt/airflow/dags/app/data/CO2b-CIBA_Baseline_KPT Combined.xlsx
[2022-12-21T00:47:14.934+0000] {processor.py:743} INFO - Processing file /opt/airflow/dags/app/data/CO2b-CIBA_Baseline_KPT Combined.xlsx for tasks to queue
[2022-12-21T00:47:14.935+0000] {logging_mixin.py:137} INFO - [2022-12-21T00:47:14.935+0000] {dagbag.py:538} INFO - Filling up the DagBag from /opt/airflow/dags/app/data/CO2b-CIBA_Baseline_KPT Combined.xlsx
[2022-12-21T00:47:14.937+0000] {processor.py:755} WARNING - No viable dags retrieved from /opt/airflow/dags/app/data/CO2b-CIBA_Baseline_KPT Combined.xlsx
[2022-12-21T00:47:14.962+0000] {processor.py:175} INFO - Processing /opt/airflow/dags/app/data/CO2b-CIBA_Baseline_KPT Combined.xlsx took 0.037 seconds
[2022-12-21T00:47:45.053+0000] {processor.py:153} INFO - Started process (PID=2208) to work on /opt/airflow/dags/app/data/CO2b-CIBA_Baseline_KPT Combined.xlsx
[2022-12-21T00:47:45.055+0000] {processor.py:743} INFO - Processing file /opt/airflow/dags/app/data/CO2b-CIBA_Baseline_KPT Combined.xlsx for tasks to queue
[2022-12-21T00:47:45.056+0000] {logging_mixin.py:137} INFO - [2022-12-21T00:47:45.056+0000] {dagbag.py:538} INFO - Filling up the DagBag from /opt/airflow/dags/app/data/CO2b-CIBA_Baseline_KPT Combined.xlsx
[2022-12-21T00:47:45.059+0000] {processor.py:755} WARNING - No viable dags retrieved from /opt/airflow/dags/app/data/CO2b-CIBA_Baseline_KPT Combined.xlsx
[2022-12-21T00:47:45.087+0000] {processor.py:175} INFO - Processing /opt/airflow/dags/app/data/CO2b-CIBA_Baseline_KPT Combined.xlsx took 0.037 seconds
[2022-12-21T00:48:15.262+0000] {processor.py:153} INFO - Started process (PID=2239) to work on /opt/airflow/dags/app/data/CO2b-CIBA_Baseline_KPT Combined.xlsx
[2022-12-21T00:48:15.266+0000] {processor.py:743} INFO - Processing file /opt/airflow/dags/app/data/CO2b-CIBA_Baseline_KPT Combined.xlsx for tasks to queue
[2022-12-21T00:48:15.273+0000] {logging_mixin.py:137} INFO - [2022-12-21T00:48:15.272+0000] {dagbag.py:538} INFO - Filling up the DagBag from /opt/airflow/dags/app/data/CO2b-CIBA_Baseline_KPT Combined.xlsx
[2022-12-21T00:48:15.276+0000] {processor.py:755} WARNING - No viable dags retrieved from /opt/airflow/dags/app/data/CO2b-CIBA_Baseline_KPT Combined.xlsx
[2022-12-21T00:48:15.319+0000] {processor.py:175} INFO - Processing /opt/airflow/dags/app/data/CO2b-CIBA_Baseline_KPT Combined.xlsx took 0.065 seconds
[2022-12-21T00:48:45.417+0000] {processor.py:153} INFO - Started process (PID=2270) to work on /opt/airflow/dags/app/data/CO2b-CIBA_Baseline_KPT Combined.xlsx
[2022-12-21T00:48:45.422+0000] {processor.py:743} INFO - Processing file /opt/airflow/dags/app/data/CO2b-CIBA_Baseline_KPT Combined.xlsx for tasks to queue
[2022-12-21T00:48:45.424+0000] {logging_mixin.py:137} INFO - [2022-12-21T00:48:45.424+0000] {dagbag.py:538} INFO - Filling up the DagBag from /opt/airflow/dags/app/data/CO2b-CIBA_Baseline_KPT Combined.xlsx
[2022-12-21T00:48:45.428+0000] {processor.py:755} WARNING - No viable dags retrieved from /opt/airflow/dags/app/data/CO2b-CIBA_Baseline_KPT Combined.xlsx
[2022-12-21T00:48:45.498+0000] {processor.py:175} INFO - Processing /opt/airflow/dags/app/data/CO2b-CIBA_Baseline_KPT Combined.xlsx took 0.104 seconds
[2022-12-21T00:49:15.600+0000] {processor.py:153} INFO - Started process (PID=2301) to work on /opt/airflow/dags/app/data/CO2b-CIBA_Baseline_KPT Combined.xlsx
[2022-12-21T00:49:15.608+0000] {processor.py:743} INFO - Processing file /opt/airflow/dags/app/data/CO2b-CIBA_Baseline_KPT Combined.xlsx for tasks to queue
[2022-12-21T00:49:15.609+0000] {logging_mixin.py:137} INFO - [2022-12-21T00:49:15.609+0000] {dagbag.py:538} INFO - Filling up the DagBag from /opt/airflow/dags/app/data/CO2b-CIBA_Baseline_KPT Combined.xlsx
[2022-12-21T00:49:15.612+0000] {processor.py:755} WARNING - No viable dags retrieved from /opt/airflow/dags/app/data/CO2b-CIBA_Baseline_KPT Combined.xlsx
[2022-12-21T00:49:15.651+0000] {processor.py:175} INFO - Processing /opt/airflow/dags/app/data/CO2b-CIBA_Baseline_KPT Combined.xlsx took 0.066 seconds
[2022-12-21T00:49:46.175+0000] {processor.py:153} INFO - Started process (PID=2332) to work on /opt/airflow/dags/app/data/CO2b-CIBA_Baseline_KPT Combined.xlsx
[2022-12-21T00:49:46.176+0000] {processor.py:743} INFO - Processing file /opt/airflow/dags/app/data/CO2b-CIBA_Baseline_KPT Combined.xlsx for tasks to queue
[2022-12-21T00:49:46.178+0000] {logging_mixin.py:137} INFO - [2022-12-21T00:49:46.177+0000] {dagbag.py:538} INFO - Filling up the DagBag from /opt/airflow/dags/app/data/CO2b-CIBA_Baseline_KPT Combined.xlsx
[2022-12-21T00:49:46.180+0000] {processor.py:755} WARNING - No viable dags retrieved from /opt/airflow/dags/app/data/CO2b-CIBA_Baseline_KPT Combined.xlsx
[2022-12-21T00:49:46.207+0000] {processor.py:175} INFO - Processing /opt/airflow/dags/app/data/CO2b-CIBA_Baseline_KPT Combined.xlsx took 0.037 seconds
