[2022-12-21T00:00:14.239+0000] {processor.py:153} INFO - Started process (PID=36678) to work on /opt/airflow/dags/app/data/co2balance.xlsx
[2022-12-21T00:00:14.241+0000] {processor.py:743} INFO - Processing file /opt/airflow/dags/app/data/co2balance.xlsx for tasks to queue
[2022-12-21T00:00:14.242+0000] {logging_mixin.py:137} INFO - [2022-12-21T00:00:14.242+0000] {dagbag.py:538} INFO - Filling up the DagBag from /opt/airflow/dags/app/data/co2balance.xlsx
[2022-12-21T00:00:14.244+0000] {processor.py:755} WARNING - No viable dags retrieved from /opt/airflow/dags/app/data/co2balance.xlsx
[2022-12-21T00:00:14.277+0000] {processor.py:175} INFO - Processing /opt/airflow/dags/app/data/co2balance.xlsx took 0.047 seconds
[2022-12-21T00:00:44.495+0000] {processor.py:153} INFO - Started process (PID=36709) to work on /opt/airflow/dags/app/data/co2balance.xlsx
[2022-12-21T00:00:44.495+0000] {processor.py:743} INFO - Processing file /opt/airflow/dags/app/data/co2balance.xlsx for tasks to queue
[2022-12-21T00:00:44.497+0000] {logging_mixin.py:137} INFO - [2022-12-21T00:00:44.497+0000] {dagbag.py:538} INFO - Filling up the DagBag from /opt/airflow/dags/app/data/co2balance.xlsx
[2022-12-21T00:00:44.500+0000] {processor.py:755} WARNING - No viable dags retrieved from /opt/airflow/dags/app/data/co2balance.xlsx
[2022-12-21T00:00:44.548+0000] {processor.py:175} INFO - Processing /opt/airflow/dags/app/data/co2balance.xlsx took 0.058 seconds
[2022-12-21T00:01:15.057+0000] {processor.py:153} INFO - Started process (PID=36740) to work on /opt/airflow/dags/app/data/co2balance.xlsx
[2022-12-21T00:01:15.063+0000] {processor.py:743} INFO - Processing file /opt/airflow/dags/app/data/co2balance.xlsx for tasks to queue
[2022-12-21T00:01:15.069+0000] {logging_mixin.py:137} INFO - [2022-12-21T00:01:15.068+0000] {dagbag.py:538} INFO - Filling up the DagBag from /opt/airflow/dags/app/data/co2balance.xlsx
[2022-12-21T00:01:15.077+0000] {processor.py:755} WARNING - No viable dags retrieved from /opt/airflow/dags/app/data/co2balance.xlsx
[2022-12-21T00:01:15.119+0000] {processor.py:175} INFO - Processing /opt/airflow/dags/app/data/co2balance.xlsx took 0.085 seconds
[2022-12-21T00:01:45.174+0000] {processor.py:153} INFO - Started process (PID=36771) to work on /opt/airflow/dags/app/data/co2balance.xlsx
[2022-12-21T00:01:45.176+0000] {processor.py:743} INFO - Processing file /opt/airflow/dags/app/data/co2balance.xlsx for tasks to queue
[2022-12-21T00:01:45.177+0000] {logging_mixin.py:137} INFO - [2022-12-21T00:01:45.177+0000] {dagbag.py:538} INFO - Filling up the DagBag from /opt/airflow/dags/app/data/co2balance.xlsx
[2022-12-21T00:01:45.179+0000] {processor.py:755} WARNING - No viable dags retrieved from /opt/airflow/dags/app/data/co2balance.xlsx
[2022-12-21T00:01:45.204+0000] {processor.py:175} INFO - Processing /opt/airflow/dags/app/data/co2balance.xlsx took 0.035 seconds
[2022-12-21T00:02:15.261+0000] {processor.py:153} INFO - Started process (PID=36802) to work on /opt/airflow/dags/app/data/co2balance.xlsx
[2022-12-21T00:02:15.262+0000] {processor.py:743} INFO - Processing file /opt/airflow/dags/app/data/co2balance.xlsx for tasks to queue
[2022-12-21T00:02:15.263+0000] {logging_mixin.py:137} INFO - [2022-12-21T00:02:15.263+0000] {dagbag.py:538} INFO - Filling up the DagBag from /opt/airflow/dags/app/data/co2balance.xlsx
[2022-12-21T00:02:15.265+0000] {processor.py:755} WARNING - No viable dags retrieved from /opt/airflow/dags/app/data/co2balance.xlsx
[2022-12-21T00:02:15.287+0000] {processor.py:175} INFO - Processing /opt/airflow/dags/app/data/co2balance.xlsx took 0.031 seconds
[2022-12-21T00:02:45.835+0000] {processor.py:153} INFO - Started process (PID=36833) to work on /opt/airflow/dags/app/data/co2balance.xlsx
[2022-12-21T00:02:45.836+0000] {processor.py:743} INFO - Processing file /opt/airflow/dags/app/data/co2balance.xlsx for tasks to queue
[2022-12-21T00:02:45.837+0000] {logging_mixin.py:137} INFO - [2022-12-21T00:02:45.837+0000] {dagbag.py:538} INFO - Filling up the DagBag from /opt/airflow/dags/app/data/co2balance.xlsx
[2022-12-21T00:02:45.839+0000] {processor.py:755} WARNING - No viable dags retrieved from /opt/airflow/dags/app/data/co2balance.xlsx
[2022-12-21T00:02:45.865+0000] {processor.py:175} INFO - Processing /opt/airflow/dags/app/data/co2balance.xlsx took 0.039 seconds
[2022-12-21T00:03:16.380+0000] {processor.py:153} INFO - Started process (PID=36864) to work on /opt/airflow/dags/app/data/co2balance.xlsx
[2022-12-21T00:03:16.381+0000] {processor.py:743} INFO - Processing file /opt/airflow/dags/app/data/co2balance.xlsx for tasks to queue
[2022-12-21T00:03:16.382+0000] {logging_mixin.py:137} INFO - [2022-12-21T00:03:16.381+0000] {dagbag.py:538} INFO - Filling up the DagBag from /opt/airflow/dags/app/data/co2balance.xlsx
[2022-12-21T00:03:16.383+0000] {processor.py:755} WARNING - No viable dags retrieved from /opt/airflow/dags/app/data/co2balance.xlsx
[2022-12-21T00:03:16.408+0000] {processor.py:175} INFO - Processing /opt/airflow/dags/app/data/co2balance.xlsx took 0.032 seconds
[2022-12-21T00:03:46.884+0000] {processor.py:153} INFO - Started process (PID=36895) to work on /opt/airflow/dags/app/data/co2balance.xlsx
[2022-12-21T00:03:46.885+0000] {processor.py:743} INFO - Processing file /opt/airflow/dags/app/data/co2balance.xlsx for tasks to queue
[2022-12-21T00:03:46.887+0000] {logging_mixin.py:137} INFO - [2022-12-21T00:03:46.887+0000] {dagbag.py:538} INFO - Filling up the DagBag from /opt/airflow/dags/app/data/co2balance.xlsx
[2022-12-21T00:03:46.889+0000] {processor.py:755} WARNING - No viable dags retrieved from /opt/airflow/dags/app/data/co2balance.xlsx
[2022-12-21T00:03:46.915+0000] {processor.py:175} INFO - Processing /opt/airflow/dags/app/data/co2balance.xlsx took 0.039 seconds
[2022-12-21T00:04:17.338+0000] {processor.py:153} INFO - Started process (PID=36926) to work on /opt/airflow/dags/app/data/co2balance.xlsx
[2022-12-21T00:04:17.341+0000] {processor.py:743} INFO - Processing file /opt/airflow/dags/app/data/co2balance.xlsx for tasks to queue
[2022-12-21T00:04:17.342+0000] {logging_mixin.py:137} INFO - [2022-12-21T00:04:17.342+0000] {dagbag.py:538} INFO - Filling up the DagBag from /opt/airflow/dags/app/data/co2balance.xlsx
[2022-12-21T00:04:17.344+0000] {processor.py:755} WARNING - No viable dags retrieved from /opt/airflow/dags/app/data/co2balance.xlsx
[2022-12-21T00:04:17.374+0000] {processor.py:175} INFO - Processing /opt/airflow/dags/app/data/co2balance.xlsx took 0.043 seconds
[2022-12-21T00:04:47.602+0000] {processor.py:153} INFO - Started process (PID=36957) to work on /opt/airflow/dags/app/data/co2balance.xlsx
[2022-12-21T00:04:47.606+0000] {processor.py:743} INFO - Processing file /opt/airflow/dags/app/data/co2balance.xlsx for tasks to queue
[2022-12-21T00:04:47.608+0000] {logging_mixin.py:137} INFO - [2022-12-21T00:04:47.607+0000] {dagbag.py:538} INFO - Filling up the DagBag from /opt/airflow/dags/app/data/co2balance.xlsx
[2022-12-21T00:04:47.610+0000] {processor.py:755} WARNING - No viable dags retrieved from /opt/airflow/dags/app/data/co2balance.xlsx
[2022-12-21T00:04:47.643+0000] {processor.py:175} INFO - Processing /opt/airflow/dags/app/data/co2balance.xlsx took 0.046 seconds
[2022-12-21T00:05:17.782+0000] {processor.py:153} INFO - Started process (PID=36988) to work on /opt/airflow/dags/app/data/co2balance.xlsx
[2022-12-21T00:05:17.783+0000] {processor.py:743} INFO - Processing file /opt/airflow/dags/app/data/co2balance.xlsx for tasks to queue
[2022-12-21T00:05:17.785+0000] {logging_mixin.py:137} INFO - [2022-12-21T00:05:17.784+0000] {dagbag.py:538} INFO - Filling up the DagBag from /opt/airflow/dags/app/data/co2balance.xlsx
[2022-12-21T00:05:17.787+0000] {processor.py:755} WARNING - No viable dags retrieved from /opt/airflow/dags/app/data/co2balance.xlsx
[2022-12-21T00:05:17.823+0000] {processor.py:175} INFO - Processing /opt/airflow/dags/app/data/co2balance.xlsx took 0.047 seconds
[2022-12-21T00:05:48.302+0000] {processor.py:153} INFO - Started process (PID=37019) to work on /opt/airflow/dags/app/data/co2balance.xlsx
[2022-12-21T00:05:48.305+0000] {processor.py:743} INFO - Processing file /opt/airflow/dags/app/data/co2balance.xlsx for tasks to queue
[2022-12-21T00:05:48.306+0000] {logging_mixin.py:137} INFO - [2022-12-21T00:05:48.306+0000] {dagbag.py:538} INFO - Filling up the DagBag from /opt/airflow/dags/app/data/co2balance.xlsx
[2022-12-21T00:05:48.309+0000] {processor.py:755} WARNING - No viable dags retrieved from /opt/airflow/dags/app/data/co2balance.xlsx
[2022-12-21T00:05:48.340+0000] {processor.py:175} INFO - Processing /opt/airflow/dags/app/data/co2balance.xlsx took 0.045 seconds
[2022-12-21T00:06:18.898+0000] {processor.py:153} INFO - Started process (PID=37050) to work on /opt/airflow/dags/app/data/co2balance.xlsx
[2022-12-21T00:06:18.902+0000] {processor.py:743} INFO - Processing file /opt/airflow/dags/app/data/co2balance.xlsx for tasks to queue
[2022-12-21T00:06:18.903+0000] {logging_mixin.py:137} INFO - [2022-12-21T00:06:18.903+0000] {dagbag.py:538} INFO - Filling up the DagBag from /opt/airflow/dags/app/data/co2balance.xlsx
[2022-12-21T00:06:18.906+0000] {processor.py:755} WARNING - No viable dags retrieved from /opt/airflow/dags/app/data/co2balance.xlsx
[2022-12-21T00:06:18.943+0000] {processor.py:175} INFO - Processing /opt/airflow/dags/app/data/co2balance.xlsx took 0.051 seconds
[2022-12-21T00:06:49.083+0000] {processor.py:153} INFO - Started process (PID=37081) to work on /opt/airflow/dags/app/data/co2balance.xlsx
[2022-12-21T00:06:49.084+0000] {processor.py:743} INFO - Processing file /opt/airflow/dags/app/data/co2balance.xlsx for tasks to queue
[2022-12-21T00:06:49.086+0000] {logging_mixin.py:137} INFO - [2022-12-21T00:06:49.086+0000] {dagbag.py:538} INFO - Filling up the DagBag from /opt/airflow/dags/app/data/co2balance.xlsx
[2022-12-21T00:06:49.089+0000] {processor.py:755} WARNING - No viable dags retrieved from /opt/airflow/dags/app/data/co2balance.xlsx
[2022-12-21T00:06:49.129+0000] {processor.py:175} INFO - Processing /opt/airflow/dags/app/data/co2balance.xlsx took 0.060 seconds
[2022-12-21T00:07:19.408+0000] {processor.py:153} INFO - Started process (PID=37112) to work on /opt/airflow/dags/app/data/co2balance.xlsx
[2022-12-21T00:07:19.411+0000] {processor.py:743} INFO - Processing file /opt/airflow/dags/app/data/co2balance.xlsx for tasks to queue
[2022-12-21T00:07:19.417+0000] {logging_mixin.py:137} INFO - [2022-12-21T00:07:19.416+0000] {dagbag.py:538} INFO - Filling up the DagBag from /opt/airflow/dags/app/data/co2balance.xlsx
[2022-12-21T00:07:19.420+0000] {processor.py:755} WARNING - No viable dags retrieved from /opt/airflow/dags/app/data/co2balance.xlsx
[2022-12-21T00:07:19.468+0000] {processor.py:175} INFO - Processing /opt/airflow/dags/app/data/co2balance.xlsx took 0.069 seconds
[2022-12-21T00:07:49.538+0000] {processor.py:153} INFO - Started process (PID=37143) to work on /opt/airflow/dags/app/data/co2balance.xlsx
[2022-12-21T00:07:49.539+0000] {processor.py:743} INFO - Processing file /opt/airflow/dags/app/data/co2balance.xlsx for tasks to queue
[2022-12-21T00:07:49.540+0000] {logging_mixin.py:137} INFO - [2022-12-21T00:07:49.540+0000] {dagbag.py:538} INFO - Filling up the DagBag from /opt/airflow/dags/app/data/co2balance.xlsx
[2022-12-21T00:07:49.542+0000] {processor.py:755} WARNING - No viable dags retrieved from /opt/airflow/dags/app/data/co2balance.xlsx
[2022-12-21T00:07:49.581+0000] {processor.py:175} INFO - Processing /opt/airflow/dags/app/data/co2balance.xlsx took 0.049 seconds
[2022-12-21T00:08:19.731+0000] {processor.py:153} INFO - Started process (PID=37174) to work on /opt/airflow/dags/app/data/co2balance.xlsx
[2022-12-21T00:08:19.733+0000] {processor.py:743} INFO - Processing file /opt/airflow/dags/app/data/co2balance.xlsx for tasks to queue
[2022-12-21T00:08:19.734+0000] {logging_mixin.py:137} INFO - [2022-12-21T00:08:19.734+0000] {dagbag.py:538} INFO - Filling up the DagBag from /opt/airflow/dags/app/data/co2balance.xlsx
[2022-12-21T00:08:19.738+0000] {processor.py:755} WARNING - No viable dags retrieved from /opt/airflow/dags/app/data/co2balance.xlsx
[2022-12-21T00:08:19.769+0000] {processor.py:175} INFO - Processing /opt/airflow/dags/app/data/co2balance.xlsx took 0.048 seconds
[2022-12-21T00:08:50.305+0000] {processor.py:153} INFO - Started process (PID=37211) to work on /opt/airflow/dags/app/data/co2balance.xlsx
[2022-12-21T00:08:50.306+0000] {processor.py:743} INFO - Processing file /opt/airflow/dags/app/data/co2balance.xlsx for tasks to queue
[2022-12-21T00:08:50.307+0000] {logging_mixin.py:137} INFO - [2022-12-21T00:08:50.307+0000] {dagbag.py:538} INFO - Filling up the DagBag from /opt/airflow/dags/app/data/co2balance.xlsx
[2022-12-21T00:08:50.309+0000] {processor.py:755} WARNING - No viable dags retrieved from /opt/airflow/dags/app/data/co2balance.xlsx
[2022-12-21T00:08:50.345+0000] {processor.py:175} INFO - Processing /opt/airflow/dags/app/data/co2balance.xlsx took 0.046 seconds
[2022-12-21T00:09:20.845+0000] {processor.py:153} INFO - Started process (PID=37242) to work on /opt/airflow/dags/app/data/co2balance.xlsx
[2022-12-21T00:09:20.848+0000] {processor.py:743} INFO - Processing file /opt/airflow/dags/app/data/co2balance.xlsx for tasks to queue
[2022-12-21T00:09:20.849+0000] {logging_mixin.py:137} INFO - [2022-12-21T00:09:20.849+0000] {dagbag.py:538} INFO - Filling up the DagBag from /opt/airflow/dags/app/data/co2balance.xlsx
[2022-12-21T00:09:20.851+0000] {processor.py:755} WARNING - No viable dags retrieved from /opt/airflow/dags/app/data/co2balance.xlsx
[2022-12-21T00:09:20.876+0000] {processor.py:175} INFO - Processing /opt/airflow/dags/app/data/co2balance.xlsx took 0.038 seconds
[2022-12-21T00:09:51.418+0000] {processor.py:153} INFO - Started process (PID=37279) to work on /opt/airflow/dags/app/data/co2balance.xlsx
[2022-12-21T00:09:51.421+0000] {processor.py:743} INFO - Processing file /opt/airflow/dags/app/data/co2balance.xlsx for tasks to queue
[2022-12-21T00:09:51.424+0000] {logging_mixin.py:137} INFO - [2022-12-21T00:09:51.423+0000] {dagbag.py:538} INFO - Filling up the DagBag from /opt/airflow/dags/app/data/co2balance.xlsx
[2022-12-21T00:09:51.428+0000] {processor.py:755} WARNING - No viable dags retrieved from /opt/airflow/dags/app/data/co2balance.xlsx
[2022-12-21T00:09:51.467+0000] {processor.py:175} INFO - Processing /opt/airflow/dags/app/data/co2balance.xlsx took 0.057 seconds
[2022-12-21T00:10:21.977+0000] {processor.py:153} INFO - Started process (PID=37310) to work on /opt/airflow/dags/app/data/co2balance.xlsx
[2022-12-21T00:10:21.983+0000] {processor.py:743} INFO - Processing file /opt/airflow/dags/app/data/co2balance.xlsx for tasks to queue
[2022-12-21T00:10:21.989+0000] {logging_mixin.py:137} INFO - [2022-12-21T00:10:21.988+0000] {dagbag.py:538} INFO - Filling up the DagBag from /opt/airflow/dags/app/data/co2balance.xlsx
[2022-12-21T00:10:21.998+0000] {processor.py:755} WARNING - No viable dags retrieved from /opt/airflow/dags/app/data/co2balance.xlsx
[2022-12-21T00:10:22.078+0000] {processor.py:175} INFO - Processing /opt/airflow/dags/app/data/co2balance.xlsx took 0.125 seconds
[2022-12-21T00:10:52.305+0000] {processor.py:153} INFO - Started process (PID=37341) to work on /opt/airflow/dags/app/data/co2balance.xlsx
[2022-12-21T00:10:52.307+0000] {processor.py:743} INFO - Processing file /opt/airflow/dags/app/data/co2balance.xlsx for tasks to queue
[2022-12-21T00:10:52.309+0000] {logging_mixin.py:137} INFO - [2022-12-21T00:10:52.309+0000] {dagbag.py:538} INFO - Filling up the DagBag from /opt/airflow/dags/app/data/co2balance.xlsx
[2022-12-21T00:10:52.312+0000] {processor.py:755} WARNING - No viable dags retrieved from /opt/airflow/dags/app/data/co2balance.xlsx
[2022-12-21T00:10:52.351+0000] {processor.py:175} INFO - Processing /opt/airflow/dags/app/data/co2balance.xlsx took 0.056 seconds
[2022-12-21T00:11:22.869+0000] {processor.py:153} INFO - Started process (PID=37372) to work on /opt/airflow/dags/app/data/co2balance.xlsx
[2022-12-21T00:11:22.872+0000] {processor.py:743} INFO - Processing file /opt/airflow/dags/app/data/co2balance.xlsx for tasks to queue
[2022-12-21T00:11:22.873+0000] {logging_mixin.py:137} INFO - [2022-12-21T00:11:22.873+0000] {dagbag.py:538} INFO - Filling up the DagBag from /opt/airflow/dags/app/data/co2balance.xlsx
[2022-12-21T00:11:22.874+0000] {processor.py:755} WARNING - No viable dags retrieved from /opt/airflow/dags/app/data/co2balance.xlsx
[2022-12-21T00:11:22.901+0000] {processor.py:175} INFO - Processing /opt/airflow/dags/app/data/co2balance.xlsx took 0.037 seconds
[2022-12-21T00:11:52.942+0000] {processor.py:153} INFO - Started process (PID=37403) to work on /opt/airflow/dags/app/data/co2balance.xlsx
[2022-12-21T00:11:52.943+0000] {processor.py:743} INFO - Processing file /opt/airflow/dags/app/data/co2balance.xlsx for tasks to queue
[2022-12-21T00:11:52.944+0000] {logging_mixin.py:137} INFO - [2022-12-21T00:11:52.944+0000] {dagbag.py:538} INFO - Filling up the DagBag from /opt/airflow/dags/app/data/co2balance.xlsx
[2022-12-21T00:11:52.945+0000] {processor.py:755} WARNING - No viable dags retrieved from /opt/airflow/dags/app/data/co2balance.xlsx
[2022-12-21T00:11:52.966+0000] {processor.py:175} INFO - Processing /opt/airflow/dags/app/data/co2balance.xlsx took 0.027 seconds
[2022-12-21T00:12:23.473+0000] {processor.py:153} INFO - Started process (PID=37434) to work on /opt/airflow/dags/app/data/co2balance.xlsx
[2022-12-21T00:12:23.474+0000] {processor.py:743} INFO - Processing file /opt/airflow/dags/app/data/co2balance.xlsx for tasks to queue
[2022-12-21T00:12:23.475+0000] {logging_mixin.py:137} INFO - [2022-12-21T00:12:23.475+0000] {dagbag.py:538} INFO - Filling up the DagBag from /opt/airflow/dags/app/data/co2balance.xlsx
[2022-12-21T00:12:23.477+0000] {processor.py:755} WARNING - No viable dags retrieved from /opt/airflow/dags/app/data/co2balance.xlsx
[2022-12-21T00:12:23.505+0000] {processor.py:175} INFO - Processing /opt/airflow/dags/app/data/co2balance.xlsx took 0.039 seconds
[2022-12-21T00:12:54.029+0000] {processor.py:153} INFO - Started process (PID=37465) to work on /opt/airflow/dags/app/data/co2balance.xlsx
[2022-12-21T00:12:54.030+0000] {processor.py:743} INFO - Processing file /opt/airflow/dags/app/data/co2balance.xlsx for tasks to queue
[2022-12-21T00:12:54.032+0000] {logging_mixin.py:137} INFO - [2022-12-21T00:12:54.032+0000] {dagbag.py:538} INFO - Filling up the DagBag from /opt/airflow/dags/app/data/co2balance.xlsx
[2022-12-21T00:12:54.036+0000] {processor.py:755} WARNING - No viable dags retrieved from /opt/airflow/dags/app/data/co2balance.xlsx
[2022-12-21T00:12:54.068+0000] {processor.py:175} INFO - Processing /opt/airflow/dags/app/data/co2balance.xlsx took 0.049 seconds
[2022-12-21T00:13:24.493+0000] {processor.py:153} INFO - Started process (PID=37496) to work on /opt/airflow/dags/app/data/co2balance.xlsx
[2022-12-21T00:13:24.494+0000] {processor.py:743} INFO - Processing file /opt/airflow/dags/app/data/co2balance.xlsx for tasks to queue
[2022-12-21T00:13:24.495+0000] {logging_mixin.py:137} INFO - [2022-12-21T00:13:24.495+0000] {dagbag.py:538} INFO - Filling up the DagBag from /opt/airflow/dags/app/data/co2balance.xlsx
[2022-12-21T00:13:24.499+0000] {processor.py:755} WARNING - No viable dags retrieved from /opt/airflow/dags/app/data/co2balance.xlsx
[2022-12-21T00:13:24.576+0000] {processor.py:175} INFO - Processing /opt/airflow/dags/app/data/co2balance.xlsx took 0.092 seconds
[2022-12-21T00:13:54.928+0000] {processor.py:153} INFO - Started process (PID=37529) to work on /opt/airflow/dags/app/data/co2balance.xlsx
[2022-12-21T00:13:54.930+0000] {processor.py:743} INFO - Processing file /opt/airflow/dags/app/data/co2balance.xlsx for tasks to queue
[2022-12-21T00:13:54.935+0000] {logging_mixin.py:137} INFO - [2022-12-21T00:13:54.934+0000] {dagbag.py:538} INFO - Filling up the DagBag from /opt/airflow/dags/app/data/co2balance.xlsx
[2022-12-21T00:13:54.948+0000] {processor.py:755} WARNING - No viable dags retrieved from /opt/airflow/dags/app/data/co2balance.xlsx
[2022-12-21T00:13:55.011+0000] {processor.py:175} INFO - Processing /opt/airflow/dags/app/data/co2balance.xlsx took 0.097 seconds
[2022-12-21T00:14:46.247+0000] {processor.py:153} INFO - Started process (PID=197) to work on /opt/airflow/dags/app/data/co2balance.xlsx
[2022-12-21T00:14:46.248+0000] {processor.py:743} INFO - Processing file /opt/airflow/dags/app/data/co2balance.xlsx for tasks to queue
[2022-12-21T00:14:46.249+0000] {logging_mixin.py:137} INFO - [2022-12-21T00:14:46.249+0000] {dagbag.py:538} INFO - Filling up the DagBag from /opt/airflow/dags/app/data/co2balance.xlsx
[2022-12-21T00:14:46.255+0000] {processor.py:755} WARNING - No viable dags retrieved from /opt/airflow/dags/app/data/co2balance.xlsx
[2022-12-21T00:14:46.286+0000] {processor.py:175} INFO - Processing /opt/airflow/dags/app/data/co2balance.xlsx took 0.043 seconds
[2022-12-21T00:15:16.853+0000] {processor.py:153} INFO - Started process (PID=225) to work on /opt/airflow/dags/app/data/co2balance.xlsx
[2022-12-21T00:15:16.853+0000] {processor.py:743} INFO - Processing file /opt/airflow/dags/app/data/co2balance.xlsx for tasks to queue
[2022-12-21T00:15:16.854+0000] {logging_mixin.py:137} INFO - [2022-12-21T00:15:16.854+0000] {dagbag.py:538} INFO - Filling up the DagBag from /opt/airflow/dags/app/data/co2balance.xlsx
[2022-12-21T00:15:16.855+0000] {processor.py:755} WARNING - No viable dags retrieved from /opt/airflow/dags/app/data/co2balance.xlsx
[2022-12-21T00:15:16.874+0000] {processor.py:175} INFO - Processing /opt/airflow/dags/app/data/co2balance.xlsx took 0.024 seconds
[2022-12-21T00:15:47.405+0000] {processor.py:153} INFO - Started process (PID=256) to work on /opt/airflow/dags/app/data/co2balance.xlsx
[2022-12-21T00:15:47.407+0000] {processor.py:743} INFO - Processing file /opt/airflow/dags/app/data/co2balance.xlsx for tasks to queue
[2022-12-21T00:15:47.407+0000] {logging_mixin.py:137} INFO - [2022-12-21T00:15:47.407+0000] {dagbag.py:538} INFO - Filling up the DagBag from /opt/airflow/dags/app/data/co2balance.xlsx
[2022-12-21T00:15:47.409+0000] {processor.py:755} WARNING - No viable dags retrieved from /opt/airflow/dags/app/data/co2balance.xlsx
[2022-12-21T00:15:47.442+0000] {processor.py:175} INFO - Processing /opt/airflow/dags/app/data/co2balance.xlsx took 0.041 seconds
[2022-12-21T00:16:18.091+0000] {processor.py:153} INFO - Started process (PID=287) to work on /opt/airflow/dags/app/data/co2balance.xlsx
[2022-12-21T00:16:18.092+0000] {processor.py:743} INFO - Processing file /opt/airflow/dags/app/data/co2balance.xlsx for tasks to queue
[2022-12-21T00:16:18.093+0000] {logging_mixin.py:137} INFO - [2022-12-21T00:16:18.093+0000] {dagbag.py:538} INFO - Filling up the DagBag from /opt/airflow/dags/app/data/co2balance.xlsx
[2022-12-21T00:16:18.094+0000] {processor.py:755} WARNING - No viable dags retrieved from /opt/airflow/dags/app/data/co2balance.xlsx
[2022-12-21T00:16:18.113+0000] {processor.py:175} INFO - Processing /opt/airflow/dags/app/data/co2balance.xlsx took 0.025 seconds
[2022-12-21T00:16:48.519+0000] {processor.py:153} INFO - Started process (PID=318) to work on /opt/airflow/dags/app/data/co2balance.xlsx
[2022-12-21T00:16:48.520+0000] {processor.py:743} INFO - Processing file /opt/airflow/dags/app/data/co2balance.xlsx for tasks to queue
[2022-12-21T00:16:48.521+0000] {logging_mixin.py:137} INFO - [2022-12-21T00:16:48.521+0000] {dagbag.py:538} INFO - Filling up the DagBag from /opt/airflow/dags/app/data/co2balance.xlsx
[2022-12-21T00:16:48.523+0000] {processor.py:755} WARNING - No viable dags retrieved from /opt/airflow/dags/app/data/co2balance.xlsx
[2022-12-21T00:16:48.554+0000] {processor.py:175} INFO - Processing /opt/airflow/dags/app/data/co2balance.xlsx took 0.039 seconds
[2022-12-21T00:17:19.048+0000] {processor.py:153} INFO - Started process (PID=349) to work on /opt/airflow/dags/app/data/co2balance.xlsx
[2022-12-21T00:17:19.049+0000] {processor.py:743} INFO - Processing file /opt/airflow/dags/app/data/co2balance.xlsx for tasks to queue
[2022-12-21T00:17:19.049+0000] {logging_mixin.py:137} INFO - [2022-12-21T00:17:19.049+0000] {dagbag.py:538} INFO - Filling up the DagBag from /opt/airflow/dags/app/data/co2balance.xlsx
[2022-12-21T00:17:19.050+0000] {processor.py:755} WARNING - No viable dags retrieved from /opt/airflow/dags/app/data/co2balance.xlsx
[2022-12-21T00:17:19.069+0000] {processor.py:175} INFO - Processing /opt/airflow/dags/app/data/co2balance.xlsx took 0.024 seconds
[2022-12-21T00:17:49.681+0000] {processor.py:153} INFO - Started process (PID=380) to work on /opt/airflow/dags/app/data/co2balance.xlsx
[2022-12-21T00:17:49.682+0000] {processor.py:743} INFO - Processing file /opt/airflow/dags/app/data/co2balance.xlsx for tasks to queue
[2022-12-21T00:17:49.682+0000] {logging_mixin.py:137} INFO - [2022-12-21T00:17:49.682+0000] {dagbag.py:538} INFO - Filling up the DagBag from /opt/airflow/dags/app/data/co2balance.xlsx
[2022-12-21T00:17:49.684+0000] {processor.py:755} WARNING - No viable dags retrieved from /opt/airflow/dags/app/data/co2balance.xlsx
[2022-12-21T00:17:49.707+0000] {processor.py:175} INFO - Processing /opt/airflow/dags/app/data/co2balance.xlsx took 0.030 seconds
[2022-12-21T00:18:20.145+0000] {processor.py:153} INFO - Started process (PID=411) to work on /opt/airflow/dags/app/data/co2balance.xlsx
[2022-12-21T00:18:20.147+0000] {processor.py:743} INFO - Processing file /opt/airflow/dags/app/data/co2balance.xlsx for tasks to queue
[2022-12-21T00:18:20.148+0000] {logging_mixin.py:137} INFO - [2022-12-21T00:18:20.148+0000] {dagbag.py:538} INFO - Filling up the DagBag from /opt/airflow/dags/app/data/co2balance.xlsx
[2022-12-21T00:18:20.151+0000] {processor.py:755} WARNING - No viable dags retrieved from /opt/airflow/dags/app/data/co2balance.xlsx
[2022-12-21T00:18:20.217+0000] {processor.py:175} INFO - Processing /opt/airflow/dags/app/data/co2balance.xlsx took 0.079 seconds
[2022-12-21T00:18:50.750+0000] {processor.py:153} INFO - Started process (PID=442) to work on /opt/airflow/dags/app/data/co2balance.xlsx
[2022-12-21T00:18:50.751+0000] {processor.py:743} INFO - Processing file /opt/airflow/dags/app/data/co2balance.xlsx for tasks to queue
[2022-12-21T00:18:50.752+0000] {logging_mixin.py:137} INFO - [2022-12-21T00:18:50.752+0000] {dagbag.py:538} INFO - Filling up the DagBag from /opt/airflow/dags/app/data/co2balance.xlsx
[2022-12-21T00:18:50.754+0000] {processor.py:755} WARNING - No viable dags retrieved from /opt/airflow/dags/app/data/co2balance.xlsx
[2022-12-21T00:18:50.781+0000] {processor.py:175} INFO - Processing /opt/airflow/dags/app/data/co2balance.xlsx took 0.035 seconds
[2022-12-21T00:19:21.234+0000] {processor.py:153} INFO - Started process (PID=473) to work on /opt/airflow/dags/app/data/co2balance.xlsx
[2022-12-21T00:19:21.235+0000] {processor.py:743} INFO - Processing file /opt/airflow/dags/app/data/co2balance.xlsx for tasks to queue
[2022-12-21T00:19:21.236+0000] {logging_mixin.py:137} INFO - [2022-12-21T00:19:21.236+0000] {dagbag.py:538} INFO - Filling up the DagBag from /opt/airflow/dags/app/data/co2balance.xlsx
[2022-12-21T00:19:21.245+0000] {processor.py:755} WARNING - No viable dags retrieved from /opt/airflow/dags/app/data/co2balance.xlsx
[2022-12-21T00:19:21.293+0000] {processor.py:175} INFO - Processing /opt/airflow/dags/app/data/co2balance.xlsx took 0.072 seconds
[2022-12-21T00:19:51.831+0000] {processor.py:153} INFO - Started process (PID=502) to work on /opt/airflow/dags/app/data/co2balance.xlsx
[2022-12-21T00:19:51.832+0000] {processor.py:743} INFO - Processing file /opt/airflow/dags/app/data/co2balance.xlsx for tasks to queue
[2022-12-21T00:19:51.834+0000] {logging_mixin.py:137} INFO - [2022-12-21T00:19:51.834+0000] {dagbag.py:538} INFO - Filling up the DagBag from /opt/airflow/dags/app/data/co2balance.xlsx
[2022-12-21T00:19:51.835+0000] {processor.py:755} WARNING - No viable dags retrieved from /opt/airflow/dags/app/data/co2balance.xlsx
[2022-12-21T00:19:51.875+0000] {processor.py:175} INFO - Processing /opt/airflow/dags/app/data/co2balance.xlsx took 0.050 seconds
[2022-12-21T00:20:22.014+0000] {processor.py:153} INFO - Started process (PID=535) to work on /opt/airflow/dags/app/data/co2balance.xlsx
[2022-12-21T00:20:22.015+0000] {processor.py:743} INFO - Processing file /opt/airflow/dags/app/data/co2balance.xlsx for tasks to queue
[2022-12-21T00:20:22.016+0000] {logging_mixin.py:137} INFO - [2022-12-21T00:20:22.015+0000] {dagbag.py:538} INFO - Filling up the DagBag from /opt/airflow/dags/app/data/co2balance.xlsx
[2022-12-21T00:20:22.017+0000] {processor.py:755} WARNING - No viable dags retrieved from /opt/airflow/dags/app/data/co2balance.xlsx
[2022-12-21T00:20:22.042+0000] {processor.py:175} INFO - Processing /opt/airflow/dags/app/data/co2balance.xlsx took 0.031 seconds
[2022-12-21T00:20:52.606+0000] {processor.py:153} INFO - Started process (PID=566) to work on /opt/airflow/dags/app/data/co2balance.xlsx
[2022-12-21T00:20:52.607+0000] {processor.py:743} INFO - Processing file /opt/airflow/dags/app/data/co2balance.xlsx for tasks to queue
[2022-12-21T00:20:52.608+0000] {logging_mixin.py:137} INFO - [2022-12-21T00:20:52.608+0000] {dagbag.py:538} INFO - Filling up the DagBag from /opt/airflow/dags/app/data/co2balance.xlsx
[2022-12-21T00:20:52.609+0000] {processor.py:755} WARNING - No viable dags retrieved from /opt/airflow/dags/app/data/co2balance.xlsx
[2022-12-21T00:20:52.631+0000] {processor.py:175} INFO - Processing /opt/airflow/dags/app/data/co2balance.xlsx took 0.029 seconds
[2022-12-21T00:21:22.742+0000] {processor.py:153} INFO - Started process (PID=597) to work on /opt/airflow/dags/app/data/co2balance.xlsx
[2022-12-21T00:21:22.743+0000] {processor.py:743} INFO - Processing file /opt/airflow/dags/app/data/co2balance.xlsx for tasks to queue
[2022-12-21T00:21:22.743+0000] {logging_mixin.py:137} INFO - [2022-12-21T00:21:22.743+0000] {dagbag.py:538} INFO - Filling up the DagBag from /opt/airflow/dags/app/data/co2balance.xlsx
[2022-12-21T00:21:22.745+0000] {processor.py:755} WARNING - No viable dags retrieved from /opt/airflow/dags/app/data/co2balance.xlsx
[2022-12-21T00:21:22.773+0000] {processor.py:175} INFO - Processing /opt/airflow/dags/app/data/co2balance.xlsx took 0.038 seconds
[2022-12-21T00:21:52.860+0000] {processor.py:153} INFO - Started process (PID=628) to work on /opt/airflow/dags/app/data/co2balance.xlsx
[2022-12-21T00:21:52.863+0000] {processor.py:743} INFO - Processing file /opt/airflow/dags/app/data/co2balance.xlsx for tasks to queue
[2022-12-21T00:21:52.865+0000] {logging_mixin.py:137} INFO - [2022-12-21T00:21:52.865+0000] {dagbag.py:538} INFO - Filling up the DagBag from /opt/airflow/dags/app/data/co2balance.xlsx
[2022-12-21T00:21:52.867+0000] {processor.py:755} WARNING - No viable dags retrieved from /opt/airflow/dags/app/data/co2balance.xlsx
[2022-12-21T00:21:52.893+0000] {processor.py:175} INFO - Processing /opt/airflow/dags/app/data/co2balance.xlsx took 0.036 seconds
[2022-12-21T00:22:22.999+0000] {processor.py:153} INFO - Started process (PID=659) to work on /opt/airflow/dags/app/data/co2balance.xlsx
[2022-12-21T00:22:23.004+0000] {processor.py:743} INFO - Processing file /opt/airflow/dags/app/data/co2balance.xlsx for tasks to queue
[2022-12-21T00:22:23.005+0000] {logging_mixin.py:137} INFO - [2022-12-21T00:22:23.005+0000] {dagbag.py:538} INFO - Filling up the DagBag from /opt/airflow/dags/app/data/co2balance.xlsx
[2022-12-21T00:22:23.006+0000] {processor.py:755} WARNING - No viable dags retrieved from /opt/airflow/dags/app/data/co2balance.xlsx
[2022-12-21T00:22:23.051+0000] {processor.py:175} INFO - Processing /opt/airflow/dags/app/data/co2balance.xlsx took 0.060 seconds
[2022-12-21T00:22:53.605+0000] {processor.py:153} INFO - Started process (PID=690) to work on /opt/airflow/dags/app/data/co2balance.xlsx
[2022-12-21T00:22:53.608+0000] {processor.py:743} INFO - Processing file /opt/airflow/dags/app/data/co2balance.xlsx for tasks to queue
[2022-12-21T00:22:53.611+0000] {logging_mixin.py:137} INFO - [2022-12-21T00:22:53.610+0000] {dagbag.py:538} INFO - Filling up the DagBag from /opt/airflow/dags/app/data/co2balance.xlsx
[2022-12-21T00:22:53.612+0000] {processor.py:755} WARNING - No viable dags retrieved from /opt/airflow/dags/app/data/co2balance.xlsx
[2022-12-21T00:22:53.647+0000] {processor.py:175} INFO - Processing /opt/airflow/dags/app/data/co2balance.xlsx took 0.048 seconds
[2022-12-21T00:23:23.803+0000] {processor.py:153} INFO - Started process (PID=721) to work on /opt/airflow/dags/app/data/co2balance.xlsx
[2022-12-21T00:23:23.805+0000] {processor.py:743} INFO - Processing file /opt/airflow/dags/app/data/co2balance.xlsx for tasks to queue
[2022-12-21T00:23:23.808+0000] {logging_mixin.py:137} INFO - [2022-12-21T00:23:23.807+0000] {dagbag.py:538} INFO - Filling up the DagBag from /opt/airflow/dags/app/data/co2balance.xlsx
[2022-12-21T00:23:23.811+0000] {processor.py:755} WARNING - No viable dags retrieved from /opt/airflow/dags/app/data/co2balance.xlsx
[2022-12-21T00:23:23.847+0000] {processor.py:175} INFO - Processing /opt/airflow/dags/app/data/co2balance.xlsx took 0.048 seconds
[2022-12-21T00:23:54.271+0000] {processor.py:153} INFO - Started process (PID=752) to work on /opt/airflow/dags/app/data/co2balance.xlsx
[2022-12-21T00:23:54.272+0000] {processor.py:743} INFO - Processing file /opt/airflow/dags/app/data/co2balance.xlsx for tasks to queue
[2022-12-21T00:23:54.272+0000] {logging_mixin.py:137} INFO - [2022-12-21T00:23:54.272+0000] {dagbag.py:538} INFO - Filling up the DagBag from /opt/airflow/dags/app/data/co2balance.xlsx
[2022-12-21T00:23:54.274+0000] {processor.py:755} WARNING - No viable dags retrieved from /opt/airflow/dags/app/data/co2balance.xlsx
[2022-12-21T00:23:54.300+0000] {processor.py:175} INFO - Processing /opt/airflow/dags/app/data/co2balance.xlsx took 0.033 seconds
[2022-12-21T00:24:24.863+0000] {processor.py:153} INFO - Started process (PID=783) to work on /opt/airflow/dags/app/data/co2balance.xlsx
[2022-12-21T00:24:24.866+0000] {processor.py:743} INFO - Processing file /opt/airflow/dags/app/data/co2balance.xlsx for tasks to queue
[2022-12-21T00:24:24.868+0000] {logging_mixin.py:137} INFO - [2022-12-21T00:24:24.867+0000] {dagbag.py:538} INFO - Filling up the DagBag from /opt/airflow/dags/app/data/co2balance.xlsx
[2022-12-21T00:24:24.870+0000] {processor.py:755} WARNING - No viable dags retrieved from /opt/airflow/dags/app/data/co2balance.xlsx
[2022-12-21T00:24:24.895+0000] {processor.py:175} INFO - Processing /opt/airflow/dags/app/data/co2balance.xlsx took 0.036 seconds
[2022-12-21T00:24:55.035+0000] {processor.py:153} INFO - Started process (PID=814) to work on /opt/airflow/dags/app/data/co2balance.xlsx
[2022-12-21T00:24:55.041+0000] {processor.py:743} INFO - Processing file /opt/airflow/dags/app/data/co2balance.xlsx for tasks to queue
[2022-12-21T00:24:55.043+0000] {logging_mixin.py:137} INFO - [2022-12-21T00:24:55.043+0000] {dagbag.py:538} INFO - Filling up the DagBag from /opt/airflow/dags/app/data/co2balance.xlsx
[2022-12-21T00:24:55.045+0000] {processor.py:755} WARNING - No viable dags retrieved from /opt/airflow/dags/app/data/co2balance.xlsx
[2022-12-21T00:24:55.081+0000] {processor.py:175} INFO - Processing /opt/airflow/dags/app/data/co2balance.xlsx took 0.054 seconds
[2022-12-21T00:25:25.125+0000] {processor.py:153} INFO - Started process (PID=845) to work on /opt/airflow/dags/app/data/co2balance.xlsx
[2022-12-21T00:25:25.126+0000] {processor.py:743} INFO - Processing file /opt/airflow/dags/app/data/co2balance.xlsx for tasks to queue
[2022-12-21T00:25:25.127+0000] {logging_mixin.py:137} INFO - [2022-12-21T00:25:25.127+0000] {dagbag.py:538} INFO - Filling up the DagBag from /opt/airflow/dags/app/data/co2balance.xlsx
[2022-12-21T00:25:25.129+0000] {processor.py:755} WARNING - No viable dags retrieved from /opt/airflow/dags/app/data/co2balance.xlsx
[2022-12-21T00:25:25.159+0000] {processor.py:175} INFO - Processing /opt/airflow/dags/app/data/co2balance.xlsx took 0.039 seconds
[2022-12-21T00:25:55.250+0000] {processor.py:153} INFO - Started process (PID=876) to work on /opt/airflow/dags/app/data/co2balance.xlsx
[2022-12-21T00:25:55.251+0000] {processor.py:743} INFO - Processing file /opt/airflow/dags/app/data/co2balance.xlsx for tasks to queue
[2022-12-21T00:25:55.252+0000] {logging_mixin.py:137} INFO - [2022-12-21T00:25:55.252+0000] {dagbag.py:538} INFO - Filling up the DagBag from /opt/airflow/dags/app/data/co2balance.xlsx
[2022-12-21T00:25:55.253+0000] {processor.py:755} WARNING - No viable dags retrieved from /opt/airflow/dags/app/data/co2balance.xlsx
[2022-12-21T00:25:55.276+0000] {processor.py:175} INFO - Processing /opt/airflow/dags/app/data/co2balance.xlsx took 0.031 seconds
[2022-12-21T00:26:25.750+0000] {processor.py:153} INFO - Started process (PID=907) to work on /opt/airflow/dags/app/data/co2balance.xlsx
[2022-12-21T00:26:25.753+0000] {processor.py:743} INFO - Processing file /opt/airflow/dags/app/data/co2balance.xlsx for tasks to queue
[2022-12-21T00:26:25.754+0000] {logging_mixin.py:137} INFO - [2022-12-21T00:26:25.754+0000] {dagbag.py:538} INFO - Filling up the DagBag from /opt/airflow/dags/app/data/co2balance.xlsx
[2022-12-21T00:26:25.755+0000] {processor.py:755} WARNING - No viable dags retrieved from /opt/airflow/dags/app/data/co2balance.xlsx
[2022-12-21T00:26:25.782+0000] {processor.py:175} INFO - Processing /opt/airflow/dags/app/data/co2balance.xlsx took 0.038 seconds
[2022-12-21T00:26:56.190+0000] {processor.py:153} INFO - Started process (PID=938) to work on /opt/airflow/dags/app/data/co2balance.xlsx
[2022-12-21T00:26:56.192+0000] {processor.py:743} INFO - Processing file /opt/airflow/dags/app/data/co2balance.xlsx for tasks to queue
[2022-12-21T00:26:56.193+0000] {logging_mixin.py:137} INFO - [2022-12-21T00:26:56.193+0000] {dagbag.py:538} INFO - Filling up the DagBag from /opt/airflow/dags/app/data/co2balance.xlsx
[2022-12-21T00:26:56.194+0000] {processor.py:755} WARNING - No viable dags retrieved from /opt/airflow/dags/app/data/co2balance.xlsx
[2022-12-21T00:26:56.220+0000] {processor.py:175} INFO - Processing /opt/airflow/dags/app/data/co2balance.xlsx took 0.034 seconds
[2022-12-21T00:27:26.666+0000] {processor.py:153} INFO - Started process (PID=969) to work on /opt/airflow/dags/app/data/co2balance.xlsx
[2022-12-21T00:27:26.667+0000] {processor.py:743} INFO - Processing file /opt/airflow/dags/app/data/co2balance.xlsx for tasks to queue
[2022-12-21T00:27:26.669+0000] {logging_mixin.py:137} INFO - [2022-12-21T00:27:26.668+0000] {dagbag.py:538} INFO - Filling up the DagBag from /opt/airflow/dags/app/data/co2balance.xlsx
[2022-12-21T00:27:26.674+0000] {processor.py:755} WARNING - No viable dags retrieved from /opt/airflow/dags/app/data/co2balance.xlsx
[2022-12-21T00:27:26.711+0000] {processor.py:175} INFO - Processing /opt/airflow/dags/app/data/co2balance.xlsx took 0.053 seconds
[2022-12-21T00:27:57.159+0000] {processor.py:153} INFO - Started process (PID=1000) to work on /opt/airflow/dags/app/data/co2balance.xlsx
[2022-12-21T00:27:57.159+0000] {processor.py:743} INFO - Processing file /opt/airflow/dags/app/data/co2balance.xlsx for tasks to queue
[2022-12-21T00:27:57.160+0000] {logging_mixin.py:137} INFO - [2022-12-21T00:27:57.160+0000] {dagbag.py:538} INFO - Filling up the DagBag from /opt/airflow/dags/app/data/co2balance.xlsx
[2022-12-21T00:27:57.161+0000] {processor.py:755} WARNING - No viable dags retrieved from /opt/airflow/dags/app/data/co2balance.xlsx
[2022-12-21T00:27:57.180+0000] {processor.py:175} INFO - Processing /opt/airflow/dags/app/data/co2balance.xlsx took 0.026 seconds
[2022-12-21T00:28:27.261+0000] {processor.py:153} INFO - Started process (PID=1029) to work on /opt/airflow/dags/app/data/co2balance.xlsx
[2022-12-21T00:28:27.262+0000] {processor.py:743} INFO - Processing file /opt/airflow/dags/app/data/co2balance.xlsx for tasks to queue
[2022-12-21T00:28:27.264+0000] {logging_mixin.py:137} INFO - [2022-12-21T00:28:27.264+0000] {dagbag.py:538} INFO - Filling up the DagBag from /opt/airflow/dags/app/data/co2balance.xlsx
[2022-12-21T00:28:27.265+0000] {processor.py:755} WARNING - No viable dags retrieved from /opt/airflow/dags/app/data/co2balance.xlsx
[2022-12-21T00:28:27.292+0000] {processor.py:175} INFO - Processing /opt/airflow/dags/app/data/co2balance.xlsx took 0.037 seconds
[2022-12-21T00:28:57.834+0000] {processor.py:153} INFO - Started process (PID=1062) to work on /opt/airflow/dags/app/data/co2balance.xlsx
[2022-12-21T00:28:57.835+0000] {processor.py:743} INFO - Processing file /opt/airflow/dags/app/data/co2balance.xlsx for tasks to queue
[2022-12-21T00:28:57.836+0000] {logging_mixin.py:137} INFO - [2022-12-21T00:28:57.836+0000] {dagbag.py:538} INFO - Filling up the DagBag from /opt/airflow/dags/app/data/co2balance.xlsx
[2022-12-21T00:28:57.837+0000] {processor.py:755} WARNING - No viable dags retrieved from /opt/airflow/dags/app/data/co2balance.xlsx
[2022-12-21T00:28:57.858+0000] {processor.py:175} INFO - Processing /opt/airflow/dags/app/data/co2balance.xlsx took 0.028 seconds
[2022-12-21T00:29:28.376+0000] {processor.py:153} INFO - Started process (PID=1093) to work on /opt/airflow/dags/app/data/co2balance.xlsx
[2022-12-21T00:29:28.377+0000] {processor.py:743} INFO - Processing file /opt/airflow/dags/app/data/co2balance.xlsx for tasks to queue
[2022-12-21T00:29:28.378+0000] {logging_mixin.py:137} INFO - [2022-12-21T00:29:28.378+0000] {dagbag.py:538} INFO - Filling up the DagBag from /opt/airflow/dags/app/data/co2balance.xlsx
[2022-12-21T00:29:28.379+0000] {processor.py:755} WARNING - No viable dags retrieved from /opt/airflow/dags/app/data/co2balance.xlsx
[2022-12-21T00:29:28.429+0000] {processor.py:175} INFO - Processing /opt/airflow/dags/app/data/co2balance.xlsx took 0.058 seconds
[2022-12-21T00:29:59.475+0000] {processor.py:153} INFO - Started process (PID=1124) to work on /opt/airflow/dags/app/data/co2balance.xlsx
[2022-12-21T00:29:59.478+0000] {processor.py:743} INFO - Processing file /opt/airflow/dags/app/data/co2balance.xlsx for tasks to queue
[2022-12-21T00:29:59.481+0000] {logging_mixin.py:137} INFO - [2022-12-21T00:29:59.480+0000] {dagbag.py:538} INFO - Filling up the DagBag from /opt/airflow/dags/app/data/co2balance.xlsx
[2022-12-21T00:29:59.485+0000] {processor.py:755} WARNING - No viable dags retrieved from /opt/airflow/dags/app/data/co2balance.xlsx
[2022-12-21T00:29:59.511+0000] {processor.py:175} INFO - Processing /opt/airflow/dags/app/data/co2balance.xlsx took 0.041 seconds
[2022-12-21T00:30:29.574+0000] {processor.py:153} INFO - Started process (PID=1155) to work on /opt/airflow/dags/app/data/co2balance.xlsx
[2022-12-21T00:30:29.575+0000] {processor.py:743} INFO - Processing file /opt/airflow/dags/app/data/co2balance.xlsx for tasks to queue
[2022-12-21T00:30:29.576+0000] {logging_mixin.py:137} INFO - [2022-12-21T00:30:29.576+0000] {dagbag.py:538} INFO - Filling up the DagBag from /opt/airflow/dags/app/data/co2balance.xlsx
[2022-12-21T00:30:29.579+0000] {processor.py:755} WARNING - No viable dags retrieved from /opt/airflow/dags/app/data/co2balance.xlsx
[2022-12-21T00:30:29.608+0000] {processor.py:175} INFO - Processing /opt/airflow/dags/app/data/co2balance.xlsx took 0.038 seconds
[2022-12-21T00:30:59.957+0000] {processor.py:153} INFO - Started process (PID=1186) to work on /opt/airflow/dags/app/data/co2balance.xlsx
[2022-12-21T00:30:59.960+0000] {processor.py:743} INFO - Processing file /opt/airflow/dags/app/data/co2balance.xlsx for tasks to queue
[2022-12-21T00:30:59.961+0000] {logging_mixin.py:137} INFO - [2022-12-21T00:30:59.961+0000] {dagbag.py:538} INFO - Filling up the DagBag from /opt/airflow/dags/app/data/co2balance.xlsx
[2022-12-21T00:30:59.963+0000] {processor.py:755} WARNING - No viable dags retrieved from /opt/airflow/dags/app/data/co2balance.xlsx
[2022-12-21T00:30:59.990+0000] {processor.py:175} INFO - Processing /opt/airflow/dags/app/data/co2balance.xlsx took 0.036 seconds
[2022-12-21T00:31:30.060+0000] {processor.py:153} INFO - Started process (PID=1217) to work on /opt/airflow/dags/app/data/co2balance.xlsx
[2022-12-21T00:31:30.061+0000] {processor.py:743} INFO - Processing file /opt/airflow/dags/app/data/co2balance.xlsx for tasks to queue
[2022-12-21T00:31:30.061+0000] {logging_mixin.py:137} INFO - [2022-12-21T00:31:30.061+0000] {dagbag.py:538} INFO - Filling up the DagBag from /opt/airflow/dags/app/data/co2balance.xlsx
[2022-12-21T00:31:30.063+0000] {processor.py:755} WARNING - No viable dags retrieved from /opt/airflow/dags/app/data/co2balance.xlsx
[2022-12-21T00:31:30.086+0000] {processor.py:175} INFO - Processing /opt/airflow/dags/app/data/co2balance.xlsx took 0.031 seconds
[2022-12-21T00:32:00.127+0000] {processor.py:153} INFO - Started process (PID=1248) to work on /opt/airflow/dags/app/data/co2balance.xlsx
[2022-12-21T00:32:00.129+0000] {processor.py:743} INFO - Processing file /opt/airflow/dags/app/data/co2balance.xlsx for tasks to queue
[2022-12-21T00:32:00.130+0000] {logging_mixin.py:137} INFO - [2022-12-21T00:32:00.130+0000] {dagbag.py:538} INFO - Filling up the DagBag from /opt/airflow/dags/app/data/co2balance.xlsx
[2022-12-21T00:32:00.132+0000] {processor.py:755} WARNING - No viable dags retrieved from /opt/airflow/dags/app/data/co2balance.xlsx
[2022-12-21T00:32:00.156+0000] {processor.py:175} INFO - Processing /opt/airflow/dags/app/data/co2balance.xlsx took 0.035 seconds
[2022-12-21T00:32:30.283+0000] {processor.py:153} INFO - Started process (PID=1279) to work on /opt/airflow/dags/app/data/co2balance.xlsx
[2022-12-21T00:32:30.284+0000] {processor.py:743} INFO - Processing file /opt/airflow/dags/app/data/co2balance.xlsx for tasks to queue
[2022-12-21T00:32:30.286+0000] {logging_mixin.py:137} INFO - [2022-12-21T00:32:30.285+0000] {dagbag.py:538} INFO - Filling up the DagBag from /opt/airflow/dags/app/data/co2balance.xlsx
[2022-12-21T00:32:30.288+0000] {processor.py:755} WARNING - No viable dags retrieved from /opt/airflow/dags/app/data/co2balance.xlsx
[2022-12-21T00:32:30.314+0000] {processor.py:175} INFO - Processing /opt/airflow/dags/app/data/co2balance.xlsx took 0.041 seconds
[2022-12-21T00:33:00.549+0000] {processor.py:153} INFO - Started process (PID=1310) to work on /opt/airflow/dags/app/data/co2balance.xlsx
[2022-12-21T00:33:00.551+0000] {processor.py:743} INFO - Processing file /opt/airflow/dags/app/data/co2balance.xlsx for tasks to queue
[2022-12-21T00:33:00.552+0000] {logging_mixin.py:137} INFO - [2022-12-21T00:33:00.552+0000] {dagbag.py:538} INFO - Filling up the DagBag from /opt/airflow/dags/app/data/co2balance.xlsx
[2022-12-21T00:33:00.553+0000] {processor.py:755} WARNING - No viable dags retrieved from /opt/airflow/dags/app/data/co2balance.xlsx
[2022-12-21T00:33:00.575+0000] {processor.py:175} INFO - Processing /opt/airflow/dags/app/data/co2balance.xlsx took 0.030 seconds
[2022-12-21T00:33:31.078+0000] {processor.py:153} INFO - Started process (PID=1341) to work on /opt/airflow/dags/app/data/co2balance.xlsx
[2022-12-21T00:33:31.081+0000] {processor.py:743} INFO - Processing file /opt/airflow/dags/app/data/co2balance.xlsx for tasks to queue
[2022-12-21T00:33:31.082+0000] {logging_mixin.py:137} INFO - [2022-12-21T00:33:31.082+0000] {dagbag.py:538} INFO - Filling up the DagBag from /opt/airflow/dags/app/data/co2balance.xlsx
[2022-12-21T00:33:31.084+0000] {processor.py:755} WARNING - No viable dags retrieved from /opt/airflow/dags/app/data/co2balance.xlsx
[2022-12-21T00:33:31.111+0000] {processor.py:175} INFO - Processing /opt/airflow/dags/app/data/co2balance.xlsx took 0.041 seconds
[2022-12-21T00:34:01.248+0000] {processor.py:153} INFO - Started process (PID=1372) to work on /opt/airflow/dags/app/data/co2balance.xlsx
[2022-12-21T00:34:01.249+0000] {processor.py:743} INFO - Processing file /opt/airflow/dags/app/data/co2balance.xlsx for tasks to queue
[2022-12-21T00:34:01.250+0000] {logging_mixin.py:137} INFO - [2022-12-21T00:34:01.250+0000] {dagbag.py:538} INFO - Filling up the DagBag from /opt/airflow/dags/app/data/co2balance.xlsx
[2022-12-21T00:34:01.251+0000] {processor.py:755} WARNING - No viable dags retrieved from /opt/airflow/dags/app/data/co2balance.xlsx
[2022-12-21T00:34:01.273+0000] {processor.py:175} INFO - Processing /opt/airflow/dags/app/data/co2balance.xlsx took 0.029 seconds
[2022-12-21T00:34:31.771+0000] {processor.py:153} INFO - Started process (PID=1403) to work on /opt/airflow/dags/app/data/co2balance.xlsx
[2022-12-21T00:34:31.774+0000] {processor.py:743} INFO - Processing file /opt/airflow/dags/app/data/co2balance.xlsx for tasks to queue
[2022-12-21T00:34:31.774+0000] {logging_mixin.py:137} INFO - [2022-12-21T00:34:31.774+0000] {dagbag.py:538} INFO - Filling up the DagBag from /opt/airflow/dags/app/data/co2balance.xlsx
[2022-12-21T00:34:31.776+0000] {processor.py:755} WARNING - No viable dags retrieved from /opt/airflow/dags/app/data/co2balance.xlsx
[2022-12-21T00:34:31.799+0000] {processor.py:175} INFO - Processing /opt/airflow/dags/app/data/co2balance.xlsx took 0.032 seconds
[2022-12-21T00:35:01.903+0000] {processor.py:153} INFO - Started process (PID=1434) to work on /opt/airflow/dags/app/data/co2balance.xlsx
[2022-12-21T00:35:01.904+0000] {processor.py:743} INFO - Processing file /opt/airflow/dags/app/data/co2balance.xlsx for tasks to queue
[2022-12-21T00:35:01.905+0000] {logging_mixin.py:137} INFO - [2022-12-21T00:35:01.904+0000] {dagbag.py:538} INFO - Filling up the DagBag from /opt/airflow/dags/app/data/co2balance.xlsx
[2022-12-21T00:35:01.906+0000] {processor.py:755} WARNING - No viable dags retrieved from /opt/airflow/dags/app/data/co2balance.xlsx
[2022-12-21T00:35:01.926+0000] {processor.py:175} INFO - Processing /opt/airflow/dags/app/data/co2balance.xlsx took 0.028 seconds
[2022-12-21T00:35:32.446+0000] {processor.py:153} INFO - Started process (PID=1465) to work on /opt/airflow/dags/app/data/co2balance.xlsx
[2022-12-21T00:35:32.449+0000] {processor.py:743} INFO - Processing file /opt/airflow/dags/app/data/co2balance.xlsx for tasks to queue
[2022-12-21T00:35:32.451+0000] {logging_mixin.py:137} INFO - [2022-12-21T00:35:32.450+0000] {dagbag.py:538} INFO - Filling up the DagBag from /opt/airflow/dags/app/data/co2balance.xlsx
[2022-12-21T00:35:32.453+0000] {processor.py:755} WARNING - No viable dags retrieved from /opt/airflow/dags/app/data/co2balance.xlsx
[2022-12-21T00:35:32.490+0000] {processor.py:175} INFO - Processing /opt/airflow/dags/app/data/co2balance.xlsx took 0.049 seconds
[2022-12-21T00:36:03.040+0000] {processor.py:153} INFO - Started process (PID=1496) to work on /opt/airflow/dags/app/data/co2balance.xlsx
[2022-12-21T00:36:03.041+0000] {processor.py:743} INFO - Processing file /opt/airflow/dags/app/data/co2balance.xlsx for tasks to queue
[2022-12-21T00:36:03.042+0000] {logging_mixin.py:137} INFO - [2022-12-21T00:36:03.042+0000] {dagbag.py:538} INFO - Filling up the DagBag from /opt/airflow/dags/app/data/co2balance.xlsx
[2022-12-21T00:36:03.043+0000] {processor.py:755} WARNING - No viable dags retrieved from /opt/airflow/dags/app/data/co2balance.xlsx
[2022-12-21T00:36:03.063+0000] {processor.py:175} INFO - Processing /opt/airflow/dags/app/data/co2balance.xlsx took 0.030 seconds
[2022-12-21T00:36:33.573+0000] {processor.py:153} INFO - Started process (PID=1527) to work on /opt/airflow/dags/app/data/co2balance.xlsx
[2022-12-21T00:36:33.576+0000] {processor.py:743} INFO - Processing file /opt/airflow/dags/app/data/co2balance.xlsx for tasks to queue
[2022-12-21T00:36:33.577+0000] {logging_mixin.py:137} INFO - [2022-12-21T00:36:33.577+0000] {dagbag.py:538} INFO - Filling up the DagBag from /opt/airflow/dags/app/data/co2balance.xlsx
[2022-12-21T00:36:33.579+0000] {processor.py:755} WARNING - No viable dags retrieved from /opt/airflow/dags/app/data/co2balance.xlsx
[2022-12-21T00:36:33.601+0000] {processor.py:175} INFO - Processing /opt/airflow/dags/app/data/co2balance.xlsx took 0.035 seconds
[2022-12-21T00:37:04.091+0000] {processor.py:153} INFO - Started process (PID=1558) to work on /opt/airflow/dags/app/data/co2balance.xlsx
[2022-12-21T00:37:04.092+0000] {processor.py:743} INFO - Processing file /opt/airflow/dags/app/data/co2balance.xlsx for tasks to queue
[2022-12-21T00:37:04.093+0000] {logging_mixin.py:137} INFO - [2022-12-21T00:37:04.093+0000] {dagbag.py:538} INFO - Filling up the DagBag from /opt/airflow/dags/app/data/co2balance.xlsx
[2022-12-21T00:37:04.095+0000] {processor.py:755} WARNING - No viable dags retrieved from /opt/airflow/dags/app/data/co2balance.xlsx
[2022-12-21T00:37:04.117+0000] {processor.py:175} INFO - Processing /opt/airflow/dags/app/data/co2balance.xlsx took 0.033 seconds
[2022-12-21T00:37:34.633+0000] {processor.py:153} INFO - Started process (PID=1589) to work on /opt/airflow/dags/app/data/co2balance.xlsx
[2022-12-21T00:37:34.635+0000] {processor.py:743} INFO - Processing file /opt/airflow/dags/app/data/co2balance.xlsx for tasks to queue
[2022-12-21T00:37:34.636+0000] {logging_mixin.py:137} INFO - [2022-12-21T00:37:34.636+0000] {dagbag.py:538} INFO - Filling up the DagBag from /opt/airflow/dags/app/data/co2balance.xlsx
[2022-12-21T00:37:34.638+0000] {processor.py:755} WARNING - No viable dags retrieved from /opt/airflow/dags/app/data/co2balance.xlsx
[2022-12-21T00:37:34.660+0000] {processor.py:175} INFO - Processing /opt/airflow/dags/app/data/co2balance.xlsx took 0.034 seconds
[2022-12-21T00:38:05.161+0000] {processor.py:153} INFO - Started process (PID=1620) to work on /opt/airflow/dags/app/data/co2balance.xlsx
[2022-12-21T00:38:05.164+0000] {processor.py:743} INFO - Processing file /opt/airflow/dags/app/data/co2balance.xlsx for tasks to queue
[2022-12-21T00:38:05.165+0000] {logging_mixin.py:137} INFO - [2022-12-21T00:38:05.165+0000] {dagbag.py:538} INFO - Filling up the DagBag from /opt/airflow/dags/app/data/co2balance.xlsx
[2022-12-21T00:38:05.167+0000] {processor.py:755} WARNING - No viable dags retrieved from /opt/airflow/dags/app/data/co2balance.xlsx
[2022-12-21T00:38:05.192+0000] {processor.py:175} INFO - Processing /opt/airflow/dags/app/data/co2balance.xlsx took 0.038 seconds
[2022-12-21T00:38:35.673+0000] {processor.py:153} INFO - Started process (PID=1651) to work on /opt/airflow/dags/app/data/co2balance.xlsx
[2022-12-21T00:38:35.675+0000] {processor.py:743} INFO - Processing file /opt/airflow/dags/app/data/co2balance.xlsx for tasks to queue
[2022-12-21T00:38:35.677+0000] {logging_mixin.py:137} INFO - [2022-12-21T00:38:35.677+0000] {dagbag.py:538} INFO - Filling up the DagBag from /opt/airflow/dags/app/data/co2balance.xlsx
[2022-12-21T00:38:35.678+0000] {processor.py:755} WARNING - No viable dags retrieved from /opt/airflow/dags/app/data/co2balance.xlsx
[2022-12-21T00:38:35.698+0000] {processor.py:175} INFO - Processing /opt/airflow/dags/app/data/co2balance.xlsx took 0.029 seconds
[2022-12-21T00:39:06.190+0000] {processor.py:153} INFO - Started process (PID=1682) to work on /opt/airflow/dags/app/data/co2balance.xlsx
[2022-12-21T00:39:06.198+0000] {processor.py:743} INFO - Processing file /opt/airflow/dags/app/data/co2balance.xlsx for tasks to queue
[2022-12-21T00:39:06.204+0000] {logging_mixin.py:137} INFO - [2022-12-21T00:39:06.203+0000] {dagbag.py:538} INFO - Filling up the DagBag from /opt/airflow/dags/app/data/co2balance.xlsx
[2022-12-21T00:39:06.211+0000] {processor.py:755} WARNING - No viable dags retrieved from /opt/airflow/dags/app/data/co2balance.xlsx
[2022-12-21T00:39:06.262+0000] {processor.py:175} INFO - Processing /opt/airflow/dags/app/data/co2balance.xlsx took 0.095 seconds
[2022-12-21T00:39:36.811+0000] {processor.py:153} INFO - Started process (PID=1713) to work on /opt/airflow/dags/app/data/co2balance.xlsx
[2022-12-21T00:39:36.815+0000] {processor.py:743} INFO - Processing file /opt/airflow/dags/app/data/co2balance.xlsx for tasks to queue
[2022-12-21T00:39:36.823+0000] {logging_mixin.py:137} INFO - [2022-12-21T00:39:36.822+0000] {dagbag.py:538} INFO - Filling up the DagBag from /opt/airflow/dags/app/data/co2balance.xlsx
[2022-12-21T00:39:36.829+0000] {processor.py:755} WARNING - No viable dags retrieved from /opt/airflow/dags/app/data/co2balance.xlsx
[2022-12-21T00:39:36.881+0000] {processor.py:175} INFO - Processing /opt/airflow/dags/app/data/co2balance.xlsx took 0.086 seconds
[2022-12-21T00:40:07.404+0000] {processor.py:153} INFO - Started process (PID=1744) to work on /opt/airflow/dags/app/data/co2balance.xlsx
[2022-12-21T00:40:07.405+0000] {processor.py:743} INFO - Processing file /opt/airflow/dags/app/data/co2balance.xlsx for tasks to queue
[2022-12-21T00:40:07.406+0000] {logging_mixin.py:137} INFO - [2022-12-21T00:40:07.406+0000] {dagbag.py:538} INFO - Filling up the DagBag from /opt/airflow/dags/app/data/co2balance.xlsx
[2022-12-21T00:40:07.408+0000] {processor.py:755} WARNING - No viable dags retrieved from /opt/airflow/dags/app/data/co2balance.xlsx
[2022-12-21T00:40:07.430+0000] {processor.py:175} INFO - Processing /opt/airflow/dags/app/data/co2balance.xlsx took 0.031 seconds
[2022-12-21T00:40:37.777+0000] {processor.py:153} INFO - Started process (PID=1772) to work on /opt/airflow/dags/app/data/co2balance.xlsx
[2022-12-21T00:40:37.778+0000] {processor.py:743} INFO - Processing file /opt/airflow/dags/app/data/co2balance.xlsx for tasks to queue
[2022-12-21T00:40:37.778+0000] {logging_mixin.py:137} INFO - [2022-12-21T00:40:37.778+0000] {dagbag.py:538} INFO - Filling up the DagBag from /opt/airflow/dags/app/data/co2balance.xlsx
[2022-12-21T00:40:37.780+0000] {processor.py:755} WARNING - No viable dags retrieved from /opt/airflow/dags/app/data/co2balance.xlsx
[2022-12-21T00:40:37.802+0000] {processor.py:175} INFO - Processing /opt/airflow/dags/app/data/co2balance.xlsx took 0.028 seconds
[2022-12-21T00:41:08.178+0000] {processor.py:153} INFO - Started process (PID=1800) to work on /opt/airflow/dags/app/data/co2balance.xlsx
[2022-12-21T00:41:08.179+0000] {processor.py:743} INFO - Processing file /opt/airflow/dags/app/data/co2balance.xlsx for tasks to queue
[2022-12-21T00:41:08.180+0000] {logging_mixin.py:137} INFO - [2022-12-21T00:41:08.180+0000] {dagbag.py:538} INFO - Filling up the DagBag from /opt/airflow/dags/app/data/co2balance.xlsx
[2022-12-21T00:41:08.181+0000] {processor.py:755} WARNING - No viable dags retrieved from /opt/airflow/dags/app/data/co2balance.xlsx
[2022-12-21T00:41:08.205+0000] {processor.py:175} INFO - Processing /opt/airflow/dags/app/data/co2balance.xlsx took 0.032 seconds
[2022-12-21T00:41:38.637+0000] {processor.py:153} INFO - Started process (PID=1831) to work on /opt/airflow/dags/app/data/co2balance.xlsx
[2022-12-21T00:41:38.638+0000] {processor.py:743} INFO - Processing file /opt/airflow/dags/app/data/co2balance.xlsx for tasks to queue
[2022-12-21T00:41:38.639+0000] {logging_mixin.py:137} INFO - [2022-12-21T00:41:38.639+0000] {dagbag.py:538} INFO - Filling up the DagBag from /opt/airflow/dags/app/data/co2balance.xlsx
[2022-12-21T00:41:38.642+0000] {processor.py:755} WARNING - No viable dags retrieved from /opt/airflow/dags/app/data/co2balance.xlsx
[2022-12-21T00:41:38.689+0000] {processor.py:175} INFO - Processing /opt/airflow/dags/app/data/co2balance.xlsx took 0.061 seconds
[2022-12-21T00:42:09.142+0000] {processor.py:153} INFO - Started process (PID=1862) to work on /opt/airflow/dags/app/data/co2balance.xlsx
[2022-12-21T00:42:09.143+0000] {processor.py:743} INFO - Processing file /opt/airflow/dags/app/data/co2balance.xlsx for tasks to queue
[2022-12-21T00:42:09.144+0000] {logging_mixin.py:137} INFO - [2022-12-21T00:42:09.144+0000] {dagbag.py:538} INFO - Filling up the DagBag from /opt/airflow/dags/app/data/co2balance.xlsx
[2022-12-21T00:42:09.146+0000] {processor.py:755} WARNING - No viable dags retrieved from /opt/airflow/dags/app/data/co2balance.xlsx
[2022-12-21T00:42:09.179+0000] {processor.py:175} INFO - Processing /opt/airflow/dags/app/data/co2balance.xlsx took 0.043 seconds
[2022-12-21T00:42:39.217+0000] {processor.py:153} INFO - Started process (PID=1893) to work on /opt/airflow/dags/app/data/co2balance.xlsx
[2022-12-21T00:42:39.218+0000] {processor.py:743} INFO - Processing file /opt/airflow/dags/app/data/co2balance.xlsx for tasks to queue
[2022-12-21T00:42:39.218+0000] {logging_mixin.py:137} INFO - [2022-12-21T00:42:39.218+0000] {dagbag.py:538} INFO - Filling up the DagBag from /opt/airflow/dags/app/data/co2balance.xlsx
[2022-12-21T00:42:39.219+0000] {processor.py:755} WARNING - No viable dags retrieved from /opt/airflow/dags/app/data/co2balance.xlsx
[2022-12-21T00:42:39.239+0000] {processor.py:175} INFO - Processing /opt/airflow/dags/app/data/co2balance.xlsx took 0.026 seconds
[2022-12-21T00:43:09.620+0000] {processor.py:153} INFO - Started process (PID=1924) to work on /opt/airflow/dags/app/data/co2balance.xlsx
[2022-12-21T00:43:09.621+0000] {processor.py:743} INFO - Processing file /opt/airflow/dags/app/data/co2balance.xlsx for tasks to queue
[2022-12-21T00:43:09.622+0000] {logging_mixin.py:137} INFO - [2022-12-21T00:43:09.622+0000] {dagbag.py:538} INFO - Filling up the DagBag from /opt/airflow/dags/app/data/co2balance.xlsx
[2022-12-21T00:43:09.623+0000] {processor.py:755} WARNING - No viable dags retrieved from /opt/airflow/dags/app/data/co2balance.xlsx
[2022-12-21T00:43:09.642+0000] {processor.py:175} INFO - Processing /opt/airflow/dags/app/data/co2balance.xlsx took 0.026 seconds
[2022-12-21T00:43:40.118+0000] {processor.py:153} INFO - Started process (PID=1955) to work on /opt/airflow/dags/app/data/co2balance.xlsx
[2022-12-21T00:43:40.121+0000] {processor.py:743} INFO - Processing file /opt/airflow/dags/app/data/co2balance.xlsx for tasks to queue
[2022-12-21T00:43:40.125+0000] {logging_mixin.py:137} INFO - [2022-12-21T00:43:40.125+0000] {dagbag.py:538} INFO - Filling up the DagBag from /opt/airflow/dags/app/data/co2balance.xlsx
[2022-12-21T00:43:40.128+0000] {processor.py:755} WARNING - No viable dags retrieved from /opt/airflow/dags/app/data/co2balance.xlsx
[2022-12-21T00:43:40.161+0000] {processor.py:175} INFO - Processing /opt/airflow/dags/app/data/co2balance.xlsx took 0.059 seconds
[2022-12-21T00:44:10.536+0000] {processor.py:153} INFO - Started process (PID=1986) to work on /opt/airflow/dags/app/data/co2balance.xlsx
[2022-12-21T00:44:10.539+0000] {processor.py:743} INFO - Processing file /opt/airflow/dags/app/data/co2balance.xlsx for tasks to queue
[2022-12-21T00:44:10.541+0000] {logging_mixin.py:137} INFO - [2022-12-21T00:44:10.541+0000] {dagbag.py:538} INFO - Filling up the DagBag from /opt/airflow/dags/app/data/co2balance.xlsx
[2022-12-21T00:44:10.547+0000] {processor.py:755} WARNING - No viable dags retrieved from /opt/airflow/dags/app/data/co2balance.xlsx
[2022-12-21T00:44:10.600+0000] {processor.py:175} INFO - Processing /opt/airflow/dags/app/data/co2balance.xlsx took 0.071 seconds
[2022-12-21T00:44:41.108+0000] {processor.py:153} INFO - Started process (PID=2017) to work on /opt/airflow/dags/app/data/co2balance.xlsx
[2022-12-21T00:44:41.110+0000] {processor.py:743} INFO - Processing file /opt/airflow/dags/app/data/co2balance.xlsx for tasks to queue
[2022-12-21T00:44:41.113+0000] {logging_mixin.py:137} INFO - [2022-12-21T00:44:41.112+0000] {dagbag.py:538} INFO - Filling up the DagBag from /opt/airflow/dags/app/data/co2balance.xlsx
[2022-12-21T00:44:41.116+0000] {processor.py:755} WARNING - No viable dags retrieved from /opt/airflow/dags/app/data/co2balance.xlsx
[2022-12-21T00:44:41.160+0000] {processor.py:175} INFO - Processing /opt/airflow/dags/app/data/co2balance.xlsx took 0.072 seconds
[2022-12-21T00:45:11.250+0000] {processor.py:153} INFO - Started process (PID=2048) to work on /opt/airflow/dags/app/data/co2balance.xlsx
[2022-12-21T00:45:11.253+0000] {processor.py:743} INFO - Processing file /opt/airflow/dags/app/data/co2balance.xlsx for tasks to queue
[2022-12-21T00:45:11.253+0000] {logging_mixin.py:137} INFO - [2022-12-21T00:45:11.253+0000] {dagbag.py:538} INFO - Filling up the DagBag from /opt/airflow/dags/app/data/co2balance.xlsx
[2022-12-21T00:45:11.255+0000] {processor.py:755} WARNING - No viable dags retrieved from /opt/airflow/dags/app/data/co2balance.xlsx
[2022-12-21T00:45:11.285+0000] {processor.py:175} INFO - Processing /opt/airflow/dags/app/data/co2balance.xlsx took 0.041 seconds
[2022-12-21T00:45:41.324+0000] {processor.py:153} INFO - Started process (PID=2079) to work on /opt/airflow/dags/app/data/co2balance.xlsx
[2022-12-21T00:45:41.325+0000] {processor.py:743} INFO - Processing file /opt/airflow/dags/app/data/co2balance.xlsx for tasks to queue
[2022-12-21T00:45:41.325+0000] {logging_mixin.py:137} INFO - [2022-12-21T00:45:41.325+0000] {dagbag.py:538} INFO - Filling up the DagBag from /opt/airflow/dags/app/data/co2balance.xlsx
[2022-12-21T00:45:41.327+0000] {processor.py:755} WARNING - No viable dags retrieved from /opt/airflow/dags/app/data/co2balance.xlsx
[2022-12-21T00:45:41.348+0000] {processor.py:175} INFO - Processing /opt/airflow/dags/app/data/co2balance.xlsx took 0.029 seconds
[2022-12-21T00:46:11.824+0000] {processor.py:153} INFO - Started process (PID=2110) to work on /opt/airflow/dags/app/data/co2balance.xlsx
[2022-12-21T00:46:11.827+0000] {processor.py:743} INFO - Processing file /opt/airflow/dags/app/data/co2balance.xlsx for tasks to queue
[2022-12-21T00:46:11.828+0000] {logging_mixin.py:137} INFO - [2022-12-21T00:46:11.828+0000] {dagbag.py:538} INFO - Filling up the DagBag from /opt/airflow/dags/app/data/co2balance.xlsx
[2022-12-21T00:46:11.829+0000] {processor.py:755} WARNING - No viable dags retrieved from /opt/airflow/dags/app/data/co2balance.xlsx
[2022-12-21T00:46:11.860+0000] {processor.py:175} INFO - Processing /opt/airflow/dags/app/data/co2balance.xlsx took 0.040 seconds
[2022-12-21T00:46:42.436+0000] {processor.py:153} INFO - Started process (PID=2141) to work on /opt/airflow/dags/app/data/co2balance.xlsx
[2022-12-21T00:46:42.438+0000] {processor.py:743} INFO - Processing file /opt/airflow/dags/app/data/co2balance.xlsx for tasks to queue
[2022-12-21T00:46:42.439+0000] {logging_mixin.py:137} INFO - [2022-12-21T00:46:42.439+0000] {dagbag.py:538} INFO - Filling up the DagBag from /opt/airflow/dags/app/data/co2balance.xlsx
[2022-12-21T00:46:42.440+0000] {processor.py:755} WARNING - No viable dags retrieved from /opt/airflow/dags/app/data/co2balance.xlsx
[2022-12-21T00:46:42.463+0000] {processor.py:175} INFO - Processing /opt/airflow/dags/app/data/co2balance.xlsx took 0.031 seconds
[2022-12-21T00:47:12.859+0000] {processor.py:153} INFO - Started process (PID=2172) to work on /opt/airflow/dags/app/data/co2balance.xlsx
[2022-12-21T00:47:12.862+0000] {processor.py:743} INFO - Processing file /opt/airflow/dags/app/data/co2balance.xlsx for tasks to queue
[2022-12-21T00:47:12.863+0000] {logging_mixin.py:137} INFO - [2022-12-21T00:47:12.863+0000] {dagbag.py:538} INFO - Filling up the DagBag from /opt/airflow/dags/app/data/co2balance.xlsx
[2022-12-21T00:47:12.866+0000] {processor.py:755} WARNING - No viable dags retrieved from /opt/airflow/dags/app/data/co2balance.xlsx
[2022-12-21T00:47:12.886+0000] {processor.py:175} INFO - Processing /opt/airflow/dags/app/data/co2balance.xlsx took 0.033 seconds
[2022-12-21T00:47:43.023+0000] {processor.py:153} INFO - Started process (PID=2203) to work on /opt/airflow/dags/app/data/co2balance.xlsx
[2022-12-21T00:47:43.024+0000] {processor.py:743} INFO - Processing file /opt/airflow/dags/app/data/co2balance.xlsx for tasks to queue
[2022-12-21T00:47:43.025+0000] {logging_mixin.py:137} INFO - [2022-12-21T00:47:43.025+0000] {dagbag.py:538} INFO - Filling up the DagBag from /opt/airflow/dags/app/data/co2balance.xlsx
[2022-12-21T00:47:43.027+0000] {processor.py:755} WARNING - No viable dags retrieved from /opt/airflow/dags/app/data/co2balance.xlsx
[2022-12-21T00:47:43.052+0000] {processor.py:175} INFO - Processing /opt/airflow/dags/app/data/co2balance.xlsx took 0.032 seconds
[2022-12-21T00:48:13.208+0000] {processor.py:153} INFO - Started process (PID=2234) to work on /opt/airflow/dags/app/data/co2balance.xlsx
[2022-12-21T00:48:13.209+0000] {processor.py:743} INFO - Processing file /opt/airflow/dags/app/data/co2balance.xlsx for tasks to queue
[2022-12-21T00:48:13.210+0000] {logging_mixin.py:137} INFO - [2022-12-21T00:48:13.210+0000] {dagbag.py:538} INFO - Filling up the DagBag from /opt/airflow/dags/app/data/co2balance.xlsx
[2022-12-21T00:48:13.211+0000] {processor.py:755} WARNING - No viable dags retrieved from /opt/airflow/dags/app/data/co2balance.xlsx
[2022-12-21T00:48:13.236+0000] {processor.py:175} INFO - Processing /opt/airflow/dags/app/data/co2balance.xlsx took 0.033 seconds
[2022-12-21T00:48:43.284+0000] {processor.py:153} INFO - Started process (PID=2265) to work on /opt/airflow/dags/app/data/co2balance.xlsx
[2022-12-21T00:48:43.287+0000] {processor.py:743} INFO - Processing file /opt/airflow/dags/app/data/co2balance.xlsx for tasks to queue
[2022-12-21T00:48:43.287+0000] {logging_mixin.py:137} INFO - [2022-12-21T00:48:43.287+0000] {dagbag.py:538} INFO - Filling up the DagBag from /opt/airflow/dags/app/data/co2balance.xlsx
[2022-12-21T00:48:43.289+0000] {processor.py:755} WARNING - No viable dags retrieved from /opt/airflow/dags/app/data/co2balance.xlsx
[2022-12-21T00:48:43.313+0000] {processor.py:175} INFO - Processing /opt/airflow/dags/app/data/co2balance.xlsx took 0.033 seconds
[2022-12-21T00:49:13.557+0000] {processor.py:153} INFO - Started process (PID=2296) to work on /opt/airflow/dags/app/data/co2balance.xlsx
[2022-12-21T00:49:13.560+0000] {processor.py:743} INFO - Processing file /opt/airflow/dags/app/data/co2balance.xlsx for tasks to queue
[2022-12-21T00:49:13.560+0000] {logging_mixin.py:137} INFO - [2022-12-21T00:49:13.560+0000] {dagbag.py:538} INFO - Filling up the DagBag from /opt/airflow/dags/app/data/co2balance.xlsx
[2022-12-21T00:49:13.561+0000] {processor.py:755} WARNING - No viable dags retrieved from /opt/airflow/dags/app/data/co2balance.xlsx
[2022-12-21T00:49:13.582+0000] {processor.py:175} INFO - Processing /opt/airflow/dags/app/data/co2balance.xlsx took 0.030 seconds
[2022-12-21T00:49:44.120+0000] {processor.py:153} INFO - Started process (PID=2327) to work on /opt/airflow/dags/app/data/co2balance.xlsx
[2022-12-21T00:49:44.121+0000] {processor.py:743} INFO - Processing file /opt/airflow/dags/app/data/co2balance.xlsx for tasks to queue
[2022-12-21T00:49:44.121+0000] {logging_mixin.py:137} INFO - [2022-12-21T00:49:44.121+0000] {dagbag.py:538} INFO - Filling up the DagBag from /opt/airflow/dags/app/data/co2balance.xlsx
[2022-12-21T00:49:44.122+0000] {processor.py:755} WARNING - No viable dags retrieved from /opt/airflow/dags/app/data/co2balance.xlsx
[2022-12-21T00:49:44.143+0000] {processor.py:175} INFO - Processing /opt/airflow/dags/app/data/co2balance.xlsx took 0.028 seconds
