[2022-12-20T15:03:55.935+0000] {taskinstance.py:1087} INFO - Dependencies all met for <TaskInstance: co2balance.InitialiseDB manual__2022-12-20T15:03:53.559675+00:00 [queued]>
[2022-12-20T15:03:55.951+0000] {taskinstance.py:1087} INFO - Dependencies all met for <TaskInstance: co2balance.InitialiseDB manual__2022-12-20T15:03:53.559675+00:00 [queued]>
[2022-12-20T15:03:55.951+0000] {taskinstance.py:1283} INFO - 
--------------------------------------------------------------------------------
[2022-12-20T15:03:55.952+0000] {taskinstance.py:1284} INFO - Starting attempt 1 of 1
[2022-12-20T15:03:55.952+0000] {taskinstance.py:1285} INFO - 
--------------------------------------------------------------------------------
[2022-12-20T15:03:55.985+0000] {taskinstance.py:1304} INFO - Executing <Task(PythonOperator): InitialiseDB> on 2022-12-20 15:03:53.559675+00:00
[2022-12-20T15:03:55.996+0000] {standard_task_runner.py:55} INFO - Started process 2943 to run task
[2022-12-20T15:03:56.002+0000] {standard_task_runner.py:82} INFO - Running: ['***', 'tasks', 'run', 'co2balance', 'InitialiseDB', 'manual__2022-12-20T15:03:53.559675+00:00', '--job-id', '23', '--raw', '--subdir', 'DAGS_FOLDER/co2balance.py', '--cfg-path', '/tmp/tmpe12a4zt_']
[2022-12-20T15:03:56.008+0000] {standard_task_runner.py:83} INFO - Job 23: Subtask InitialiseDB
[2022-12-20T15:03:56.220+0000] {task_command.py:389} INFO - Running <TaskInstance: co2balance.InitialiseDB manual__2022-12-20T15:03:53.559675+00:00 [running]> on host 1a27c7ed0719
[2022-12-20T15:03:56.352+0000] {taskinstance.py:1513} INFO - Exporting the following env vars:
AIRFLOW_CTX_DAG_OWNER=CO2balance
AIRFLOW_CTX_DAG_ID=co2balance
AIRFLOW_CTX_TASK_ID=InitialiseDB
AIRFLOW_CTX_EXECUTION_DATE=2022-12-20T15:03:53.559675+00:00
AIRFLOW_CTX_TRY_NUMBER=1
AIRFLOW_CTX_DAG_RUN_ID=manual__2022-12-20T15:03:53.559675+00:00
[2022-12-20T15:03:56.513+0000] {session.py:52} INFO - DB_OPERATIONS: Database created and tables initialized
[2022-12-20T15:03:56.513+0000] {python.py:177} INFO - Done. Returned value was: None
[2022-12-20T15:03:56.540+0000] {taskinstance.py:1327} INFO - Marking task as SUCCESS. dag_id=co2balance, task_id=InitialiseDB, execution_date=20221220T150353, start_date=20221220T150355, end_date=20221220T150356
[2022-12-20T15:03:56.589+0000] {local_task_job.py:159} INFO - Task exited with return code 0
[2022-12-20T15:03:56.623+0000] {taskinstance.py:2582} INFO - 0 downstream tasks scheduled from follow-on schedule check
