[2022-12-20 08:44:15,566] {taskinstance.py:1159} INFO - Dependencies all met for <TaskInstance: FirstDAG.task manual__2022-12-20T08:44:10+00:00 [queued]>
[2022-12-20 08:44:15,578] {taskinstance.py:1159} INFO - Dependencies all met for <TaskInstance: FirstDAG.task manual__2022-12-20T08:44:10+00:00 [queued]>
[2022-12-20 08:44:15,579] {taskinstance.py:1356} INFO - 
--------------------------------------------------------------------------------
[2022-12-20 08:44:15,579] {taskinstance.py:1357} INFO - Starting attempt 1 of 1
[2022-12-20 08:44:15,579] {taskinstance.py:1358} INFO - 
--------------------------------------------------------------------------------
[2022-12-20 08:44:15,598] {taskinstance.py:1377} INFO - Executing <Task(PythonOperator): task> on 2022-12-20 08:44:10+00:00
[2022-12-20 08:44:15,603] {standard_task_runner.py:52} INFO - Started process 265 to run task
[2022-12-20 08:44:15,606] {standard_task_runner.py:79} INFO - Running: ['***', 'tasks', 'run', 'FirstDAG', 'task', 'manual__2022-12-20T08:44:10+00:00', '--job-id', '5', '--raw', '--subdir', 'DAGS_FOLDER/test.py', '--cfg-path', '/tmp/tmp3ti5n6kp', '--error-file', '/tmp/tmpc8zm16yz']
[2022-12-20 08:44:15,607] {standard_task_runner.py:80} INFO - Job 5: Subtask task
[2022-12-20 08:44:15,683] {task_command.py:369} INFO - Running <TaskInstance: FirstDAG.task manual__2022-12-20T08:44:10+00:00 [running]> on host 800c7fb31dfc
[2022-12-20 08:44:15,884] {taskinstance.py:1571} INFO - Exporting the following env vars:
AIRFLOW_CTX_DAG_OWNER=***
AIRFLOW_CTX_DAG_ID=FirstDAG
AIRFLOW_CTX_TASK_ID=task
AIRFLOW_CTX_EXECUTION_DATE=2022-12-20T08:44:10+00:00
AIRFLOW_CTX_TRY_NUMBER=1
AIRFLOW_CTX_DAG_RUN_ID=manual__2022-12-20T08:44:10+00:00
[2022-12-20 08:44:15,885] {logging_mixin.py:115} INFO - First DAG executed Successfully!!
[2022-12-20 08:44:15,885] {python.py:173} INFO - Done. Returned value was: None
[2022-12-20 08:44:15,902] {taskinstance.py:1400} INFO - Marking task as SUCCESS. dag_id=FirstDAG, task_id=task, execution_date=20221220T084410, start_date=20221220T084415, end_date=20221220T084415
[2022-12-20 08:44:15,940] {local_task_job.py:156} INFO - Task exited with return code 0
[2022-12-20 08:44:15,991] {local_task_job.py:273} INFO - 0 downstream tasks scheduled from follow-on schedule check
