[2022-12-22T11:07:10.554+0000] {taskinstance.py:1087} INFO - Dependencies all met for <TaskInstance: co2balance.LoadProjectData manual__2022-12-22T11:06:56.090288+00:00 [queued]>
[2022-12-22T11:07:10.566+0000] {taskinstance.py:1087} INFO - Dependencies all met for <TaskInstance: co2balance.LoadProjectData manual__2022-12-22T11:06:56.090288+00:00 [queued]>
[2022-12-22T11:07:10.566+0000] {taskinstance.py:1283} INFO - 
--------------------------------------------------------------------------------
[2022-12-22T11:07:10.566+0000] {taskinstance.py:1284} INFO - Starting attempt 1 of 1
[2022-12-22T11:07:10.566+0000] {taskinstance.py:1285} INFO - 
--------------------------------------------------------------------------------
[2022-12-22T11:07:10.586+0000] {taskinstance.py:1304} INFO - Executing <Task(PythonOperator): LoadProjectData> on 2022-12-22 11:06:56.090288+00:00
[2022-12-22T11:07:10.595+0000] {standard_task_runner.py:55} INFO - Started process 4002 to run task
[2022-12-22T11:07:10.598+0000] {standard_task_runner.py:82} INFO - Running: ['***', 'tasks', 'run', 'co2balance', 'LoadProjectData', 'manual__2022-12-22T11:06:56.090288+00:00', '--job-id', '90', '--raw', '--subdir', 'DAGS_FOLDER/co2balance.py', '--cfg-path', '/tmp/tmpp70crlvm']
[2022-12-22T11:07:10.600+0000] {standard_task_runner.py:83} INFO - Job 90: Subtask LoadProjectData
[2022-12-22T11:07:10.708+0000] {task_command.py:389} INFO - Running <TaskInstance: co2balance.LoadProjectData manual__2022-12-22T11:06:56.090288+00:00 [running]> on host 1a27c7ed0719
[2022-12-22T11:07:10.820+0000] {taskinstance.py:1513} INFO - Exporting the following env vars:
AIRFLOW_CTX_DAG_OWNER=CO2balance
AIRFLOW_CTX_DAG_ID=co2balance
AIRFLOW_CTX_TASK_ID=LoadProjectData
AIRFLOW_CTX_EXECUTION_DATE=2022-12-22T11:06:56.090288+00:00
AIRFLOW_CTX_TRY_NUMBER=1
AIRFLOW_CTX_DAG_RUN_ID=manual__2022-12-22T11:06:56.090288+00:00
[2022-12-22T11:07:11.350+0000] {insert_project_data.py:22} INFO - DB_OPERATIONS: Enumerator ID fetched from database
[2022-12-22T11:07:11.483+0000] {insert_project_data.py:44} INFO - DB_OPERATIONS: Surveyor ID fetched from database
[2022-12-22T11:07:11.575+0000] {insert_project_data.py:75} INFO - Project Data inserted into database
[2022-12-22T11:07:11.576+0000] {python.py:177} INFO - Done. Returned value was: None
[2022-12-22T11:07:11.592+0000] {taskinstance.py:1327} INFO - Marking task as SUCCESS. dag_id=co2balance, task_id=LoadProjectData, execution_date=20221222T110656, start_date=20221222T110710, end_date=20221222T110711
[2022-12-22T11:07:11.619+0000] {local_task_job.py:159} INFO - Task exited with return code 0
[2022-12-22T11:07:11.654+0000] {taskinstance.py:2582} INFO - 1 downstream tasks scheduled from follow-on schedule check
