[2022-12-22T11:13:48.836+0000] {taskinstance.py:1087} INFO - Dependencies all met for <TaskInstance: co2balance.LoadProjectBase manual__2022-12-22T11:13:37.008743+00:00 [queued]>
[2022-12-22T11:13:48.849+0000] {taskinstance.py:1087} INFO - Dependencies all met for <TaskInstance: co2balance.LoadProjectBase manual__2022-12-22T11:13:37.008743+00:00 [queued]>
[2022-12-22T11:13:48.849+0000] {taskinstance.py:1283} INFO - 
--------------------------------------------------------------------------------
[2022-12-22T11:13:48.850+0000] {taskinstance.py:1284} INFO - Starting attempt 1 of 1
[2022-12-22T11:13:48.850+0000] {taskinstance.py:1285} INFO - 
--------------------------------------------------------------------------------
[2022-12-22T11:13:48.870+0000] {taskinstance.py:1304} INFO - Executing <Task(PythonOperator): LoadProjectBase> on 2022-12-22 11:13:37.008743+00:00
[2022-12-22T11:13:48.883+0000] {standard_task_runner.py:55} INFO - Started process 4462 to run task
[2022-12-22T11:13:48.887+0000] {standard_task_runner.py:82} INFO - Running: ['***', 'tasks', 'run', 'co2balance', 'LoadProjectBase', 'manual__2022-12-22T11:13:37.008743+00:00', '--job-id', '101', '--raw', '--subdir', 'DAGS_FOLDER/co2balance.py', '--cfg-path', '/tmp/tmppaos2zny']
[2022-12-22T11:13:48.890+0000] {standard_task_runner.py:83} INFO - Job 101: Subtask LoadProjectBase
[2022-12-22T11:13:49.042+0000] {task_command.py:389} INFO - Running <TaskInstance: co2balance.LoadProjectBase manual__2022-12-22T11:13:37.008743+00:00 [running]> on host 1a27c7ed0719
[2022-12-22T11:13:49.269+0000] {taskinstance.py:1513} INFO - Exporting the following env vars:
AIRFLOW_CTX_DAG_OWNER=CO2balance
AIRFLOW_CTX_DAG_ID=co2balance
AIRFLOW_CTX_TASK_ID=LoadProjectBase
AIRFLOW_CTX_EXECUTION_DATE=2022-12-22T11:13:37.008743+00:00
AIRFLOW_CTX_TRY_NUMBER=1
AIRFLOW_CTX_DAG_RUN_ID=manual__2022-12-22T11:13:37.008743+00:00
[2022-12-22T11:13:49.921+0000] {logging_mixin.py:137} INFO - Country data inserted into database
[2022-12-22T11:13:49.941+0000] {logging_mixin.py:137} INFO - Project data inserted into database
[2022-12-22T11:13:49.951+0000] {project_base.py:42} INFO - enumerator data inserted into database
[2022-12-22T11:13:49.952+0000] {project_base.py:50} INFO - 84 enumerator data inserted into database
[2022-12-22T11:13:49.959+0000] {project_base.py:78} INFO - Region data inserted into database
[2022-12-22T11:13:49.959+0000] {project_base.py:50} INFO - 2 region data inserted into database
[2022-12-22T11:13:49.980+0000] {project_base.py:122} INFO - Village data inserted into database
[2022-12-22T11:13:49.980+0000] {project_base.py:50} INFO - 16 village data inserted into database
[2022-12-22T11:13:49.987+0000] {project_base.py:175} INFO - Fuel type data inserted into database
[2022-12-22T11:13:49.988+0000] {project_base.py:50} INFO - 4 fuel_type data inserted into database
[2022-12-22T11:13:50.082+0000] {python.py:177} INFO - Done. Returned value was: None
[2022-12-22T11:13:50.109+0000] {taskinstance.py:1327} INFO - Marking task as SUCCESS. dag_id=co2balance, task_id=LoadProjectBase, execution_date=20221222T111337, start_date=20221222T111348, end_date=20221222T111350
[2022-12-22T11:13:50.162+0000] {local_task_job.py:159} INFO - Task exited with return code 0
[2022-12-22T11:13:50.212+0000] {taskinstance.py:2582} INFO - 1 downstream tasks scheduled from follow-on schedule check
