[2022-12-20T14:31:30.355+0000] {taskinstance.py:1087} INFO - Dependencies all met for <TaskInstance: co2balance.CleanData manual__2022-12-20T14:31:28.252722+00:00 [queued]>
[2022-12-20T14:31:30.367+0000] {taskinstance.py:1087} INFO - Dependencies all met for <TaskInstance: co2balance.CleanData manual__2022-12-20T14:31:28.252722+00:00 [queued]>
[2022-12-20T14:31:30.367+0000] {taskinstance.py:1283} INFO - 
--------------------------------------------------------------------------------
[2022-12-20T14:31:30.367+0000] {taskinstance.py:1284} INFO - Starting attempt 1 of 1
[2022-12-20T14:31:30.368+0000] {taskinstance.py:1285} INFO - 
--------------------------------------------------------------------------------
[2022-12-20T14:31:30.388+0000] {taskinstance.py:1304} INFO - Executing <Task(PythonOperator): CleanData> on 2022-12-20 14:31:28.252722+00:00
[2022-12-20T14:31:30.397+0000] {standard_task_runner.py:55} INFO - Started process 966 to run task
[2022-12-20T14:31:30.401+0000] {standard_task_runner.py:82} INFO - Running: ['***', 'tasks', 'run', 'co2balance', 'CleanData', 'manual__2022-12-20T14:31:28.252722+00:00', '--job-id', '20', '--raw', '--subdir', 'DAGS_FOLDER/co2balance.py', '--cfg-path', '/tmp/tmpzt3_6ug1']
[2022-12-20T14:31:30.403+0000] {standard_task_runner.py:83} INFO - Job 20: Subtask CleanData
[2022-12-20T14:31:30.522+0000] {task_command.py:389} INFO - Running <TaskInstance: co2balance.CleanData manual__2022-12-20T14:31:28.252722+00:00 [running]> on host 1a27c7ed0719
[2022-12-20T14:31:30.730+0000] {taskinstance.py:1513} INFO - Exporting the following env vars:
AIRFLOW_CTX_DAG_OWNER=CO2balance
AIRFLOW_CTX_DAG_ID=co2balance
AIRFLOW_CTX_TASK_ID=CleanData
AIRFLOW_CTX_EXECUTION_DATE=2022-12-20T14:31:28.252722+00:00
AIRFLOW_CTX_TRY_NUMBER=1
AIRFLOW_CTX_DAG_RUN_ID=manual__2022-12-20T14:31:28.252722+00:00
[2022-12-20T14:31:31.298+0000] {clean_project_file.py:16} INFO - Data read from excel file completed successfully
[2022-12-20T14:31:31.300+0000] {clean_project_file.py:53} INFO - Read headers from excel file completed successfully
[2022-12-20T14:31:31.300+0000] {clean_project_file.py:87} INFO - Renamed headers from excel file completed successfully
[2022-12-20T14:31:31.741+0000] {clean_project_file.py:106} INFO - Data cleaned into dataframe successfully
[2022-12-20T14:31:31.863+0000] {clean_project_file.py:108} INFO - Data written to excel file successfully
[2022-12-20T14:31:31.863+0000] {python.py:177} INFO - Done. Returned value was: True
[2022-12-20T14:31:31.909+0000] {taskinstance.py:1327} INFO - Marking task as SUCCESS. dag_id=co2balance, task_id=CleanData, execution_date=20221220T143128, start_date=20221220T143130, end_date=20221220T143131
[2022-12-20T14:31:31.949+0000] {local_task_job.py:159} INFO - Task exited with return code 0
[2022-12-20T14:31:31.976+0000] {taskinstance.py:2582} INFO - 0 downstream tasks scheduled from follow-on schedule check
