[2022-12-20T15:51:16.603+0000] {taskinstance.py:1087} INFO - Dependencies all met for <TaskInstance: co2balance.LoadProjectBase manual__2022-12-20T15:51:08.317475+00:00 [queued]>
[2022-12-20T15:51:16.616+0000] {taskinstance.py:1087} INFO - Dependencies all met for <TaskInstance: co2balance.LoadProjectBase manual__2022-12-20T15:51:08.317475+00:00 [queued]>
[2022-12-20T15:51:16.617+0000] {taskinstance.py:1283} INFO - 
--------------------------------------------------------------------------------
[2022-12-20T15:51:16.617+0000] {taskinstance.py:1284} INFO - Starting attempt 1 of 1
[2022-12-20T15:51:16.617+0000] {taskinstance.py:1285} INFO - 
--------------------------------------------------------------------------------
[2022-12-20T15:51:16.636+0000] {taskinstance.py:1304} INFO - Executing <Task(PythonOperator): LoadProjectBase> on 2022-12-20 15:51:08.317475+00:00
[2022-12-20T15:51:16.645+0000] {standard_task_runner.py:55} INFO - Started process 6187 to run task
[2022-12-20T15:51:16.649+0000] {standard_task_runner.py:82} INFO - Running: ['***', 'tasks', 'run', 'co2balance', 'LoadProjectBase', 'manual__2022-12-20T15:51:08.317475+00:00', '--job-id', '64', '--raw', '--subdir', 'DAGS_FOLDER/co2balance.py', '--cfg-path', '/tmp/tmp2_7yjbbv']
[2022-12-20T15:51:16.650+0000] {standard_task_runner.py:83} INFO - Job 64: Subtask LoadProjectBase
[2022-12-20T15:51:16.734+0000] {task_command.py:389} INFO - Running <TaskInstance: co2balance.LoadProjectBase manual__2022-12-20T15:51:08.317475+00:00 [running]> on host 1a27c7ed0719
[2022-12-20T15:51:16.829+0000] {taskinstance.py:1513} INFO - Exporting the following env vars:
AIRFLOW_CTX_DAG_OWNER=CO2balance
AIRFLOW_CTX_DAG_ID=co2balance
AIRFLOW_CTX_TASK_ID=LoadProjectBase
AIRFLOW_CTX_EXECUTION_DATE=2022-12-20T15:51:08.317475+00:00
AIRFLOW_CTX_TRY_NUMBER=1
AIRFLOW_CTX_DAG_RUN_ID=manual__2022-12-20T15:51:08.317475+00:00
[2022-12-20T15:51:17.206+0000] {logging_mixin.py:137} INFO - Country data inserted into database
[2022-12-20T15:51:17.223+0000] {logging_mixin.py:137} INFO - Project data inserted into database
[2022-12-20T15:51:17.233+0000] {project_base.py:42} INFO - enumerator data inserted into database
[2022-12-20T15:51:17.233+0000] {project_base.py:50} INFO - 84 enumerator data inserted into database
[2022-12-20T15:51:17.240+0000] {project_base.py:78} INFO - Region data inserted into database
[2022-12-20T15:51:17.241+0000] {project_base.py:50} INFO - 2 region data inserted into database
[2022-12-20T15:51:17.264+0000] {project_base.py:122} INFO - Village data inserted into database
[2022-12-20T15:51:17.265+0000] {project_base.py:50} INFO - 16 village data inserted into database
[2022-12-20T15:51:17.275+0000] {project_base.py:175} INFO - Fuel type data inserted into database
[2022-12-20T15:51:17.275+0000] {project_base.py:50} INFO - 4 fuel_type data inserted into database
[2022-12-20T15:51:17.343+0000] {python.py:177} INFO - Done. Returned value was: None
[2022-12-20T15:51:17.359+0000] {taskinstance.py:1327} INFO - Marking task as SUCCESS. dag_id=co2balance, task_id=LoadProjectBase, execution_date=20221220T155108, start_date=20221220T155116, end_date=20221220T155117
[2022-12-20T15:51:17.384+0000] {local_task_job.py:159} INFO - Task exited with return code 0
[2022-12-20T15:51:17.408+0000] {taskinstance.py:2582} INFO - 0 downstream tasks scheduled from follow-on schedule check
