[2022-12-22T11:10:12.297+0000] {taskinstance.py:1087} INFO - Dependencies all met for <TaskInstance: co2balance.TransformData manual__2022-12-22T11:10:00.122454+00:00 [queued]>
[2022-12-22T11:10:12.310+0000] {taskinstance.py:1087} INFO - Dependencies all met for <TaskInstance: co2balance.TransformData manual__2022-12-22T11:10:00.122454+00:00 [queued]>
[2022-12-22T11:10:12.310+0000] {taskinstance.py:1283} INFO - 
--------------------------------------------------------------------------------
[2022-12-22T11:10:12.310+0000] {taskinstance.py:1284} INFO - Starting attempt 1 of 1
[2022-12-22T11:10:12.310+0000] {taskinstance.py:1285} INFO - 
--------------------------------------------------------------------------------
[2022-12-22T11:10:12.333+0000] {taskinstance.py:1304} INFO - Executing <Task(PythonOperator): TransformData> on 2022-12-22 11:10:00.122454+00:00
[2022-12-22T11:10:12.343+0000] {standard_task_runner.py:55} INFO - Started process 4213 to run task
[2022-12-22T11:10:12.347+0000] {standard_task_runner.py:82} INFO - Running: ['***', 'tasks', 'run', 'co2balance', 'TransformData', 'manual__2022-12-22T11:10:00.122454+00:00', '--job-id', '94', '--raw', '--subdir', 'DAGS_FOLDER/co2balance.py', '--cfg-path', '/tmp/tmpjpfxcgyf']
[2022-12-22T11:10:12.349+0000] {standard_task_runner.py:83} INFO - Job 94: Subtask TransformData
[2022-12-22T11:10:12.466+0000] {task_command.py:389} INFO - Running <TaskInstance: co2balance.TransformData manual__2022-12-22T11:10:00.122454+00:00 [running]> on host 1a27c7ed0719
[2022-12-22T11:10:12.586+0000] {taskinstance.py:1513} INFO - Exporting the following env vars:
AIRFLOW_CTX_DAG_OWNER=CO2balance
AIRFLOW_CTX_DAG_ID=co2balance
AIRFLOW_CTX_TASK_ID=TransformData
AIRFLOW_CTX_EXECUTION_DATE=2022-12-22T11:10:00.122454+00:00
AIRFLOW_CTX_TRY_NUMBER=1
AIRFLOW_CTX_DAG_RUN_ID=manual__2022-12-22T11:10:00.122454+00:00
[2022-12-22T11:10:13.468+0000] {clean_project_file.py:16} INFO - Data read from excel file completed successfully
[2022-12-22T11:10:13.470+0000] {clean_project_file.py:53} INFO - Read headers from excel file completed successfully
[2022-12-22T11:10:13.471+0000] {clean_project_file.py:87} INFO - Renamed headers from excel file completed successfully
[2022-12-22T11:10:14.102+0000] {clean_project_file.py:106} INFO - Data Transformed  into dataframe successfully
[2022-12-22T11:10:14.272+0000] {clean_project_file.py:109} INFO - Data written to excel file successfully
[2022-12-22T11:10:14.320+0000] {python.py:177} INFO - Done. Returned value was: None
[2022-12-22T11:10:14.365+0000] {taskinstance.py:1327} INFO - Marking task as SUCCESS. dag_id=co2balance, task_id=TransformData, execution_date=20221222T111000, start_date=20221222T111012, end_date=20221222T111014
[2022-12-22T11:10:14.448+0000] {local_task_job.py:159} INFO - Task exited with return code 0
[2022-12-22T11:10:14.502+0000] {taskinstance.py:2582} INFO - 1 downstream tasks scheduled from follow-on schedule check
